1080 runs | 18 workers | num_iter=30
[1/1080] lcb/nrep03/seed01: skip(exists)
[2/1080] lcb/nrep03/seed02: skip(exists)
[3/1080] lcb/nrep03/seed09: ok(final_y=-4.201, 69.0s)
[4/1080] lcb/nrep03/seed17: ok(final_y=-3.313, 69.3s)
[5/1080] lcb/nrep03/seed07: ok(final_y=-3.84, 69.5s)
[6/1080] lcb/nrep03/seed04: ok(final_y=-4.205, 69.8s)
[7/1080] lcb/nrep03/seed06: ok(final_y=-6.072, 70.2s)
[8/1080] lcb/nrep03/seed19: ok(final_y=-8.741, 70.2s)
[9/1080] lcb/nrep03/seed08: ok(final_y=-7.855, 70.1s)
[10/1080] lcb/nrep03/seed13: ok(final_y=-2.161, 70.6s)
[11/1080] lcb/nrep03/seed05: ok(final_y=-17.71, 70.7s)
[12/1080] lcb/nrep03/seed03: ok(final_y=-2.292, 71.0s)
[13/1080] lcb/nrep03/seed15: ok(final_y=-5.27, 70.8s)
[14/1080] lcb/nrep05/seed01: skip(exists)
[15/1080] lcb/nrep05/seed02: skip(exists)
[16/1080] lcb/nrep03/seed14: ok(final_y=-0.6408, 71.0s)
[17/1080] lcb/nrep03/seed18: ok(final_y=-5.137, 71.5s)
[18/1080] lcb/nrep03/seed10: ok(final_y=-5.876, 71.6s)
[19/1080] lcb/nrep03/seed12: ok(final_y=-5.502, 71.4s)
[20/1080] lcb/nrep03/seed16: ok(final_y=-7.611, 72.8s)
[21/1080] lcb/nrep03/seed20: ok(final_y=-6.189, 73.1s)
[22/1080] lcb/nrep03/seed11: ok(final_y=-2.182, 75.7s)
[23/1080] lcb/nrep03/seed25: ok(final_y=-3.049, 67.6s)
[24/1080] lcb/nrep03/seed21: ok(final_y=-10.91, 69.0s)
[25/1080] lcb/nrep05/seed05: ok(final_y=-7.178, 67.2s)
[26/1080] lcb/nrep03/seed22: ok(final_y=-3.724, 70.1s)
[27/1080] lcb/nrep03/seed23: ok(final_y=-5.098, 70.0s)
[28/1080] lcb/nrep05/seed03: ok(final_y=-3.735, 68.9s)
[29/1080] lcb/nrep03/seed28: ok(final_y=-4.69, 69.3s)
[30/1080] lcb/nrep03/seed24: ok(final_y=-4.185, 70.8s)
[31/1080] lcb/nrep05/seed06: ok(final_y=-3.994, 69.1s)
[32/1080] lcb/nrep05/seed04: ok(final_y=-3.379, 69.8s)
[33/1080] lcb/nrep03/seed27: ok(final_y=-3.957, 70.3s)
[34/1080] lcb/nrep05/seed07: ok(final_y=-0.8887, 69.8s)
[35/1080] lcb/nrep03/seed26: ok(final_y=-7.903, 71.6s)
[36/1080] lcb/nrep05/seed08: ok(final_y=-2.932, 69.4s)
[37/1080] lcb/nrep03/seed30: ok(final_y=-5.839, 71.7s)
[38/1080] lcb/nrep03/seed29: ok(final_y=-4.778, 73.1s)
[39/1080] lcb/nrep05/seed09: ok(final_y=-4.781, 72.2s)
[40/1080] lcb/nrep05/seed10: ok(final_y=-3.883, 70.1s)
[41/1080] lcb/nrep05/seed12: ok(final_y=-4.559, 67.1s)
[42/1080] lcb/nrep05/seed13: ok(final_y=-3.971, 67.5s)
[43/1080] lcb/nrep05/seed15: ok(final_y=-5.78, 66.5s)
[44/1080] lcb/nrep10/seed01: skip(exists)
[45/1080] lcb/nrep10/seed02: skip(exists)
[46/1080] lcb/nrep05/seed19: ok(final_y=-2.657, 65.7s)
[47/1080] lcb/nrep05/seed16: ok(final_y=-1.921, 67.9s)
[48/1080] lcb/nrep05/seed20: ok(final_y=-3.461, 67.1s)
[49/1080] lcb/nrep05/seed22: ok(final_y=-4.756, 66.6s)
[50/1080] lcb/nrep05/seed14: ok(final_y=-7.63, 69.3s)
[51/1080] lcb/nrep05/seed17: ok(final_y=-7.662, 69.6s)
[52/1080] lcb/nrep05/seed11: ok(final_y=-0.5291, 72.0s)
[53/1080] lcb/nrep05/seed21: ok(final_y=-2.659, 69.6s)
[54/1080] lcb/nrep05/seed24: ok(final_y=-2.333, 68.3s)
[55/1080] lcb/nrep05/seed25: ok(final_y=-5.065, 69.2s)
[56/1080] lcb/nrep05/seed18: ok(final_y=-2.584, 71.8s)
[57/1080] lcb/nrep05/seed27: ok(final_y=-1.613, 67.4s)
[58/1080] lcb/nrep05/seed26: ok(final_y=-6.773, 69.5s)
[59/1080] lcb/nrep05/seed23: ok(final_y=-3.944, 71.9s)
[60/1080] lcb/nrep05/seed28: ok(final_y=-2.568, 70.7s)
[61/1080] lcb/nrep10/seed04: ok(final_y=-2.244, 68.7s)
[62/1080] lcb/nrep10/seed06: ok(final_y=-1.22, 68.7s)
[63/1080] lcb/nrep05/seed30: ok(final_y=-2.439, 71.0s)
[64/1080] lcb/nrep10/seed11: ok(final_y=-1.772, 66.7s)
[65/1080] lcb/nrep05/seed29: ok(final_y=-3.141, 72.0s)
[66/1080] lcb/nrep10/seed07: ok(final_y=-4.697, 69.3s)
[67/1080] lcb/nrep10/seed05: ok(final_y=-5.067, 69.6s)
[68/1080] lcb/nrep10/seed03: ok(final_y=-1.457, 71.3s)
[69/1080] lcb/nrep10/seed12: ok(final_y=-3.273, 68.7s)
[70/1080] lcb/nrep10/seed10: ok(final_y=-2.184, 69.4s)
[71/1080] lcb/nrep10/seed08: ok(final_y=-2.123, 70.9s)
[72/1080] lcb/nrep10/seed16: ok(final_y=-2.206, 66.3s)
[73/1080] lcb/nrep10/seed09: ok(final_y=-1.895, 71.8s)
[74/1080] lcb/nrep10/seed13: ok(final_y=0.1276, 69.7s)
[75/1080] lcb/nrep10/seed15: ok(final_y=-1.768, 68.8s)
[76/1080] lcb/nrep10/seed14: ok(final_y=-2.403, 70.0s)
[77/1080] lcb/nrep10/seed17: ok(final_y=-3.137, 71.4s)
[78/1080] lcb/nrep10/seed18: ok(final_y=-1.226, 69.3s)
[79/1080] lcb/nrep10/seed19: ok(final_y=-2.645, 68.2s)
[80/1080] lcb/nrep10/seed29: ok(final_y=-2.102, 64.4s)
[81/1080] lcb/nrep10/seed25: ok(final_y=-2.868, 66.7s)
[82/1080] lcb/nrep10/seed21: ok(final_y=-2.615, 67.1s)
[83/1080] lcb/nrep10/seed24: ok(final_y=-3.729, 68.3s)
[84/1080] lcb/nrep10/seed22: ok(final_y=-1.176, 68.6s)
[85/1080] lcb/nrep10/seed23: ok(final_y=-3.597, 68.6s)
[86/1080] lcb/nrep10/seed20: ok(final_y=-3.381, 69.4s)
[87/1080] lcb/nrep10/seed27: ok(final_y=-2.034, 67.0s)
[88/1080] lcb/nrep10/seed28: ok(final_y=-2.271, 68.8s)
[89/1080] lcb/nrep10/seed26: ok(final_y=-1.487, 71.1s)
[90/1080] lcb/nrep10/seed30: ok(final_y=-2.491, 69.6s)
[91/1080] pi/nrep03/seed03: ok(final_y=-4.794, 78.0s)
[92/1080] pi/nrep03/seed02: ok(final_y=-4.111, 86.1s)
[93/1080] pi/nrep03/seed04: ok(final_y=-3.826, 86.0s)
[94/1080] pi/nrep03/seed06: ok(final_y=-3.263, 82.6s)
[95/1080] pi/nrep03/seed01: ok(final_y=0.4665, 92.3s)
[96/1080] pi/nrep03/seed05: ok(final_y=-6.118, 94.9s)
[97/1080] pi/nrep03/seed15: ok(final_y=-5.517, 72.0s)
[98/1080] pi/nrep03/seed11: ok(final_y=-3.539, 81.2s)
[99/1080] pi/nrep03/seed08: ok(final_y=-9.678, 85.0s)
[100/1080] pi/nrep03/seed10: ok(final_y=-4.384, 85.1s)
[101/1080] pi/nrep03/seed14: ok(final_y=-3.027, 83.5s)
[102/1080] pi/nrep03/seed17: ok(final_y=-3.724, 82.3s)
[103/1080] pi/nrep03/seed12: ok(final_y=-6.042, 87.8s)
[104/1080] pi/nrep03/seed22: ok(final_y=-4.377, 67.9s)
[105/1080] pi/nrep03/seed18: ok(final_y=-4.144, 87.4s)
[106/1080] pi/nrep03/seed09: ok(final_y=-5.004, 93.2s)
[107/1080] pi/nrep03/seed07: ok(final_y=-3.178, 94.4s)
[108/1080] pi/nrep03/seed16: ok(final_y=-3.48, 90.7s)
[109/1080] pi/nrep03/seed13: ok(final_y=-7.171, 95.0s)
[110/1080] pi/nrep03/seed19: ok(final_y=-1.951, 87.9s)
[111/1080] pi/nrep03/seed21: ok(final_y=-4.091, 84.0s)
[112/1080] pi/nrep03/seed23: ok(final_y=-2.937, 87.4s)
