1080 runs | 8 workers | num_iter=30
[1/1080] lcb/nrep03/seed02: skip(exists)
[2/1080] lcb/nrep03/seed03: skip(exists)
[3/1080] lcb/nrep03/seed01: skip(exists)
[4/1080] lcb/nrep03/seed04: skip(exists)
[5/1080] lcb/nrep03/seed05: skip(exists)
[6/1080] lcb/nrep03/seed09: skip(exists)
[7/1080] lcb/nrep03/seed07: skip(exists)
[8/1080] lcb/nrep03/seed06: skip(exists)
[9/1080] lcb/nrep03/seed08: skip(exists)
[10/1080] lcb/nrep03/seed10: skip(exists)
[11/1080] lcb/nrep03/seed11: skip(exists)
[12/1080] lcb/nrep03/seed12: skip(exists)
[13/1080] lcb/nrep03/seed13: skip(exists)
[14/1080] lcb/nrep03/seed14: skip(exists)
[15/1080] lcb/nrep03/seed15: skip(exists)
[16/1080] lcb/nrep03/seed18: skip(exists)
[17/1080] lcb/nrep03/seed16: skip(exists)
[18/1080] lcb/nrep03/seed19: skip(exists)
[19/1080] lcb/nrep03/seed17: skip(exists)
[20/1080] lcb/nrep03/seed20: skip(exists)
[21/1080] lcb/nrep03/seed22: skip(exists)
[22/1080] lcb/nrep03/seed21: skip(exists)
[23/1080] lcb/nrep03/seed24: skip(exists)
[24/1080] lcb/nrep03/seed25: skip(exists)
[25/1080] lcb/nrep03/seed23: skip(exists)
[26/1080] lcb/nrep03/seed26: skip(exists)
[27/1080] lcb/nrep03/seed28: skip(exists)
[28/1080] lcb/nrep03/seed27: skip(exists)
[29/1080] lcb/nrep03/seed29: skip(exists)
[30/1080] lcb/nrep03/seed30: skip(exists)
[31/1080] lcb/nrep05/seed01: skip(exists)
[32/1080] lcb/nrep05/seed02: skip(exists)
[33/1080] lcb/nrep05/seed03: skip(exists)
[34/1080] lcb/nrep05/seed04: skip(exists)
[35/1080] lcb/nrep05/seed05: skip(exists)
[36/1080] lcb/nrep05/seed06: skip(exists)
[37/1080] lcb/nrep05/seed07: skip(exists)
[38/1080] lcb/nrep05/seed08: skip(exists)
[39/1080] lcb/nrep05/seed10: skip(exists)
[40/1080] lcb/nrep05/seed14: skip(exists)
[41/1080] lcb/nrep05/seed11: skip(exists)
[42/1080] lcb/nrep05/seed13: skip(exists)
[43/1080] lcb/nrep05/seed09: skip(exists)
[44/1080] lcb/nrep05/seed12: skip(exists)
[45/1080] lcb/nrep05/seed15: skip(exists)
[46/1080] lcb/nrep05/seed16: skip(exists)
[47/1080] lcb/nrep05/seed17: skip(exists)
[48/1080] lcb/nrep05/seed18: skip(exists)
[49/1080] lcb/nrep05/seed19: skip(exists)
[50/1080] lcb/nrep05/seed20: skip(exists)
[51/1080] lcb/nrep05/seed21: skip(exists)
[52/1080] lcb/nrep05/seed25: skip(exists)
[53/1080] lcb/nrep05/seed23: skip(exists)
[54/1080] lcb/nrep05/seed26: skip(exists)
[55/1080] lcb/nrep05/seed27: skip(exists)
[56/1080] lcb/nrep05/seed22: skip(exists)
[57/1080] lcb/nrep05/seed28: skip(exists)
[58/1080] lcb/nrep05/seed24: skip(exists)
[59/1080] lcb/nrep05/seed29: skip(exists)
[60/1080] lcb/nrep05/seed30: skip(exists)
[61/1080] lcb/nrep10/seed01: skip(exists)
[62/1080] lcb/nrep10/seed02: skip(exists)
[63/1080] lcb/nrep10/seed03: skip(exists)
[64/1080] lcb/nrep10/seed04: skip(exists)
[65/1080] lcb/nrep10/seed05: skip(exists)
[66/1080] lcb/nrep10/seed07: skip(exists)
[67/1080] lcb/nrep10/seed08: skip(exists)
[68/1080] lcb/nrep10/seed06: skip(exists)
[69/1080] lcb/nrep10/seed09: skip(exists)
[70/1080] lcb/nrep10/seed10: skip(exists)
[71/1080] lcb/nrep10/seed11: skip(exists)
[72/1080] lcb/nrep10/seed12: skip(exists)
[73/1080] lcb/nrep10/seed13: skip(exists)
[74/1080] lcb/nrep10/seed14: skip(exists)
[75/1080] lcb/nrep10/seed15: skip(exists)
[76/1080] lcb/nrep10/seed16: skip(exists)
[77/1080] lcb/nrep10/seed17: skip(exists)
[78/1080] lcb/nrep10/seed18: skip(exists)
[79/1080] lcb/nrep10/seed19: skip(exists)
[80/1080] lcb/nrep10/seed20: skip(exists)
[81/1080] lcb/nrep10/seed21: skip(exists)
[82/1080] lcb/nrep10/seed22: skip(exists)
[83/1080] lcb/nrep10/seed26: skip(exists)
[84/1080] lcb/nrep10/seed27: skip(exists)
[85/1080] lcb/nrep10/seed23: skip(exists)
[86/1080] lcb/nrep10/seed28: skip(exists)
[87/1080] lcb/nrep10/seed25: skip(exists)
[88/1080] lcb/nrep10/seed24: skip(exists)
[89/1080] lcb/nrep10/seed30: skip(exists)
[90/1080] lcb/nrep10/seed29: skip(exists)
[91/1080] pi/nrep03/seed01: skip(exists)
[92/1080] pi/nrep03/seed02: skip(exists)
[93/1080] pi/nrep03/seed03: skip(exists)
[94/1080] pi/nrep03/seed04: skip(exists)
[95/1080] pi/nrep03/seed07: skip(exists)
[96/1080] pi/nrep03/seed05: skip(exists)
[97/1080] pi/nrep03/seed06: skip(exists)
[98/1080] pi/nrep03/seed09: skip(exists)
[99/1080] pi/nrep03/seed08: skip(exists)
[100/1080] pi/nrep03/seed10: skip(exists)
[101/1080] pi/nrep03/seed11: skip(exists)
[102/1080] pi/nrep03/seed13: skip(exists)
[103/1080] pi/nrep03/seed12: skip(exists)
[104/1080] pi/nrep03/seed15: skip(exists)
[105/1080] pi/nrep03/seed14: skip(exists)
[106/1080] pi/nrep03/seed16: skip(exists)
[107/1080] pi/nrep03/seed18: skip(exists)
[108/1080] pi/nrep03/seed17: skip(exists)
[109/1080] pi/nrep03/seed19: skip(exists)
[110/1080] pi/nrep03/seed20: skip(exists)
[111/1080] pi/nrep03/seed22: skip(exists)
[112/1080] pi/nrep03/seed21: skip(exists)
[113/1080] pi/nrep03/seed23: skip(exists)
[114/1080] pi/nrep03/seed25: skip(exists)
[115/1080] pi/nrep03/seed24: skip(exists)
[116/1080] pi/nrep03/seed26: skip(exists)
[117/1080] pi/nrep03/seed27: skip(exists)
[118/1080] pi/nrep03/seed28: skip(exists)
[119/1080] pi/nrep03/seed29: skip(exists)
[120/1080] pi/nrep03/seed30: skip(exists)
[121/1080] pi/nrep05/seed01: skip(exists)
[122/1080] pi/nrep05/seed02: skip(exists)
[123/1080] pi/nrep05/seed03: skip(exists)
[124/1080] pi/nrep05/seed04: skip(exists)
[125/1080] pi/nrep05/seed05: skip(exists)
[126/1080] pi/nrep05/seed06: skip(exists)
[127/1080] pi/nrep05/seed07: skip(exists)
[128/1080] pi/nrep05/seed08: skip(exists)
[129/1080] pi/nrep05/seed10: skip(exists)
[130/1080] pi/nrep05/seed09: skip(exists)
[131/1080] pi/nrep05/seed11: skip(exists)
[132/1080] pi/nrep05/seed12: skip(exists)
[133/1080] pi/nrep05/seed13: skip(exists)
[134/1080] pi/nrep05/seed15: skip(exists)
[135/1080] pi/nrep05/seed14: skip(exists)
[136/1080] pi/nrep05/seed17: skip(exists)
[137/1080] pi/nrep05/seed16: skip(exists)
[138/1080] pi/nrep05/seed18: skip(exists)
[139/1080] pi/nrep05/seed20: skip(exists)
[140/1080] pi/nrep05/seed19: skip(exists)
[141/1080] pi/nrep05/seed21: skip(exists)
[142/1080] pi/nrep05/seed22: skip(exists)
[143/1080] pi/nrep05/seed23: skip(exists)
[144/1080] pi/nrep05/seed24: skip(exists)
[145/1080] pi/nrep05/seed25: skip(exists)
[146/1080] pi/nrep05/seed26: skip(exists)
[147/1080] pi/nrep05/seed30: skip(exists)
[148/1080] pi/nrep05/seed28: skip(exists)
[149/1080] pi/nrep05/seed29: skip(exists)
[150/1080] pi/nrep05/seed27: skip(exists)
[151/1080] pi/nrep10/seed01: skip(exists)
[152/1080] pi/nrep10/seed02: skip(exists)
[153/1080] pi/nrep10/seed03: skip(exists)
[154/1080] pi/nrep10/seed04: skip(exists)
[155/1080] pi/nrep10/seed05: skip(exists)
[156/1080] pi/nrep10/seed06: skip(exists)
[157/1080] pi/nrep10/seed07: skip(exists)
[158/1080] pi/nrep10/seed08: skip(exists)
[159/1080] pi/nrep10/seed10: skip(exists)
[160/1080] pi/nrep10/seed09: skip(exists)
[161/1080] pi/nrep10/seed11: skip(exists)
[162/1080] pi/nrep10/seed12: skip(exists)
[163/1080] pi/nrep10/seed13: skip(exists)
[164/1080] pi/nrep10/seed14: skip(exists)
[165/1080] pi/nrep10/seed16: skip(exists)
[166/1080] pi/nrep10/seed15: skip(exists)
[167/1080] pi/nrep10/seed17: skip(exists)
[168/1080] pi/nrep10/seed19: skip(exists)
[169/1080] pi/nrep10/seed18: skip(exists)
[170/1080] pi/nrep10/seed20: skip(exists)
[171/1080] pi/nrep10/seed21: skip(exists)
[172/1080] pi/nrep10/seed23: skip(exists)
[173/1080] pi/nrep10/seed22: skip(exists)
[174/1080] pi/nrep10/seed24: skip(exists)
[175/1080] pi/nrep10/seed25: skip(exists)
[176/1080] pi/nrep10/seed26: skip(exists)
[177/1080] pi/nrep10/seed27: skip(exists)
[178/1080] pi/nrep10/seed28: skip(exists)
[179/1080] pi/nrep10/seed29: skip(exists)
[180/1080] pi/nrep10/seed30: skip(exists)
[181/1080] ei/nrep03/seed01: skip(exists)
[182/1080] ei/nrep03/seed02: skip(exists)
[183/1080] ei/nrep03/seed03: skip(exists)
[184/1080] ei/nrep03/seed04: skip(exists)
[185/1080] ei/nrep03/seed05: skip(exists)
[186/1080] ei/nrep03/seed06: skip(exists)
[187/1080] ei/nrep03/seed07: skip(exists)
[188/1080] ei/nrep03/seed08: skip(exists)
[189/1080] ei/nrep03/seed09: skip(exists)
[190/1080] ei/nrep03/seed10: skip(exists)
[191/1080] ei/nrep03/seed11: skip(exists)
[192/1080] ei/nrep03/seed12: skip(exists)
[193/1080] ei/nrep03/seed13: skip(exists)
[194/1080] ei/nrep03/seed16: skip(exists)
[195/1080] ei/nrep03/seed14: skip(exists)
[196/1080] ei/nrep03/seed18: skip(exists)
[197/1080] ei/nrep03/seed17: skip(exists)
[198/1080] ei/nrep03/seed15: skip(exists)
[199/1080] ei/nrep03/seed19: skip(exists)
[200/1080] ei/nrep03/seed20: skip(exists)
[201/1080] ei/nrep03/seed22: skip(exists)
[202/1080] ei/nrep03/seed21: skip(exists)
[203/1080] ei/nrep03/seed24: skip(exists)
[204/1080] ei/nrep03/seed23: skip(exists)
[205/1080] ei/nrep03/seed25: skip(exists)
[206/1080] ei/nrep03/seed29: skip(exists)
[207/1080] ei/nrep03/seed26: skip(exists)
[208/1080] ei/nrep03/seed28: skip(exists)
[209/1080] ei/nrep03/seed27: skip(exists)
[210/1080] ei/nrep03/seed30: skip(exists)
[211/1080] ei/nrep05/seed01: skip(exists)
[212/1080] ei/nrep05/seed04: skip(exists)
[213/1080] ei/nrep05/seed02: skip(exists)
[214/1080] ei/nrep05/seed03: skip(exists)
[215/1080] ei/nrep05/seed05: skip(exists)
[216/1080] ei/nrep05/seed06: skip(exists)
[217/1080] ei/nrep05/seed08: skip(exists)
[218/1080] ei/nrep05/seed07: skip(exists)
[219/1080] ei/nrep05/seed09: skip(exists)
[220/1080] ei/nrep05/seed10: skip(exists)
[221/1080] ei/nrep05/seed11: skip(exists)
[222/1080] ei/nrep05/seed12: skip(exists)
[223/1080] ei/nrep05/seed14: skip(exists)
[224/1080] ei/nrep05/seed13: skip(exists)
[225/1080] ei/nrep05/seed18: skip(exists)
[226/1080] ei/nrep05/seed15: skip(exists)
[227/1080] ei/nrep05/seed17: skip(exists)
[228/1080] ei/nrep05/seed20: skip(exists)
[229/1080] ei/nrep05/seed16: skip(exists)
[230/1080] ei/nrep05/seed19: skip(exists)
[231/1080] ei/nrep05/seed21: skip(exists)
[232/1080] ei/nrep05/seed23: skip(exists)
[233/1080] ei/nrep05/seed22: skip(exists)
[234/1080] ei/nrep05/seed26: skip(exists)
[235/1080] ei/nrep05/seed24: skip(exists)
[236/1080] ei/nrep05/seed25: skip(exists)
[237/1080] ei/nrep05/seed27: skip(exists)
[238/1080] ei/nrep05/seed28: skip(exists)
[239/1080] ei/nrep05/seed29: skip(exists)
[240/1080] ei/nrep05/seed30: skip(exists)
[241/1080] ei/nrep10/seed01: skip(exists)
[242/1080] ei/nrep10/seed02: skip(exists)
[243/1080] ei/nrep10/seed03: skip(exists)
[244/1080] ei/nrep10/seed06: skip(exists)
[245/1080] ei/nrep10/seed07: skip(exists)
[246/1080] ei/nrep10/seed05: skip(exists)
[247/1080] ei/nrep10/seed10: skip(exists)
[248/1080] ei/nrep10/seed04: skip(exists)
[249/1080] ei/nrep10/seed08: skip(exists)
[250/1080] ei/nrep10/seed11: skip(exists)
[251/1080] ei/nrep10/seed09: skip(exists)
[252/1080] ei/nrep10/seed15: skip(exists)
[253/1080] ei/nrep10/seed13: skip(exists)
[254/1080] ei/nrep10/seed12: skip(exists)
[255/1080] ei/nrep10/seed14: skip(exists)
[256/1080] ei/nrep10/seed20: skip(exists)
[257/1080] ei/nrep10/seed16: skip(exists)
[258/1080] ei/nrep10/seed17: skip(exists)
[259/1080] ei/nrep10/seed18: skip(exists)
[260/1080] ei/nrep10/seed19: skip(exists)
[261/1080] ei/nrep10/seed21: skip(exists)
[262/1080] ei/nrep10/seed24: skip(exists)
[263/1080] ei/nrep10/seed22: skip(exists)
[264/1080] ei/nrep10/seed23: skip(exists)
[265/1080] ei/nrep10/seed25: skip(exists)
[266/1080] ei/nrep10/seed26: skip(exists)
[267/1080] ei/nrep10/seed27: skip(exists)
[268/1080] ei/nrep10/seed30: skip(exists)
[269/1080] ei/nrep10/seed28: skip(exists)
[270/1080] ei/nrep10/seed29: skip(exists)
[271/1080] haei_g0.5/nrep03/seed01: skip(exists)
[272/1080] haei_g0.5/nrep03/seed02: skip(exists)
[273/1080] haei_g0.5/nrep03/seed06: skip(exists)
[274/1080] haei_g0.5/nrep03/seed03: skip(exists)
[275/1080] haei_g0.5/nrep03/seed05: skip(exists)
[276/1080] haei_g0.5/nrep03/seed09: skip(exists)
[277/1080] haei_g0.5/nrep03/seed04: skip(exists)
[278/1080] haei_g0.5/nrep03/seed07: skip(exists)
[279/1080] haei_g0.5/nrep03/seed08: skip(exists)
[280/1080] haei_g0.5/nrep03/seed10: skip(exists)
[281/1080] haei_g0.5/nrep03/seed11: skip(exists)
[282/1080] haei_g0.5/nrep03/seed12: skip(exists)
[283/1080] haei_g0.5/nrep03/seed13: skip(exists)
[284/1080] haei_g0.5/nrep03/seed14: skip(exists)
[285/1080] haei_g0.5/nrep03/seed15: skip(exists)
[286/1080] haei_g0.5/nrep03/seed19: skip(exists)
[287/1080] haei_g0.5/nrep03/seed16: skip(exists)
[288/1080] haei_g0.5/nrep03/seed17: skip(exists)
[289/1080] haei_g0.5/nrep03/seed18: skip(exists)
[290/1080] haei_g0.5/nrep03/seed20: skip(exists)
[291/1080] haei_g0.5/nrep03/seed21: skip(exists)
[292/1080] haei_g0.5/nrep03/seed24: skip(exists)
[293/1080] haei_g0.5/nrep03/seed22: skip(exists)
[294/1080] haei_g0.5/nrep03/seed27: skip(exists)
[295/1080] haei_g0.5/nrep03/seed25: skip(exists)
[296/1080] haei_g0.5/nrep03/seed26: skip(exists)
[297/1080] haei_g0.5/nrep03/seed23: skip(exists)
[298/1080] haei_g0.5/nrep03/seed28: skip(exists)
[299/1080] haei_g0.5/nrep03/seed29: skip(exists)
[300/1080] haei_g0.5/nrep03/seed30: ok(final_y=-6.876, 13.3s)
[301/1080] haei_g0.5/nrep05/seed05: ok(final_y=-1.521, 13.4s)
[302/1080] haei_g0.5/nrep05/seed07: ok(final_y=0.05663, 13.7s)
[303/1080] haei_g0.5/nrep05/seed03: ok(final_y=-3.234, 13.7s)
[304/1080] haei_g0.5/nrep05/seed04: ok(final_y=2.337, 13.7s)
[305/1080] haei_g0.5/nrep05/seed01: ok(final_y=-0.3498, 13.7s)
[306/1080] haei_g0.5/nrep05/seed06: ok(final_y=-1.162, 14.4s)
[307/1080] haei_g0.5/nrep05/seed02: ok(final_y=-3.266, 14.4s)
[308/1080] haei_g0.5/nrep05/seed11: ok(final_y=-0.9566, 13.1s)
[309/1080] haei_g0.5/nrep05/seed10: ok(final_y=-2.148, 13.1s)
[310/1080] haei_g0.5/nrep05/seed08: ok(final_y=-0.04579, 13.5s)
[311/1080] haei_g0.5/nrep05/seed13: ok(final_y=-3.298, 13.5s)
[312/1080] haei_g0.5/nrep05/seed12: ok(final_y=-4.559, 13.6s)
[313/1080] haei_g0.5/nrep05/seed09: ok(final_y=-0.4266, 14.1s)
[314/1080] haei_g0.5/nrep05/seed14: ok(final_y=0.1632, 13.7s)
[315/1080] haei_g0.5/nrep05/seed15: ok(final_y=-0.6296, 13.7s)
[316/1080] haei_g0.5/nrep05/seed17: ok(final_y=-2.375, 12.9s)
[317/1080] haei_g0.5/nrep05/seed19: ok(final_y=-1.536, 13.3s)
[318/1080] haei_g0.5/nrep05/seed22: ok(final_y=-4.756, 12.5s)
[319/1080] haei_g0.5/nrep05/seed18: ok(final_y=-1.599, 13.9s)
[320/1080] haei_g0.5/nrep05/seed20: ok(final_y=-0.1884, 13.4s)
[321/1080] haei_g0.5/nrep05/seed21: ok(final_y=-5.23, 13.2s)
[322/1080] haei_g0.5/nrep05/seed23: ok(final_y=-3.023, 12.6s)
[323/1080] haei_g0.5/nrep05/seed16: ok(final_y=0.4157, 14.0s)
[324/1080] haei_g0.5/nrep05/seed26: ok(final_y=-2.401, 12.7s)
[325/1080] haei_g0.5/nrep05/seed24: ok(final_y=-1.127, 13.8s)
[326/1080] haei_g0.5/nrep05/seed27: ok(final_y=-5.087, 13.3s)
[327/1080] haei_g0.5/nrep05/seed25: ok(final_y=-2.194, 13.6s)
[328/1080] haei_g0.5/nrep05/seed30: ok(final_y=-2.233, 13.5s)
[329/1080] haei_g0.5/nrep10/seed01: ok(final_y=-3.009, 13.5s)
[330/1080] haei_g0.5/nrep05/seed28: ok(final_y=-1.791, 13.7s)
[331/1080] haei_g0.5/nrep05/seed29: ok(final_y=-2.866, 13.8s)
[332/1080] haei_g0.5/nrep10/seed03: ok(final_y=0.03854, 13.4s)
[333/1080] haei_g0.5/nrep10/seed02: ok(final_y=-0.8012, 13.9s)
[334/1080] haei_g0.5/nrep10/seed06: ok(final_y=0.3548, 13.2s)
[335/1080] haei_g0.5/nrep10/seed05: ok(final_y=-5.067, 13.8s)
[336/1080] haei_g0.5/nrep10/seed09: ok(final_y=0.004161, 13.5s)
[337/1080] haei_g0.5/nrep10/seed07: ok(final_y=-4.697, 13.7s)
[338/1080] haei_g0.5/nrep10/seed04: ok(final_y=-1.739, 14.3s)
[339/1080] haei_g0.5/nrep10/seed08: ok(final_y=-0.146, 14.0s)
[340/1080] haei_g0.5/nrep10/seed11: ok(final_y=-1.37, 13.7s)
[341/1080] haei_g0.5/nrep10/seed10: ok(final_y=-1.254, 14.0s)
[342/1080] haei_g0.5/nrep10/seed12: ok(final_y=-1.791, 14.4s)
[343/1080] haei_g0.5/nrep10/seed13: ok(final_y=-1.883, 14.1s)
[344/1080] haei_g0.5/nrep10/seed16: ok(final_y=-1.232, 13.8s)
[345/1080] haei_g0.5/nrep10/seed17: ok(final_y=0.9001, 13.9s)
[346/1080] haei_g0.5/nrep10/seed15: ok(final_y=-1.429, 14.2s)
[347/1080] haei_g0.5/nrep10/seed14: ok(final_y=-1.287, 14.4s)
[348/1080] haei_g0.5/nrep10/seed19: ok(final_y=0.02337, 14.1s)
[349/1080] haei_g0.5/nrep10/seed18: ok(final_y=-1.429, 14.4s)
[350/1080] haei_g0.5/nrep10/seed24: ok(final_y=-4.398, 13.9s)
[351/1080] haei_g0.5/nrep10/seed23: ok(final_y=-3.13, 14.3s)
[352/1080] haei_g0.5/nrep10/seed21: ok(final_y=-2.515, 14.6s)
[353/1080] haei_g0.5/nrep10/seed20: ok(final_y=-1.263, 14.9s)
[354/1080] haei_g0.5/nrep10/seed22: ok(final_y=0.07108, 14.7s)
[355/1080] haei_g0.5/nrep10/seed25: ok(final_y=-1.087, 14.5s)
[356/1080] haei_g0.5/nrep10/seed26: ok(final_y=-0.3954, 14.0s)
[357/1080] haei_g0.5/nrep10/seed27: ok(final_y=-1.193, 14.6s)
[358/1080] haei_g0.5/nrep10/seed28: ok(final_y=-4.574, 14.4s)
[359/1080] haei_g0.5/nrep10/seed29: ok(final_y=-0.2766, 14.4s)
[360/1080] haei_g0.5/nrep10/seed30: ok(final_y=-1.239, 14.4s)
[361/1080] haei_g1/nrep03/seed03: ok(final_y=0.4322, 14.7s)
[362/1080] haei_g1/nrep03/seed01: ok(final_y=-2.471, 15.1s)
[363/1080] haei_g1/nrep03/seed02: ok(final_y=-4.604, 15.6s)
[364/1080] haei_g1/nrep03/seed04: ok(final_y=-2.899, 14.6s)
[365/1080] haei_g1/nrep03/seed09: ok(final_y=-2.715, 13.8s)
[366/1080] haei_g1/nrep03/seed05: ok(final_y=-3.798, 15.5s)
[367/1080] haei_g1/nrep03/seed10: ok(final_y=-5.959, 13.9s)
[368/1080] haei_g1/nrep03/seed06: ok(final_y=-6.015, 15.2s)
[369/1080] haei_g1/nrep03/seed08: ok(final_y=-4.755, 14.8s)
[370/1080] haei_g1/nrep03/seed07: ok(final_y=-3.855, 15.7s)
[371/1080] haei_g1/nrep03/seed11: ok(final_y=-2.459, 14.7s)
[372/1080] haei_g1/nrep03/seed12: ok(final_y=-4.803, 15.2s)
[373/1080] haei_g1/nrep03/seed13: ok(final_y=-4.21, 14.1s)
[374/1080] haei_g1/nrep03/seed16: ok(final_y=-3.48, 13.7s)
[375/1080] haei_g1/nrep03/seed17: ok(final_y=0.3372, 14.5s)
[376/1080] haei_g1/nrep03/seed18: ok(final_y=-6.034, 13.9s)
[377/1080] haei_g1/nrep03/seed15: ok(final_y=-4.696, 15.2s)
[378/1080] haei_g1/nrep03/seed14: ok(final_y=0.647, 15.8s)
[379/1080] haei_g1/nrep03/seed19: ok(final_y=-8.741, 15.3s)
[380/1080] haei_g1/nrep03/seed20: ok(final_y=-4.596, 14.8s)
[381/1080] haei_g1/nrep03/seed23: ok(final_y=-1.055, 14.1s)
[382/1080] haei_g1/nrep03/seed21: ok(final_y=-3.098, 15.8s)
[383/1080] haei_g1/nrep03/seed22: ok(final_y=1.486, 15.8s)
[384/1080] haei_g1/nrep03/seed26: ok(final_y=-3.683, 14.2s)
[385/1080] haei_g1/nrep03/seed24: ok(final_y=-2.671, 15.3s)
[386/1080] haei_g1/nrep03/seed25: ok(final_y=0.03853, 15.8s)
[387/1080] haei_g1/nrep03/seed27: ok(final_y=-0.333, 15.0s)
[388/1080] haei_g1/nrep03/seed28: ok(final_y=-2.825, 14.6s)
[389/1080] haei_g1/nrep03/seed30: ok(final_y=-1.887, 14.6s)
[390/1080] haei_g1/nrep05/seed01: ok(final_y=-3.837, 14.4s)
[391/1080] haei_g1/nrep03/seed29: ok(final_y=-1.5, 15.8s)
[392/1080] haei_g1/nrep05/seed03: ok(final_y=0.1756, 14.7s)
[393/1080] haei_g1/nrep05/seed02: ok(final_y=-5.024, 15.2s)
[394/1080] haei_g1/nrep05/seed04: ok(final_y=1.974, 14.6s)
[395/1080] haei_g1/nrep05/seed05: ok(final_y=-1.265, 14.8s)
[396/1080] haei_g1/nrep05/seed06: ok(final_y=-4.111, 15.5s)
[397/1080] haei_g1/nrep05/seed07: ok(final_y=-0.3039, 14.2s)
[398/1080] haei_g1/nrep05/seed08: ok(final_y=-2.028, 15.0s)
[399/1080] haei_g1/nrep05/seed10: ok(final_y=-3.942, 14.5s)
[400/1080] haei_g1/nrep05/seed09: ok(final_y=-0.4243, 14.9s)
[401/1080] haei_g1/nrep05/seed11: ok(final_y=2.292, 14.9s)
[402/1080] haei_g1/nrep05/seed12: ok(final_y=-4.559, 15.1s)
[403/1080] haei_g1/nrep05/seed13: ok(final_y=-3.102, 14.8s)
[404/1080] haei_g1/nrep05/seed17: ok(final_y=-3.576, 14.0s)
[405/1080] haei_g1/nrep05/seed14: ok(final_y=-2.747, 15.6s)
[406/1080] haei_g1/nrep05/seed15: ok(final_y=-5.432, 15.9s)
[407/1080] haei_g1/nrep05/seed18: ok(final_y=-1.828, 14.9s)
[408/1080] haei_g1/nrep05/seed16: ok(final_y=0.4157, 15.5s)
[409/1080] haei_g1/nrep05/seed19: ok(final_y=0.1517, 14.6s)
[410/1080] haei_g1/nrep05/seed20: ok(final_y=0.1792, 14.8s)
[411/1080] haei_g1/nrep05/seed21: ok(final_y=0.2448, 14.8s)
[412/1080] haei_g1/nrep05/seed23: ok(final_y=-3.839, 13.9s)
[413/1080] haei_g1/nrep05/seed22: ok(final_y=-4.756, 14.6s)
[414/1080] haei_g1/nrep05/seed26: ok(final_y=-0.4937, 14.2s)
[415/1080] haei_g1/nrep05/seed27: ok(final_y=-5.087, 14.2s)
[416/1080] haei_g1/nrep05/seed24: ok(final_y=-3.455, 14.7s)
[417/1080] haei_g1/nrep05/seed25: ok(final_y=-5.065, 14.7s)
[418/1080] haei_g1/nrep05/seed28: ok(final_y=0.4277, 14.9s)
[419/1080] haei_g1/nrep05/seed29: ok(final_y=-2.318, 15.2s)
[420/1080] haei_g1/nrep10/seed01: ok(final_y=-3.009, 14.5s)
[421/1080] haei_g1/nrep05/seed30: ok(final_y=-1.749, 15.0s)
[422/1080] haei_g1/nrep10/seed03: ok(final_y=-1.667, 14.5s)
[423/1080] haei_g1/nrep10/seed04: ok(final_y=-1.695, 14.7s)
[424/1080] haei_g1/nrep10/seed02: ok(final_y=-0.8012, 15.0s)
[425/1080] haei_g1/nrep10/seed05: ok(final_y=-5.067, 14.7s)
[426/1080] haei_g1/nrep10/seed06: ok(final_y=-0.6682, 15.2s)
[427/1080] haei_g1/nrep10/seed07: ok(final_y=-4.697, 14.6s)
[428/1080] haei_g1/nrep10/seed09: ok(final_y=0.05677, 14.2s)
[429/1080] haei_g1/nrep10/seed10: ok(final_y=-0.5705, 14.0s)
[430/1080] haei_g1/nrep10/seed08: ok(final_y=-2.525, 14.8s)
[431/1080] haei_g1/nrep10/seed11: ok(final_y=-1.37, 14.2s)
[432/1080] haei_g1/nrep10/seed13: ok(final_y=0.4572, 14.0s)
[433/1080] haei_g1/nrep10/seed12: ok(final_y=-1.548, 14.3s)
[434/1080] haei_g1/nrep10/seed14: ok(final_y=-1.287, 14.5s)
[435/1080] haei_g1/nrep10/seed15: ok(final_y=-1.283, 14.8s)
[436/1080] haei_g1/nrep10/seed16: ok(final_y=-1.594, 15.0s)
[437/1080] haei_g1/nrep10/seed17: ok(final_y=-2.313, 14.6s)
[438/1080] haei_g1/nrep10/seed18: ok(final_y=-1.262, 14.8s)
[439/1080] haei_g1/nrep10/seed19: ok(final_y=-0.5075, 14.6s)
[440/1080] haei_g1/nrep10/seed20: ok(final_y=-2.467, 14.8s)
[441/1080] haei_g1/nrep10/seed21: ok(final_y=-2.421, 14.9s)
[442/1080] haei_g1/nrep10/seed22: ok(final_y=-1.11, 14.5s)
[443/1080] haei_g1/nrep10/seed23: ok(final_y=-1.693, 14.6s)
[444/1080] haei_g1/nrep10/seed26: ok(final_y=0.0975, 13.4s)
[445/1080] haei_g1/nrep10/seed24: ok(final_y=-3.729, 14.6s)
[446/1080] haei_g1/nrep10/seed25: ok(final_y=-0.2035, 14.7s)
[447/1080] haei_g1/nrep10/seed28: ok(final_y=-4.508, 13.9s)
[448/1080] haei_g1/nrep10/seed27: ok(final_y=-1.193, 14.8s)
[449/1080] haei_g1/nrep10/seed29: ok(final_y=-1.628, 14.4s)
[450/1080] haei_g1/nrep10/seed30: ok(final_y=-2.595, 14.8s)
[451/1080] haei_g5/nrep03/seed01: ok(final_y=-0.6469, 14.7s)
[452/1080] haei_g5/nrep03/seed04: ok(final_y=-2.654, 13.4s)
[453/1080] haei_g5/nrep03/seed02: ok(final_y=-4.604, 15.6s)
[454/1080] haei_g5/nrep03/seed03: ok(final_y=-3.732, 15.2s)
[455/1080] haei_g5/nrep03/seed06: ok(final_y=-0.6957, 15.1s)
[456/1080] haei_g5/nrep03/seed07: ok(final_y=-2.565, 15.1s)
[457/1080] haei_g5/nrep03/seed05: ok(final_y=-5.199, 16.0s)
[458/1080] haei_g5/nrep03/seed09: ok(final_y=-2.099, 14.9s)
[459/1080] haei_g5/nrep03/seed08: ok(final_y=-4.755, 15.4s)
[460/1080] haei_g5/nrep03/seed10: ok(final_y=-4.078, 13.9s)
[461/1080] haei_g5/nrep03/seed11: ok(final_y=-3.671, 14.3s)
[462/1080] haei_g5/nrep03/seed12: ok(final_y=-3.85, 14.4s)
[463/1080] haei_g5/nrep03/seed13: ok(final_y=-0.6169, 14.9s)
[464/1080] haei_g5/nrep03/seed14: ok(final_y=-0.5623, 14.8s)
[465/1080] haei_g5/nrep03/seed15: ok(final_y=-4.134, 15.0s)
[466/1080] haei_g5/nrep03/seed16: ok(final_y=-6.244, 14.4s)
[467/1080] haei_g5/nrep03/seed17: ok(final_y=-0.6056, 15.3s)
[468/1080] haei_g5/nrep03/seed18: ok(final_y=-3.984, 13.5s)
[469/1080] haei_g5/nrep03/seed20: ok(final_y=-6.345, 13.5s)
[470/1080] haei_g5/nrep03/seed19: ok(final_y=-0.3818, 15.9s)
[471/1080] haei_g5/nrep03/seed22: ok(final_y=-4.377, 15.0s)
[472/1080] haei_g5/nrep03/seed21: ok(final_y=-1.819, 16.0s)
[473/1080] haei_g5/nrep03/seed23: ok(final_y=-6.499, 15.6s)
[474/1080] haei_g5/nrep03/seed24: ok(final_y=-0.4498, 15.3s)
[475/1080] haei_g5/nrep03/seed25: ok(final_y=-0.3123, 15.6s)
[476/1080] haei_g5/nrep03/seed26: ok(final_y=-0.4134, 14.7s)
[477/1080] haei_g5/nrep03/seed27: ok(final_y=0.4677, 15.4s)
[478/1080] haei_g5/nrep03/seed28: ok(final_y=-2.121, 14.8s)
[479/1080] haei_g5/nrep03/seed29: ok(final_y=-2.901, 14.8s)
[480/1080] haei_g5/nrep03/seed30: ok(final_y=-5.958, 14.4s)
[481/1080] haei_g5/nrep05/seed01: ok(final_y=-0.4335, 15.0s)
[482/1080] haei_g5/nrep05/seed03: ok(final_y=-3.452, 14.8s)
[483/1080] haei_g5/nrep05/seed02: ok(final_y=-2.846, 16.5s)
[484/1080] haei_g5/nrep05/seed04: ok(final_y=-4.1, 14.5s)
[485/1080] haei_g5/nrep05/seed05: ok(final_y=0.1591, 15.0s)
[486/1080] haei_g5/nrep05/seed06: ok(final_y=-0.9896, 15.5s)
[487/1080] haei_g5/nrep05/seed07: ok(final_y=0.02105, 15.6s)
[488/1080] haei_g5/nrep05/seed08: ok(final_y=-2.129, 15.2s)
[489/1080] haei_g5/nrep05/seed09: ok(final_y=-4.766, 15.5s)
[490/1080] haei_g5/nrep05/seed11: ok(final_y=-0.5453, 14.2s)
[491/1080] haei_g5/nrep05/seed10: ok(final_y=-3.2, 15.1s)
[492/1080] haei_g5/nrep05/seed12: ok(final_y=-2.955, 15.0s)
[493/1080] haei_g5/nrep05/seed13: ok(final_y=-3.256, 15.1s)
[494/1080] haei_g5/nrep05/seed14: ok(final_y=-7.902, 14.8s)
[495/1080] haei_g5/nrep05/seed15: ok(final_y=0.8241, 15.2s)
[496/1080] haei_g5/nrep05/seed17: ok(final_y=-7.788, 15.2s)
[497/1080] haei_g5/nrep05/seed16: ok(final_y=0.5512, 16.4s)
[498/1080] haei_g5/nrep05/seed18: ok(final_y=-1.308, 14.8s)
[499/1080] haei_g5/nrep05/seed19: ok(final_y=-1.536, 14.9s)
[500/1080] haei_g5/nrep05/seed20: ok(final_y=-2.943, 14.9s)
[501/1080] haei_g5/nrep05/seed21: ok(final_y=-1.167, 15.1s)
[502/1080] haei_g5/nrep05/seed22: ok(final_y=-4.756, 14.6s)
[503/1080] haei_g5/nrep05/seed23: ok(final_y=-2.72, 13.9s)
[504/1080] haei_g5/nrep05/seed24: ok(final_y=-0.3766, 15.5s)
[505/1080] haei_g5/nrep05/seed26: ok(final_y=-4.32, 14.6s)
[506/1080] haei_g5/nrep05/seed25: ok(final_y=-5.065, 15.9s)
[507/1080] haei_g5/nrep05/seed27: ok(final_y=-0.1752, 15.3s)
[508/1080] haei_g5/nrep05/seed28: ok(final_y=-0.1713, 15.2s)
[509/1080] haei_g5/nrep05/seed29: ok(final_y=-0.9932, 15.1s)
[510/1080] haei_g5/nrep05/seed30: ok(final_y=-0.938, 14.6s)
[511/1080] haei_g5/nrep10/seed01: ok(final_y=-3.009, 15.4s)
[512/1080] haei_g5/nrep10/seed03: ok(final_y=-1.91, 14.8s)
[513/1080] haei_g5/nrep10/seed02: ok(final_y=0.1403, 15.3s)
[514/1080] haei_g5/nrep10/seed04: ok(final_y=-1.493, 15.6s)
[515/1080] haei_g5/nrep10/seed05: ok(final_y=0.6395, 15.4s)
[516/1080] haei_g5/nrep10/seed06: ok(final_y=-0.9159, 15.8s)
[517/1080] haei_g5/nrep10/seed07: ok(final_y=-2.517, 14.7s)
[518/1080] haei_g5/nrep10/seed08: ok(final_y=-0.06645, 15.6s)
[519/1080] haei_g5/nrep10/seed09: ok(final_y=-0.7058, 15.0s)
[520/1080] haei_g5/nrep10/seed10: ok(final_y=-1.664, 14.8s)
[521/1080] haei_g5/nrep10/seed11: ok(final_y=-0.8896, 14.7s)
[522/1080] haei_g5/nrep10/seed13: ok(final_y=0.1621, 14.7s)
[523/1080] haei_g5/nrep10/seed12: ok(final_y=0.1097, 15.5s)
[524/1080] haei_g5/nrep10/seed14: ok(final_y=-1.287, 15.9s)
[525/1080] haei_g5/nrep10/seed15: ok(final_y=0.01899, 14.8s)
[526/1080] haei_g5/nrep10/seed16: ok(final_y=-1.484, 14.9s)
[527/1080] haei_g5/nrep10/seed17: ok(final_y=-0.2497, 14.9s)
[528/1080] haei_g5/nrep10/seed19: ok(final_y=-0.1222, 14.8s)
[529/1080] haei_g5/nrep10/seed18: ok(final_y=-0.6993, 15.5s)
[530/1080] haei_g5/nrep10/seed20: ok(final_y=-2.467, 14.8s)
[531/1080] haei_g5/nrep10/seed21: ok(final_y=-1.086, 14.9s)
[532/1080] haei_g5/nrep10/seed22: ok(final_y=0.07108, 14.7s)
[533/1080] haei_g5/nrep10/seed23: ok(final_y=-0.1699, 15.7s)
[534/1080] haei_g5/nrep10/seed24: ok(final_y=-1.031, 15.7s)
[535/1080] haei_g5/nrep10/seed25: ok(final_y=-2.1, 15.6s)
[536/1080] haei_g5/nrep10/seed26: ok(final_y=-1.563, 14.8s)
[537/1080] haei_g5/nrep10/seed27: ok(final_y=-1.979, 14.7s)
[538/1080] haei_g5/nrep10/seed28: ok(final_y=-0.4763, 14.5s)
[539/1080] haei_g5/nrep10/seed29: ok(final_y=-0.8967, 14.7s)
[540/1080] haei_g5/nrep10/seed30: ok(final_y=-1.027, 15.4s)
[541/1080] anpei_b0.2/nrep03/seed01: ok(final_y=3.117, 16.3s)
[542/1080] anpei_b0.2/nrep03/seed02: ok(final_y=1.314, 15.8s)
[543/1080] anpei_b0.2/nrep03/seed03: ok(final_y=0.4495, 16.0s)
[544/1080] anpei_b0.2/nrep03/seed04: ok(final_y=1.286, 15.6s)
[545/1080] anpei_b0.2/nrep03/seed05: ok(final_y=3.877, 15.5s)
[546/1080] anpei_b0.2/nrep03/seed06: ok(final_y=1.87, 15.5s)
[547/1080] anpei_b0.2/nrep03/seed07: ok(final_y=0.3458, 16.1s)
[548/1080] anpei_b0.2/nrep03/seed08: ok(final_y=-1.649, 16.0s)
[549/1080] anpei_b0.2/nrep03/seed09: ok(final_y=0.577, 14.8s)
[550/1080] anpei_b0.2/nrep03/seed10: ok(final_y=0.3258, 14.5s)
[551/1080] anpei_b0.2/nrep03/seed12: ok(final_y=2.678, 13.9s)
[552/1080] anpei_b0.2/nrep03/seed11: ok(final_y=-2.182, 15.1s)
[553/1080] anpei_b0.2/nrep03/seed13: ok(final_y=1.267, 14.3s)
[554/1080] anpei_b0.2/nrep03/seed14: ok(final_y=0.3016, 15.2s)
[555/1080] anpei_b0.2/nrep03/seed15: ok(final_y=-0.03405, 15.0s)
[556/1080] anpei_b0.2/nrep03/seed16: ok(final_y=1.196, 15.7s)
[557/1080] anpei_b0.2/nrep03/seed17: ok(final_y=0.9492, 15.2s)
[558/1080] anpei_b0.2/nrep03/seed18: ok(final_y=-8.402, 14.7s)
[559/1080] anpei_b0.2/nrep03/seed19: ok(final_y=1.63, 15.1s)
[560/1080] anpei_b0.2/nrep03/seed20: ok(final_y=0.8382, 15.6s)
[561/1080] anpei_b0.2/nrep03/seed21: ok(final_y=0.3512, 15.9s)
[562/1080] anpei_b0.2/nrep03/seed22: ok(final_y=-0.1842, 15.4s)
[563/1080] anpei_b0.2/nrep03/seed23: ok(final_y=1.327, 15.0s)
[564/1080] anpei_b0.2/nrep03/seed24: ok(final_y=3.229, 15.1s)
[565/1080] anpei_b0.2/nrep03/seed26: ok(final_y=0.7281, 14.9s)
[566/1080] anpei_b0.2/nrep03/seed25: ok(final_y=0.481, 15.7s)
[567/1080] anpei_b0.2/nrep03/seed27: ok(final_y=4.187, 15.7s)
[568/1080] anpei_b0.2/nrep03/seed28: ok(final_y=0.3602, 15.5s)
[569/1080] anpei_b0.2/nrep03/seed29: ok(final_y=1.721, 15.4s)
[570/1080] anpei_b0.2/nrep05/seed01: ok(final_y=0.5785, 15.1s)
[571/1080] anpei_b0.2/nrep03/seed30: ok(final_y=3.335, 15.7s)
[572/1080] anpei_b0.2/nrep05/seed02: ok(final_y=0.79, 15.6s)
[573/1080] anpei_b0.2/nrep05/seed04: ok(final_y=2.965, 14.4s)
[574/1080] anpei_b0.2/nrep05/seed03: ok(final_y=0.6361, 15.1s)
[575/1080] anpei_b0.2/nrep05/seed05: ok(final_y=0.2184, 14.7s)
[576/1080] anpei_b0.2/nrep05/seed06: ok(final_y=0.4855, 15.5s)
[577/1080] anpei_b0.2/nrep05/seed07: ok(final_y=1.472, 15.6s)
[578/1080] anpei_b0.2/nrep05/seed08: ok(final_y=0.7923, 14.4s)
[579/1080] anpei_b0.2/nrep05/seed09: ok(final_y=1.986, 15.1s)
[580/1080] anpei_b0.2/nrep05/seed12: ok(final_y=2.76, 14.1s)
[581/1080] anpei_b0.2/nrep05/seed10: ok(final_y=2.513, 15.3s)
[582/1080] anpei_b0.2/nrep05/seed11: ok(final_y=0.7137, 14.4s)
[583/1080] anpei_b0.2/nrep05/seed13: ok(final_y=4.178, 13.9s)
[584/1080] anpei_b0.2/nrep05/seed15: ok(final_y=0.7813, 14.4s)
[585/1080] anpei_b0.2/nrep05/seed16: ok(final_y=2.419, 14.6s)
[586/1080] anpei_b0.2/nrep05/seed14: ok(final_y=1.157, 16.2s)
[587/1080] anpei_b0.2/nrep05/seed17: ok(final_y=3.603, 14.6s)
[588/1080] anpei_b0.2/nrep05/seed19: ok(final_y=0.4051, 14.5s)
[589/1080] anpei_b0.2/nrep05/seed20: ok(final_y=1.527, 14.6s)
[590/1080] anpei_b0.2/nrep05/seed18: ok(final_y=0.4568, 15.0s)
[591/1080] anpei_b0.2/nrep05/seed21: ok(final_y=2.073, 14.4s)
[592/1080] anpei_b0.2/nrep05/seed22: ok(final_y=2.458, 15.0s)
[593/1080] anpei_b0.2/nrep05/seed23: ok(final_y=0.9442, 14.6s)
[594/1080] anpei_b0.2/nrep05/seed24: ok(final_y=1.3, 15.3s)
[595/1080] anpei_b0.2/nrep05/seed25: ok(final_y=0.5616, 15.7s)
[596/1080] anpei_b0.2/nrep05/seed27: ok(final_y=0.8875, 15.0s)
[597/1080] anpei_b0.2/nrep05/seed26: ok(final_y=4.179, 15.2s)
[598/1080] anpei_b0.2/nrep05/seed28: ok(final_y=0.7706, 14.9s)
[599/1080] anpei_b0.2/nrep05/seed29: ok(final_y=0.1759, 15.3s)
[600/1080] anpei_b0.2/nrep10/seed01: ok(final_y=0.7664, 14.7s)
[601/1080] anpei_b0.2/nrep05/seed30: ok(final_y=1.197, 15.2s)
[602/1080] anpei_b0.2/nrep10/seed02: ok(final_y=0.3965, 15.5s)
[603/1080] anpei_b0.2/nrep10/seed03: ok(final_y=2.338, 14.8s)
[604/1080] anpei_b0.2/nrep10/seed04: ok(final_y=2.814, 14.7s)
[605/1080] anpei_b0.2/nrep10/seed05: ok(final_y=0.7169, 15.4s)
[606/1080] anpei_b0.2/nrep10/seed06: ok(final_y=0.3434, 15.7s)
[607/1080] anpei_b0.2/nrep10/seed07: ok(final_y=0.6276, 15.6s)
[608/1080] anpei_b0.2/nrep10/seed08: ok(final_y=0.9406, 15.1s)
[609/1080] anpei_b0.2/nrep10/seed09: ok(final_y=2.758, 15.1s)
[610/1080] anpei_b0.2/nrep10/seed11: ok(final_y=0.9218, 14.1s)
[611/1080] anpei_b0.2/nrep10/seed10: ok(final_y=0.8944, 15.4s)
[612/1080] anpei_b0.2/nrep10/seed13: ok(final_y=2.971, 14.6s)
[613/1080] anpei_b0.2/nrep10/seed12: ok(final_y=0.368, 16.1s)
[614/1080] anpei_b0.2/nrep10/seed14: ok(final_y=2.328, 15.3s)
[615/1080] anpei_b0.2/nrep10/seed15: ok(final_y=2.498, 14.2s)
[616/1080] anpei_b0.2/nrep10/seed16: ok(final_y=3.709, 14.7s)
[617/1080] anpei_b0.2/nrep10/seed17: ok(final_y=2.783, 14.5s)
[618/1080] anpei_b0.2/nrep10/seed19: ok(final_y=0.8369, 15.1s)
[619/1080] anpei_b0.2/nrep10/seed18: ok(final_y=1.889, 16.4s)
[620/1080] anpei_b0.2/nrep10/seed21: ok(final_y=-0.06469, 14.5s)
[621/1080] anpei_b0.2/nrep10/seed20: ok(final_y=0.8884, 16.3s)
[622/1080] anpei_b0.2/nrep10/seed22: ok(final_y=0.3278, 15.9s)
[623/1080] anpei_b0.2/nrep10/seed23: ok(final_y=0.7737, 15.9s)
[624/1080] anpei_b0.2/nrep10/seed25: ok(final_y=3.424, 15.0s)
[625/1080] anpei_b0.2/nrep10/seed24: ok(final_y=1.165, 15.8s)
[626/1080] anpei_b0.2/nrep10/seed26: ok(final_y=2.181, 14.5s)
[627/1080] anpei_b0.2/nrep10/seed27: ok(final_y=3.051, 14.4s)
[628/1080] anpei_b0.2/nrep10/seed28: ok(final_y=0.6852, 15.1s)
[629/1080] anpei_b0.2/nrep10/seed29: ok(final_y=0.9359, 15.4s)
[630/1080] anpei_b0.2/nrep10/seed30: ok(final_y=0.934, 15.8s)
[631/1080] anpei_b0.5/nrep03/seed01: ok(final_y=3.117, 15.5s)
[632/1080] anpei_b0.5/nrep03/seed02: ok(final_y=-3.246, 15.7s)
[633/1080] anpei_b0.5/nrep03/seed03: ok(final_y=-0.6255, 15.3s)
[634/1080] anpei_b0.5/nrep03/seed04: ok(final_y=-0.4472, 14.8s)
[635/1080] anpei_b0.5/nrep03/seed05: ok(final_y=-0.07664, 16.2s)
[636/1080] anpei_b0.5/nrep03/seed06: ok(final_y=0.5713, 15.6s)
[637/1080] anpei_b0.5/nrep03/seed07: ok(final_y=0.9564, 15.4s)
[638/1080] anpei_b0.5/nrep03/seed09: ok(final_y=-0.4811, 14.8s)
[639/1080] anpei_b0.5/nrep03/seed08: ok(final_y=-5.089, 16.1s)
[640/1080] anpei_b0.5/nrep03/seed10: ok(final_y=0.8926, 14.5s)
[641/1080] anpei_b0.5/nrep03/seed11: ok(final_y=1.635, 14.7s)
[642/1080] anpei_b0.5/nrep03/seed12: ok(final_y=2.678, 15.8s)
[643/1080] anpei_b0.5/nrep03/seed13: ok(final_y=0.2156, 15.6s)
[644/1080] anpei_b0.5/nrep03/seed14: ok(final_y=-0.6855, 15.6s)
[645/1080] anpei_b0.5/nrep03/seed15: ok(final_y=0.1945, 15.5s)
[646/1080] anpei_b0.5/nrep03/seed16: ok(final_y=2.411, 15.2s)
[647/1080] anpei_b0.5/nrep03/seed17: ok(final_y=0.2942, 15.4s)
[648/1080] anpei_b0.5/nrep03/seed18: ok(final_y=-4.433, 14.7s)
[649/1080] anpei_b0.5/nrep03/seed19: ok(final_y=0.95, 15.7s)
[650/1080] anpei_b0.5/nrep03/seed20: ok(final_y=0.03522, 15.8s)
[651/1080] anpei_b0.5/nrep03/seed21: ok(final_y=0.04556, 16.2s)
[652/1080] anpei_b0.5/nrep03/seed22: ok(final_y=0.6782, 15.2s)
[653/1080] anpei_b0.5/nrep03/seed23: ok(final_y=0.7215, 15.7s)
[654/1080] anpei_b0.5/nrep03/seed24: ok(final_y=1.331, 15.2s)
[655/1080] anpei_b0.5/nrep03/seed25: ok(final_y=0.8481, 16.1s)
[656/1080] anpei_b0.5/nrep03/seed26: ok(final_y=-0.1857, 16.1s)
[657/1080] anpei_b0.5/nrep03/seed27: ok(final_y=4.187, 15.9s)
[658/1080] anpei_b0.5/nrep03/seed28: ok(final_y=2.432, 15.3s)
[659/1080] anpei_b0.5/nrep03/seed29: ok(final_y=4.704, 16.1s)
[660/1080] anpei_b0.5/nrep03/seed30: ok(final_y=0.4833, 16.1s)
[661/1080] anpei_b0.5/nrep05/seed01: ok(final_y=3.389, 15.2s)
[662/1080] anpei_b0.5/nrep05/seed02: ok(final_y=2.737, 15.9s)
[663/1080] anpei_b0.5/nrep05/seed04: ok(final_y=2.965, 14.7s)
[664/1080] anpei_b0.5/nrep05/seed03: ok(final_y=0.4505, 15.2s)
[665/1080] anpei_b0.5/nrep05/seed05: ok(final_y=3.279, 14.8s)
[666/1080] anpei_b0.5/nrep05/seed06: ok(final_y=2.946, 15.1s)
[667/1080] anpei_b0.5/nrep05/seed07: ok(final_y=0.04439, 15.7s)
[668/1080] anpei_b0.5/nrep05/seed08: ok(final_y=0.3624, 15.5s)
[669/1080] anpei_b0.5/nrep05/seed09: ok(final_y=1.986, 15.6s)
[670/1080] anpei_b0.5/nrep05/seed12: ok(final_y=2.76, 14.2s)
[671/1080] anpei_b0.5/nrep05/seed10: ok(final_y=2.513, 15.6s)
[672/1080] anpei_b0.5/nrep05/seed11: ok(final_y=4.325, 14.5s)
[673/1080] anpei_b0.5/nrep05/seed13: ok(final_y=4.178, 14.8s)
[674/1080] anpei_b0.5/nrep05/seed14: ok(final_y=-0.6143, 15.8s)
[675/1080] anpei_b0.5/nrep05/seed15: ok(final_y=-5.88, 15.0s)
[676/1080] anpei_b0.5/nrep05/seed17: ok(final_y=3.603, 14.6s)
[677/1080] anpei_b0.5/nrep05/seed16: ok(final_y=0.1812, 16.0s)
[678/1080] anpei_b0.5/nrep05/seed19: ok(final_y=-0.6975, 14.8s)
[679/1080] anpei_b0.5/nrep05/seed20: ok(final_y=0.1987, 15.0s)
[680/1080] anpei_b0.5/nrep05/seed18: ok(final_y=-0.1221, 15.3s)
[681/1080] anpei_b0.5/nrep05/seed21: ok(final_y=2.073, 15.0s)
[682/1080] anpei_b0.5/nrep05/seed22: ok(final_y=2.458, 14.9s)
[683/1080] anpei_b0.5/nrep05/seed23: ok(final_y=0.2563, 15.0s)
[684/1080] anpei_b0.5/nrep05/seed27: ok(final_y=-0.6844, 14.6s)
[685/1080] anpei_b0.5/nrep05/seed25: ok(final_y=2.547, 15.5s)
[686/1080] anpei_b0.5/nrep05/seed24: ok(final_y=1.418, 16.2s)
[687/1080] anpei_b0.5/nrep05/seed26: ok(final_y=4.179, 16.0s)
[688/1080] anpei_b0.5/nrep05/seed28: ok(final_y=0.1216, 15.8s)
[689/1080] anpei_b0.5/nrep05/seed29: ok(final_y=3.091, 14.9s)
[690/1080] anpei_b0.5/nrep05/seed30: ok(final_y=0.3951, 15.6s)
[691/1080] anpei_b0.5/nrep10/seed01: ok(final_y=3.086, 15.0s)
[692/1080] anpei_b0.5/nrep10/seed02: ok(final_y=2.608, 14.5s)
[693/1080] anpei_b0.5/nrep10/seed04: ok(final_y=2.814, 15.1s)
[694/1080] anpei_b0.5/nrep10/seed03: ok(final_y=0.1894, 15.2s)
[695/1080] anpei_b0.5/nrep10/seed06: ok(final_y=2.137, 15.1s)
[696/1080] anpei_b0.5/nrep10/seed07: ok(final_y=2.925, 14.7s)
[697/1080] anpei_b0.5/nrep10/seed05: ok(final_y=2.122, 15.5s)
[698/1080] anpei_b0.5/nrep10/seed08: ok(final_y=2.134, 15.1s)
[699/1080] anpei_b0.5/nrep10/seed09: ok(final_y=2.758, 16.1s)
[700/1080] anpei_b0.5/nrep10/seed10: ok(final_y=3.043, 15.7s)
[701/1080] anpei_b0.5/nrep10/seed11: ok(final_y=0.9194, 14.8s)
[702/1080] anpei_b0.5/nrep10/seed13: ok(final_y=2.971, 14.4s)
[703/1080] anpei_b0.5/nrep10/seed12: ok(final_y=0.375, 15.7s)
[704/1080] anpei_b0.5/nrep10/seed14: ok(final_y=2.328, 15.5s)
[705/1080] anpei_b0.5/nrep10/seed15: ok(final_y=0.1405, 15.8s)
[706/1080] anpei_b0.5/nrep10/seed16: ok(final_y=3.709, 15.5s)
[707/1080] anpei_b0.5/nrep10/seed17: ok(final_y=2.783, 13.5s)
[708/1080] anpei_b0.5/nrep10/seed18: ok(final_y=1.889, 15.1s)
[709/1080] anpei_b0.5/nrep10/seed19: ok(final_y=0.1885, 15.2s)
[710/1080] anpei_b0.5/nrep10/seed20: ok(final_y=-0.05629, 15.3s)
[711/1080] anpei_b0.5/nrep10/seed21: ok(final_y=3.555, 15.3s)
[712/1080] anpei_b0.5/nrep10/seed22: ok(final_y=4.54, 15.1s)
[713/1080] anpei_b0.5/nrep10/seed23: ok(final_y=3.355, 15.2s)
[714/1080] anpei_b0.5/nrep10/seed24: ok(final_y=2.716, 15.9s)
[715/1080] anpei_b0.5/nrep10/seed25: ok(final_y=0.7496, 15.3s)
[716/1080] anpei_b0.5/nrep10/seed26: ok(final_y=2.181, 14.6s)
[717/1080] anpei_b0.5/nrep10/seed27: ok(final_y=0.8505, 15.2s)
[718/1080] anpei_b0.5/nrep10/seed29: ok(final_y=4.33, 14.9s)
[719/1080] anpei_b0.5/nrep10/seed28: ok(final_y=2.716, 15.3s)
[720/1080] anpei_b0.8/nrep03/seed01: ok(final_y=-2.471, 14.8s)
[721/1080] anpei_b0.5/nrep10/seed30: ok(final_y=0.2805, 15.6s)
[722/1080] anpei_b0.8/nrep03/seed03: ok(final_y=-2.244, 15.4s)
[723/1080] anpei_b0.8/nrep03/seed02: ok(final_y=2.358, 15.7s)
[724/1080] anpei_b0.8/nrep03/seed04: ok(final_y=-4.373, 13.8s)
[725/1080] anpei_b0.8/nrep03/seed05: ok(final_y=-2.828, 15.7s)
[726/1080] anpei_b0.8/nrep03/seed06: ok(final_y=-0.6981, 15.2s)
[727/1080] anpei_b0.8/nrep03/seed07: ok(final_y=-0.1759, 15.5s)
[728/1080] anpei_b0.8/nrep03/seed09: ok(final_y=-0.479, 14.8s)
[729/1080] anpei_b0.8/nrep03/seed08: ok(final_y=-0.5519, 15.9s)
[730/1080] anpei_b0.8/nrep03/seed10: ok(final_y=0.09624, 14.7s)
[731/1080] anpei_b0.8/nrep03/seed11: ok(final_y=1.635, 14.9s)
[732/1080] anpei_b0.8/nrep03/seed12: ok(final_y=2.135, 16.3s)
[733/1080] anpei_b0.8/nrep03/seed13: ok(final_y=2.379, 15.3s)
[734/1080] anpei_b0.8/nrep03/seed15: ok(final_y=-4.696, 14.9s)
[735/1080] anpei_b0.8/nrep03/seed14: ok(final_y=-0.6815, 15.5s)
[736/1080] anpei_b0.8/nrep03/seed16: ok(final_y=-0.1109, 15.2s)
[737/1080] anpei_b0.8/nrep03/seed17: ok(final_y=1.069, 14.9s)
[738/1080] anpei_b0.8/nrep03/seed18: ok(final_y=-6.037, 14.8s)
[739/1080] anpei_b0.8/nrep03/seed19: ok(final_y=-8.741, 15.2s)
[740/1080] anpei_b0.8/nrep03/seed20: ok(final_y=-1.866, 14.9s)
[741/1080] anpei_b0.8/nrep03/seed22: ok(final_y=0.4734, 15.2s)
[742/1080] anpei_b0.8/nrep03/seed21: ok(final_y=-1.135, 15.4s)
[743/1080] anpei_b0.8/nrep03/seed23: ok(final_y=0.5387, 15.0s)
[744/1080] anpei_b0.8/nrep03/seed24: ok(final_y=0.3976, 15.5s)
[745/1080] anpei_b0.8/nrep03/seed25: ok(final_y=0.1693, 15.6s)
[746/1080] anpei_b0.8/nrep03/seed26: ok(final_y=-7.069, 15.0s)
[747/1080] anpei_b0.8/nrep03/seed27: ok(final_y=3.399, 15.3s)
[748/1080] anpei_b0.8/nrep03/seed28: ok(final_y=0.2777, 16.1s)
[749/1080] anpei_b0.8/nrep05/seed01: ok(final_y=0.1672, 14.9s)
[750/1080] anpei_b0.8/nrep03/seed29: ok(final_y=-4.091, 15.3s)
[751/1080] anpei_b0.8/nrep03/seed30: ok(final_y=2.614, 15.4s)
[752/1080] anpei_b0.8/nrep05/seed02: ok(final_y=2.737, 15.5s)
[753/1080] anpei_b0.8/nrep05/seed03: ok(final_y=0.4852, 14.9s)
[754/1080] anpei_b0.8/nrep05/seed04: ok(final_y=2.965, 15.0s)
[755/1080] anpei_b0.8/nrep05/seed05: ok(final_y=-0.04751, 15.4s)
[756/1080] anpei_b0.8/nrep05/seed07: ok(final_y=0.1432, 14.7s)
[757/1080] anpei_b0.8/nrep05/seed06: ok(final_y=2.946, 15.9s)
[758/1080] anpei_b0.8/nrep05/seed08: ok(final_y=-0.7548, 15.2s)
[759/1080] anpei_b0.8/nrep05/seed09: ok(final_y=1.986, 15.7s)
[760/1080] anpei_b0.8/nrep05/seed10: ok(final_y=0.1071, 15.7s)
[761/1080] anpei_b0.8/nrep05/seed11: ok(final_y=0.03099, 16.2s)
[762/1080] anpei_b0.8/nrep05/seed12: ok(final_y=-0.5219, 15.5s)
[763/1080] anpei_b0.8/nrep05/seed13: ok(final_y=3.319, 14.8s)
[764/1080] anpei_b0.8/nrep05/seed14: ok(final_y=-0.9242, 15.4s)
[765/1080] anpei_b0.8/nrep05/seed15: ok(final_y=-0.1358, 15.9s)
[766/1080] anpei_b0.8/nrep05/seed16: ok(final_y=2.419, 15.4s)
[767/1080] anpei_b0.8/nrep05/seed17: ok(final_y=2.03, 15.0s)
[768/1080] anpei_b0.8/nrep05/seed18: ok(final_y=-2.038, 15.3s)
[769/1080] anpei_b0.8/nrep05/seed19: ok(final_y=3.313, 15.1s)
[770/1080] anpei_b0.8/nrep05/seed20: ok(final_y=1.527, 15.0s)
[771/1080] anpei_b0.8/nrep05/seed21: ok(final_y=2.073, 15.3s)
[772/1080] anpei_b0.8/nrep05/seed22: ok(final_y=2.458, 14.6s)
[773/1080] anpei_b0.8/nrep05/seed23: ok(final_y=-0.1645, 15.1s)
[774/1080] anpei_b0.8/nrep05/seed25: ok(final_y=2.547, 15.4s)
[775/1080] anpei_b0.8/nrep05/seed24: ok(final_y=1.418, 16.2s)
[776/1080] anpei_b0.8/nrep05/seed27: ok(final_y=-5.257, 14.9s)
[777/1080] anpei_b0.8/nrep05/seed26: ok(final_y=2.811, 15.5s)
[778/1080] anpei_b0.8/nrep05/seed28: ok(final_y=-0.04995, 15.4s)
[779/1080] anpei_b0.8/nrep05/seed29: ok(final_y=-0.7503, 14.8s)
[780/1080] anpei_b0.8/nrep05/seed30: ok(final_y=0.1077, 15.2s)
[781/1080] anpei_b0.8/nrep10/seed01: ok(final_y=1.538, 14.7s)
[782/1080] anpei_b0.8/nrep10/seed02: ok(final_y=-0.8012, 14.8s)
[783/1080] anpei_b0.8/nrep10/seed03: ok(final_y=-2.22, 14.4s)
[784/1080] anpei_b0.8/nrep10/seed04: ok(final_y=-0.1134, 15.2s)
[785/1080] anpei_b0.8/nrep10/seed05: ok(final_y=2.122, 15.3s)
[786/1080] anpei_b0.8/nrep10/seed07: ok(final_y=2.355, 14.8s)
[787/1080] anpei_b0.8/nrep10/seed06: ok(final_y=2.041, 15.6s)
[788/1080] anpei_b0.8/nrep10/seed08: ok(final_y=2.134, 15.3s)
[789/1080] anpei_b0.8/nrep10/seed09: ok(final_y=1.893, 15.3s)
[790/1080] anpei_b0.8/nrep10/seed10: ok(final_y=2.674, 14.8s)
[791/1080] anpei_b0.8/nrep10/seed11: ok(final_y=0.1889, 15.6s)
[792/1080] anpei_b0.8/nrep10/seed12: ok(final_y=0.2255, 15.3s)
[793/1080] anpei_b0.8/nrep10/seed13: ok(final_y=2.971, 15.1s)
[794/1080] anpei_b0.8/nrep10/seed14: ok(final_y=2.328, 15.3s)
[795/1080] anpei_b0.8/nrep10/seed15: ok(final_y=0.2681, 15.3s)
[796/1080] anpei_b0.8/nrep10/seed16: ok(final_y=3.702, 15.6s)
[797/1080] anpei_b0.8/nrep10/seed17: ok(final_y=2.783, 15.2s)
[798/1080] anpei_b0.8/nrep10/seed18: ok(final_y=1.889, 15.5s)
[799/1080] anpei_b0.8/nrep10/seed19: ok(final_y=0.109, 15.1s)
[800/1080] anpei_b0.8/nrep10/seed20: ok(final_y=0.08299, 15.1s)
[801/1080] anpei_b0.8/nrep10/seed21: ok(final_y=3.286, 15.2s)
[802/1080] anpei_b0.8/nrep10/seed22: ok(final_y=2.747, 15.0s)
[803/1080] anpei_b0.8/nrep10/seed23: ok(final_y=3.355, 15.0s)
[804/1080] anpei_b0.8/nrep10/seed24: ok(final_y=-0.8844, 15.0s)
[805/1080] anpei_b0.8/nrep10/seed25: ok(final_y=0.01447, 15.5s)
[806/1080] anpei_b0.8/nrep10/seed26: ok(final_y=2.181, 15.3s)
[807/1080] anpei_b0.8/nrep10/seed27: ok(final_y=0.01903, 15.5s)
[808/1080] anpei_b0.8/nrep10/seed28: ok(final_y=2.716, 15.3s)
[809/1080] anpei_b0.8/nrep10/seed29: ok(final_y=3.22, 15.6s)
[810/1080] anpei_b0.8/nrep10/seed30: ok(final_y=-0.05032, 15.1s)
[811/1080] rahbo_a0.5/nrep03/seed01: ok(final_y=-0.3284, 17.7s)
[812/1080] rahbo_a0.5/nrep03/seed04: ok(final_y=-4.373, 16.7s)
[813/1080] rahbo_a0.5/nrep03/seed03: ok(final_y=-0.7734, 17.3s)
[814/1080] rahbo_a0.5/nrep03/seed02: ok(final_y=-0.5064, 19.0s)
[815/1080] rahbo_a0.5/nrep03/seed05: ok(final_y=-2.254, 17.9s)
[816/1080] rahbo_a0.5/nrep03/seed07: ok(final_y=-0.3491, 16.5s)
[817/1080] rahbo_a0.5/nrep03/seed06: ok(final_y=-0.7004, 17.2s)
[818/1080] rahbo_a0.5/nrep03/seed08: ok(final_y=-1.167, 19.3s)
[819/1080] rahbo_a0.5/nrep03/seed09: ok(final_y=-0.285, 17.5s)
[820/1080] rahbo_a0.5/nrep03/seed10: ok(final_y=-0.6983, 17.2s)
[821/1080] rahbo_a0.5/nrep03/seed11: ok(final_y=-0.6256, 17.3s)
[822/1080] rahbo_a0.5/nrep03/seed12: ok(final_y=-0.4981, 16.7s)
[823/1080] rahbo_a0.5/nrep03/seed14: ok(final_y=-0.6622, 16.5s)
[824/1080] rahbo_a0.5/nrep03/seed15: ok(final_y=-5.43, 17.3s)
[825/1080] rahbo_a0.5/nrep03/seed13: ok(final_y=-0.2072, 20.1s)
[826/1080] rahbo_a0.5/nrep03/seed17: ok(final_y=-0.2062, 17.6s)
[827/1080] rahbo_a0.5/nrep03/seed16: ok(final_y=-1.099, 19.8s)
[828/1080] rahbo_a0.5/nrep03/seed19: ok(final_y=-2.885, 17.3s)
[829/1080] rahbo_a0.5/nrep03/seed18: ok(final_y=-3.642, 18.2s)
[830/1080] rahbo_a0.5/nrep03/seed21: ok(final_y=-1.294, 17.0s)
[831/1080] rahbo_a0.5/nrep03/seed20: ok(final_y=-0.5277, 18.1s)
[832/1080] rahbo_a0.5/nrep03/seed22: ok(final_y=-0.3955, 19.8s)
[833/1080] rahbo_a0.5/nrep03/seed23: ok(final_y=-0.7864, 17.7s)
[834/1080] rahbo_a0.5/nrep03/seed24: ok(final_y=0.08724, 18.0s)
[835/1080] rahbo_a0.5/nrep03/seed25: ok(final_y=-3.636, 18.4s)
[836/1080] rahbo_a0.5/nrep03/seed26: ok(final_y=-3.683, 16.4s)
[837/1080] rahbo_a0.5/nrep03/seed29: ok(final_y=-0.4658, 16.4s)
[838/1080] rahbo_a0.5/nrep03/seed27: ok(final_y=-0.3722, 17.0s)
[839/1080] rahbo_a0.5/nrep03/seed28: ok(final_y=-0.1336, 18.0s)
[840/1080] rahbo_a0.5/nrep03/seed30: ok(final_y=-0.1086, 16.6s)
[841/1080] rahbo_a0.5/nrep05/seed01: ok(final_y=-0.9552, 17.2s)
[842/1080] rahbo_a0.5/nrep05/seed02: ok(final_y=-0.5564, 18.2s)
[843/1080] rahbo_a0.5/nrep05/seed03: ok(final_y=-0.3248, 17.1s)
[844/1080] rahbo_a0.5/nrep05/seed04: ok(final_y=-0.3286, 17.3s)
[845/1080] rahbo_a0.5/nrep05/seed05: ok(final_y=-0.1179, 16.6s)
[846/1080] rahbo_a0.5/nrep05/seed06: ok(final_y=0.2005, 17.9s)
[847/1080] rahbo_a0.5/nrep05/seed07: ok(final_y=-0.03068, 19.4s)
[848/1080] rahbo_a0.5/nrep05/seed08: ok(final_y=-0.06496, 17.3s)
[849/1080] rahbo_a0.5/nrep05/seed09: ok(final_y=-0.5104, 18.0s)
[850/1080] rahbo_a0.5/nrep05/seed11: ok(final_y=0.2412, 17.4s)
[851/1080] rahbo_a0.5/nrep05/seed10: ok(final_y=-0.3374, 19.4s)
[852/1080] rahbo_a0.5/nrep05/seed12: ok(final_y=-4.234, 16.2s)
[853/1080] rahbo_a0.5/nrep05/seed13: ok(final_y=-0.4508, 18.6s)
[854/1080] rahbo_a0.5/nrep05/seed14: ok(final_y=-0.9729, 18.3s)
[855/1080] rahbo_a0.5/nrep05/seed15: ok(final_y=-0.6549, 17.2s)
[856/1080] rahbo_a0.5/nrep05/seed16: ok(final_y=-0.3505, 19.6s)
[857/1080] rahbo_a0.5/nrep05/seed17: ok(final_y=-0.8872, 18.0s)
[858/1080] rahbo_a0.5/nrep05/seed18: ok(final_y=-0.1673, 17.6s)
[859/1080] rahbo_a0.5/nrep05/seed19: ok(final_y=-0.1032, 18.0s)
[860/1080] rahbo_a0.5/nrep05/seed20: ok(final_y=-0.3381, 18.1s)
[861/1080] rahbo_a0.5/nrep05/seed21: ok(final_y=-0.2776, 17.1s)
[862/1080] rahbo_a0.5/nrep05/seed22: ok(final_y=-0.4104, 18.8s)
[863/1080] rahbo_a0.5/nrep05/seed23: ok(final_y=-0.3243, 17.9s)
[864/1080] rahbo_a0.5/nrep05/seed24: ok(final_y=-0.3786, 17.6s)
[865/1080] rahbo_a0.5/nrep05/seed25: ok(final_y=-0.8019, 19.9s)
[866/1080] rahbo_a0.5/nrep05/seed27: ok(final_y=-0.5724, 16.0s)
[867/1080] rahbo_a0.5/nrep05/seed26: ok(final_y=-0.4829, 18.7s)
[868/1080] rahbo_a0.5/nrep05/seed28: ok(final_y=-0.187, 17.8s)
[869/1080] rahbo_a0.5/nrep05/seed29: ok(final_y=-2.222, 19.4s)
[870/1080] rahbo_a0.5/nrep10/seed01: ok(final_y=-0.3103, 16.8s)
[871/1080] rahbo_a0.5/nrep05/seed30: ok(final_y=-0.2206, 17.6s)
[872/1080] rahbo_a0.5/nrep10/seed02: ok(final_y=-0.01439, 17.7s)
[873/1080] rahbo_a0.5/nrep10/seed03: ok(final_y=0.04871, 17.7s)
[874/1080] rahbo_a0.5/nrep10/seed04: ok(final_y=-0.1231, 18.4s)
[875/1080] rahbo_a0.5/nrep10/seed05: ok(final_y=0.5184, 18.1s)
[876/1080] rahbo_a0.5/nrep10/seed06: ok(final_y=0.1914, 17.6s)
[877/1080] rahbo_a0.5/nrep10/seed07: ok(final_y=-0.8204, 16.4s)
[878/1080] rahbo_a0.5/nrep10/seed08: ok(final_y=-0.04872, 17.3s)
[879/1080] rahbo_a0.5/nrep10/seed09: ok(final_y=-0.0171, 17.6s)
[880/1080] rahbo_a0.5/nrep10/seed10: ok(final_y=-0.08542, 17.4s)
[881/1080] rahbo_a0.5/nrep10/seed11: ok(final_y=-0.07911, 19.0s)
[882/1080] rahbo_a0.5/nrep10/seed12: ok(final_y=-0.1065, 16.8s)
[883/1080] rahbo_a0.5/nrep10/seed13: ok(final_y=0.07292, 17.7s)
[884/1080] rahbo_a0.5/nrep10/seed14: ok(final_y=-0.07871, 17.1s)
[885/1080] rahbo_a0.5/nrep10/seed15: ok(final_y=0.04167, 17.9s)
[886/1080] rahbo_a0.5/nrep10/seed16: ok(final_y=-0.06145, 17.2s)
[887/1080] rahbo_a0.5/nrep10/seed17: ok(final_y=-0.1806, 18.1s)
[888/1080] rahbo_a0.5/nrep10/seed18: ok(final_y=0.06279, 17.1s)
[889/1080] rahbo_a0.5/nrep10/seed19: ok(final_y=-0.12, 17.7s)
[890/1080] rahbo_a0.5/nrep10/seed20: ok(final_y=-0.2349, 16.7s)
[891/1080] rahbo_a0.5/nrep10/seed21: ok(final_y=-0.06887, 17.1s)
[892/1080] rahbo_a0.5/nrep10/seed22: ok(final_y=-0.0261, 18.0s)
[893/1080] rahbo_a0.5/nrep10/seed23: ok(final_y=-0.2861, 16.8s)
[894/1080] rahbo_a0.5/nrep10/seed24: ok(final_y=-0.3805, 17.5s)
[895/1080] rahbo_a0.5/nrep10/seed25: ok(final_y=-0.1945, 17.1s)
[896/1080] rahbo_a0.5/nrep10/seed26: ok(final_y=0.102, 16.6s)
[897/1080] rahbo_a0.5/nrep10/seed27: ok(final_y=-0.04684, 16.5s)
[898/1080] rahbo_a0.5/nrep10/seed28: ok(final_y=-0.4598, 16.9s)
[899/1080] rahbo_a0.5/nrep10/seed29: ok(final_y=-8.147e-05, 16.1s)
[900/1080] rahbo_a0.5/nrep10/seed30: ok(final_y=-0.06118, 16.5s)
[901/1080] rahbo_a1/nrep03/seed01: ok(final_y=0.007466, 17.1s)
[902/1080] rahbo_a1/nrep03/seed02: ok(final_y=-0.4845, 19.1s)
[903/1080] rahbo_a1/nrep03/seed03: ok(final_y=-0.6449, 18.8s)
[904/1080] rahbo_a1/nrep03/seed04: ok(final_y=-4.373, 17.8s)
[905/1080] rahbo_a1/nrep03/seed05: ok(final_y=-2.271, 21.0s)
[906/1080] rahbo_a1/nrep03/seed07: ok(final_y=-0.4371, 22.1s)
[907/1080] rahbo_a1/nrep03/seed06: ok(final_y=-0.7124, 24.7s)
[908/1080] rahbo_a1/nrep03/seed08: ok(final_y=-0.6288, 27.2s)
[909/1080] rahbo_a1/nrep03/seed09: ok(final_y=-0.1947, 24.8s)
[910/1080] rahbo_a1/nrep03/seed11: ok(final_y=-0.6206, 24.3s)
[911/1080] rahbo_a1/nrep03/seed10: ok(final_y=-0.6841, 27.2s)
[912/1080] rahbo_a1/nrep03/seed12: ok(final_y=-0.3782, 26.8s)
[913/1080] rahbo_a1/nrep03/seed13: ok(final_y=0.03821, 27.8s)
[914/1080] rahbo_a1/nrep03/seed14: ok(final_y=-0.6843, 27.7s)
[915/1080] rahbo_a1/nrep03/seed15: ok(final_y=-0.4245, 26.5s)
[916/1080] rahbo_a1/nrep03/seed17: ok(final_y=-0.2731, 25.4s)
[917/1080] rahbo_a1/nrep03/seed16: ok(final_y=-0.8916, 27.6s)
[918/1080] rahbo_a1/nrep03/seed18: ok(final_y=-0.4343, 24.3s)
[919/1080] rahbo_a1/nrep03/seed19: ok(final_y=-2.885, 26.5s)
[920/1080] rahbo_a1/nrep03/seed20: ok(final_y=-0.7584, 29.1s)
[921/1080] rahbo_a1/nrep03/seed21: ok(final_y=-1.339, 26.7s)
[922/1080] rahbo_a1/nrep03/seed23: ok(final_y=-0.667, 24.5s)
[923/1080] rahbo_a1/nrep03/seed22: ok(final_y=-0.3516, 29.2s)
[924/1080] rahbo_a1/nrep03/seed24: ok(final_y=-0.2449, 22.7s)
[925/1080] rahbo_a1/nrep03/seed26: ok(final_y=-1.088, 23.7s)
[926/1080] rahbo_a1/nrep03/seed25: ok(final_y=-3.636, 25.6s)
[927/1080] rahbo_a1/nrep03/seed27: ok(final_y=-0.3609, 29.2s)
[928/1080] rahbo_a1/nrep03/seed28: ok(final_y=-0.1487, 29.2s)
[929/1080] rahbo_a1/nrep03/seed30: ok(final_y=-0.1567, 26.2s)
[930/1080] rahbo_a1/nrep03/seed29: ok(final_y=0.5886, 27.5s)
[931/1080] rahbo_a1/nrep05/seed01: ok(final_y=-0.349, 28.3s)
[932/1080] rahbo_a1/nrep05/seed02: ok(final_y=-0.4958, 29.4s)
[933/1080] rahbo_a1/nrep05/seed04: ok(final_y=-0.3341, 25.9s)
[934/1080] rahbo_a1/nrep05/seed03: ok(final_y=-0.3022, 27.0s)
[935/1080] rahbo_a1/nrep05/seed05: ok(final_y=-0.04939, 29.1s)
[936/1080] rahbo_a1/nrep05/seed06: ok(final_y=0.151, 26.8s)
[937/1080] rahbo_a1/nrep05/seed08: ok(final_y=-0.1588, 24.2s)
[938/1080] rahbo_a1/nrep05/seed07: ok(final_y=-0.03322, 26.9s)
[939/1080] rahbo_a1/nrep05/seed10: ok(final_y=-0.4234, 25.6s)
[940/1080] rahbo_a1/nrep05/seed09: ok(final_y=-0.5117, 29.0s)
[941/1080] rahbo_a1/nrep05/seed12: ok(final_y=-0.5294, 26.1s)
[942/1080] rahbo_a1/nrep05/seed11: ok(final_y=-0.3283, 26.7s)
[943/1080] rahbo_a1/nrep05/seed13: ok(final_y=-0.3509, 26.0s)
[944/1080] rahbo_a1/nrep05/seed14: ok(final_y=-0.9713, 27.9s)
[945/1080] rahbo_a1/nrep05/seed16: ok(final_y=-0.3743, 25.7s)
[946/1080] rahbo_a1/nrep05/seed15: ok(final_y=-0.6262, 27.6s)
[947/1080] rahbo_a1/nrep05/seed19: ok(final_y=-0.06741, 26.8s)
[948/1080] rahbo_a1/nrep05/seed18: ok(final_y=-0.1184, 27.7s)
[949/1080] rahbo_a1/nrep05/seed20: ok(final_y=-0.2731, 26.6s)
[950/1080] rahbo_a1/nrep05/seed17: ok(final_y=-0.9423, 29.5s)
[951/1080] rahbo_a1/nrep05/seed21: ok(final_y=-0.6035, 28.5s)
[952/1080] rahbo_a1/nrep05/seed23: ok(final_y=-0.2999, 24.3s)
[953/1080] rahbo_a1/nrep05/seed22: ok(final_y=-0.465, 26.6s)
[954/1080] rahbo_a1/nrep05/seed24: ok(final_y=-0.2884, 27.0s)
[955/1080] rahbo_a1/nrep05/seed26: ok(final_y=-0.4685, 25.8s)
[956/1080] rahbo_a1/nrep05/seed28: ok(final_y=-0.1218, 25.8s)
[957/1080] rahbo_a1/nrep05/seed25: ok(final_y=-0.5381, 28.0s)
[958/1080] rahbo_a1/nrep05/seed27: ok(final_y=-0.1236, 29.4s)
[959/1080] rahbo_a1/nrep05/seed29: ok(final_y=-0.2032, 26.8s)
[960/1080] rahbo_a1/nrep10/seed01: ok(final_y=-0.2973, 29.3s)
[961/1080] rahbo_a1/nrep05/seed30: ok(final_y=-0.2102, 32.1s)
[962/1080] rahbo_a1/nrep10/seed02: ok(final_y=0.02676, 31.4s)
[963/1080] rahbo_a1/nrep10/seed03: ok(final_y=-0.2192, 25.6s)
[964/1080] rahbo_a1/nrep10/seed05: ok(final_y=0.3916, 24.2s)
[965/1080] rahbo_a1/nrep10/seed04: ok(final_y=-0.09183, 26.9s)
[966/1080] rahbo_a1/nrep10/seed06: ok(final_y=0.1571, 26.5s)
[967/1080] rahbo_a1/nrep10/seed07: ok(final_y=-0.154, 26.1s)
[968/1080] rahbo_a1/nrep10/seed09: ok(final_y=0.008895, 25.0s)
[969/1080] rahbo_a1/nrep10/seed08: ok(final_y=0.01817, 29.2s)
[970/1080] rahbo_a1/nrep10/seed10: ok(final_y=-0.0592, 26.9s)
[971/1080] rahbo_a1/nrep10/seed12: ok(final_y=-0.07805, 24.2s)
[972/1080] rahbo_a1/nrep10/seed11: ok(final_y=-0.07664, 25.9s)
[973/1080] rahbo_a1/nrep10/seed13: ok(final_y=0.1224, 24.8s)
[974/1080] rahbo_a1/nrep10/seed14: ok(final_y=-0.08975, 25.6s)
[975/1080] rahbo_a1/nrep10/seed15: ok(final_y=0.06873, 23.2s)
[976/1080] rahbo_a1/nrep10/seed16: ok(final_y=-0.0505, 22.1s)
[977/1080] rahbo_a1/nrep10/seed17: ok(final_y=-0.1593, 21.2s)
[978/1080] rahbo_a1/nrep10/seed18: ok(final_y=0.06705, 21.2s)
[979/1080] rahbo_a1/nrep10/seed19: ok(final_y=-0.0803, 20.6s)
[980/1080] rahbo_a1/nrep10/seed21: ok(final_y=-0.1984, 18.7s)
[981/1080] rahbo_a1/nrep10/seed20: ok(final_y=-0.1964, 20.6s)
[982/1080] rahbo_a1/nrep10/seed22: ok(final_y=-0.009031, 17.8s)
[983/1080] rahbo_a1/nrep10/seed23: ok(final_y=-0.266, 16.3s)
[984/1080] rahbo_a1/nrep10/seed25: ok(final_y=-0.1584, 16.3s)
[985/1080] rahbo_a1/nrep10/seed24: ok(final_y=-0.3767, 18.1s)
[986/1080] rahbo_a1/nrep10/seed26: ok(final_y=0.1002, 15.5s)
[987/1080] rahbo_a1/nrep10/seed28: ok(final_y=-0.4241, 16.1s)
[988/1080] rahbo_a1/nrep10/seed27: ok(final_y=-0.02776, 16.4s)
[989/1080] rahbo_a1/nrep10/seed29: ok(final_y=-0.02917, 16.2s)
[990/1080] rahbo_a1/nrep10/seed30: ok(final_y=-0.05512, 15.9s)
[991/1080] rahbo_a5/nrep03/seed01: ok(final_y=0.01619, 16.7s)
[992/1080] rahbo_a5/nrep03/seed04: ok(final_y=-0.3989, 15.2s)
[993/1080] rahbo_a5/nrep03/seed02: ok(final_y=2.108, 16.6s)
[994/1080] rahbo_a5/nrep03/seed05: ok(final_y=-2.211, 15.2s)
[995/1080] rahbo_a5/nrep03/seed06: ok(final_y=2.664, 15.5s)
[996/1080] rahbo_a5/nrep03/seed03: ok(final_y=-0.7651, 17.8s)
[997/1080] rahbo_a5/nrep03/seed07: ok(final_y=0.3552, 15.8s)
[998/1080] rahbo_a5/nrep03/seed08: ok(final_y=-0.5172, 16.3s)
[999/1080] rahbo_a5/nrep03/seed09: ok(final_y=3.722, 15.1s)
[1000/1080] rahbo_a5/nrep03/seed12: ok(final_y=-0.6102, 14.3s)
[1001/1080] rahbo_a5/nrep03/seed11: ok(final_y=-2.182, 16.1s)
[1002/1080] rahbo_a5/nrep03/seed10: ok(final_y=-0.3033, 16.8s)
[1003/1080] rahbo_a5/nrep03/seed14: ok(final_y=-0.5303, 15.3s)
[1004/1080] rahbo_a5/nrep03/seed15: ok(final_y=-0.4688, 15.2s)
[1005/1080] rahbo_a5/nrep03/seed13: ok(final_y=-0.4594, 16.9s)
[1006/1080] rahbo_a5/nrep03/seed16: ok(final_y=-1.028, 15.5s)
[1007/1080] rahbo_a5/nrep03/seed17: ok(final_y=1.069, 18.7s)
[1008/1080] rahbo_a5/nrep03/seed19: ok(final_y=-1.132, 15.9s)
[1009/1080] rahbo_a5/nrep03/seed18: ok(final_y=-0.5773, 16.5s)
[1010/1080] rahbo_a5/nrep03/seed20: ok(final_y=-6.345, 16.9s)
[1011/1080] rahbo_a5/nrep03/seed22: ok(final_y=-0.4686, 16.0s)
[1012/1080] rahbo_a5/nrep03/seed24: ok(final_y=-0.2703, 13.7s)
[1013/1080] rahbo_a5/nrep03/seed23: ok(final_y=-0.4393, 15.7s)
[1014/1080] rahbo_a5/nrep03/seed21: ok(final_y=-0.9793, 16.9s)
[1015/1080] rahbo_a5/nrep03/seed25: ok(final_y=1.274, 15.2s)
[1016/1080] rahbo_a5/nrep03/seed26: ok(final_y=-0.9321, 15.0s)
[1017/1080] rahbo_a5/nrep03/seed27: ok(final_y=-0.1571, 15.7s)
[1018/1080] rahbo_a5/nrep05/seed01: ok(final_y=-0.3371, 13.8s)
[1019/1080] rahbo_a5/nrep03/seed28: ok(final_y=-0.5376, 15.8s)
[1020/1080] rahbo_a5/nrep03/seed30: ok(final_y=-0.7041, 15.5s)
[1021/1080] rahbo_a5/nrep03/seed29: ok(final_y=-0.01902, 16.6s)
[1022/1080] rahbo_a5/nrep05/seed02: ok(final_y=0.06245, 16.7s)
[1023/1080] rahbo_a5/nrep05/seed03: ok(final_y=0.5259, 16.6s)
[1024/1080] rahbo_a5/nrep05/seed05: ok(final_y=-0.5685, 14.8s)
[1025/1080] rahbo_a5/nrep05/seed04: ok(final_y=2.965, 16.2s)
[1026/1080] rahbo_a5/nrep05/seed06: ok(final_y=-0.3639, 15.8s)
[1027/1080] rahbo_a5/nrep05/seed07: ok(final_y=0.09598, 16.4s)
[1028/1080] rahbo_a5/nrep05/seed09: ok(final_y=-0.4144, 16.1s)
[1029/1080] rahbo_a5/nrep05/seed10: ok(final_y=-0.1486, 15.6s)
[1030/1080] rahbo_a5/nrep05/seed08: ok(final_y=1.586, 18.4s)
[1031/1080] rahbo_a5/nrep05/seed11: ok(final_y=-0.4408, 15.6s)
[1032/1080] rahbo_a5/nrep05/seed12: ok(final_y=-0.4176, 15.6s)
[1033/1080] rahbo_a5/nrep05/seed13: ok(final_y=0.05088, 15.2s)
[1034/1080] rahbo_a5/nrep05/seed14: ok(final_y=-0.8001, 16.1s)
[1035/1080] rahbo_a5/nrep05/seed15: ok(final_y=-0.6648, 14.3s)
[1036/1080] rahbo_a5/nrep05/seed17: ok(final_y=-0.8637, 15.7s)
[1037/1080] rahbo_a5/nrep05/seed16: ok(final_y=1.667, 16.8s)
[1038/1080] rahbo_a5/nrep05/seed18: ok(final_y=0.9847, 15.6s)
[1039/1080] rahbo_a5/nrep05/seed19: ok(final_y=-0.02045, 15.6s)
[1040/1080] rahbo_a5/nrep05/seed20: ok(final_y=-0.2291, 15.4s)
[1041/1080] rahbo_a5/nrep05/seed21: ok(final_y=0.6677, 16.2s)
[1042/1080] rahbo_a5/nrep05/seed23: ok(final_y=-0.05947, 15.3s)
[1043/1080] rahbo_a5/nrep05/seed22: ok(final_y=-0.5034, 17.0s)
[1044/1080] rahbo_a5/nrep05/seed24: ok(final_y=-0.34, 16.0s)
[1045/1080] rahbo_a5/nrep05/seed26: ok(final_y=-0.4065, 15.1s)
[1046/1080] rahbo_a5/nrep05/seed25: ok(final_y=-0.482, 16.3s)
[1047/1080] rahbo_a5/nrep05/seed27: ok(final_y=-0.4851, 15.4s)
[1048/1080] rahbo_a5/nrep05/seed28: ok(final_y=-0.1803, 15.9s)
[1049/1080] rahbo_a5/nrep05/seed29: ok(final_y=-0.08587, 15.7s)
[1050/1080] rahbo_a5/nrep05/seed30: ok(final_y=-0.04813, 15.3s)
[1051/1080] rahbo_a5/nrep10/seed01: ok(final_y=0.2324, 15.1s)
[1052/1080] rahbo_a5/nrep10/seed03: ok(final_y=-0.1504, 15.0s)
[1053/1080] rahbo_a5/nrep10/seed02: ok(final_y=0.1525, 15.8s)
[1054/1080] rahbo_a5/nrep10/seed04: ok(final_y=0.02467, 17.3s)
[1055/1080] rahbo_a5/nrep10/seed05: ok(final_y=-0.4426, 15.9s)
[1056/1080] rahbo_a5/nrep10/seed06: ok(final_y=0.9672, 15.5s)
[1057/1080] rahbo_a5/nrep10/seed07: ok(final_y=-0.4129, 15.8s)
[1058/1080] rahbo_a5/nrep10/seed08: ok(final_y=0.397, 15.6s)
[1059/1080] rahbo_a5/nrep10/seed09: ok(final_y=0.3393, 16.5s)
[1060/1080] rahbo_a5/nrep10/seed11: ok(final_y=0.1812, 14.9s)
[1061/1080] rahbo_a5/nrep10/seed10: ok(final_y=0.04795, 15.6s)
[1062/1080] rahbo_a5/nrep10/seed12: ok(final_y=0.2003, 16.5s)
[1063/1080] rahbo_a5/nrep10/seed13: ok(final_y=0.1973, 15.6s)
[1064/1080] rahbo_a5/nrep10/seed14: ok(final_y=0.1452, 15.6s)
[1065/1080] rahbo_a5/nrep10/seed15: ok(final_y=0.1508, 16.0s)
[1066/1080] rahbo_a5/nrep10/seed16: ok(final_y=0.1811, 16.3s)
[1067/1080] rahbo_a5/nrep10/seed19: ok(final_y=-0.01388, 15.1s)
[1068/1080] rahbo_a5/nrep10/seed17: ok(final_y=-0.003069, 16.6s)
[1069/1080] rahbo_a5/nrep10/seed18: ok(final_y=0.2637, 16.5s)
[1070/1080] rahbo_a5/nrep10/seed20: ok(final_y=-1.263, 15.8s)
[1071/1080] rahbo_a5/nrep10/seed21: ok(final_y=-0.01212, 15.1s)
[1072/1080] rahbo_a5/nrep10/seed22: ok(final_y=0.3139, 16.0s)
[1073/1080] rahbo_a5/nrep10/seed23: ok(final_y=2.763, 15.8s)
[1074/1080] rahbo_a5/nrep10/seed24: ok(final_y=-0.2498, 16.1s)
[1075/1080] rahbo_a5/nrep10/seed25: ok(final_y=-0.06703, 15.4s)
[1076/1080] rahbo_a5/nrep10/seed26: ok(final_y=0.1788, 15.2s)
[1077/1080] rahbo_a5/nrep10/seed27: ok(final_y=0.07401, 15.0s)
[1078/1080] rahbo_a5/nrep10/seed28: ok(final_y=0.5281, 15.4s)
[1079/1080] rahbo_a5/nrep10/seed29: ok(final_y=3.267, 15.7s)
[1080/1080] rahbo_a5/nrep10/seed30: ok(final_y=0.2583, 15.3s)

Collected 32400 rows -> /data/zhq7531/IDEAL/hetero_lvgp/study_v2_gp/sweep_results.csv
