270 runs | 18 workers | num_iter=30
shared Xvfb on :115 (pid 4140042)
[1/270] lcb/nrep03/seed01: skip(exists)
[2/270] lcb/nrep03/seed03: ok
[3/270] lcb/nrep03/seed06: ok
[4/270] lcb/nrep03/seed02: ok
[5/270] lcb/nrep03/seed04: ok
[6/270] lcb/nrep03/seed05: ok
[7/270] lcb/nrep03/seed08: ok
[8/270] lcb/nrep03/seed18: ok
[9/270] lcb/nrep03/seed14: ok
[10/270] lcb/nrep03/seed11: ok
[11/270] lcb/nrep03/seed07: ok
[12/270] lcb/nrep03/seed16: ok
[13/270] lcb/nrep03/seed17: ok
[14/270] lcb/nrep05/seed01: skip(exists)
[15/270] lcb/nrep03/seed10: ok
[16/270] lcb/nrep03/seed09: ok
[17/270] lcb/nrep03/seed13: ok
[18/270] lcb/nrep03/seed12: ok
[19/270] lcb/nrep03/seed15: ok
[20/270] lcb/nrep03/seed19: ok
[21/270] lcb/nrep03/seed21: ok
[22/270] lcb/nrep03/seed22: ok
[23/270] lcb/nrep03/seed24: ok
[24/270] lcb/nrep03/seed20: ok
[25/270] lcb/nrep03/seed25: ok
[26/270] lcb/nrep03/seed26: ok
[27/270] lcb/nrep03/seed23: ok
[28/270] lcb/nrep03/seed27: ok
[29/270] lcb/nrep05/seed02: ok
[30/270] lcb/nrep03/seed29: ok
[31/270] lcb/nrep03/seed28: ok
[32/270] lcb/nrep05/seed03: ok
[33/270] lcb/nrep05/seed05: ok
[34/270] lcb/nrep05/seed04: ok
[35/270] lcb/nrep03/seed30: ok
[36/270] lcb/nrep05/seed08: ok
[37/270] lcb/nrep05/seed07: ok
[38/270] lcb/nrep05/seed06: ok
[39/270] lcb/nrep05/seed10: ok
[40/270] lcb/nrep05/seed11: ok
[41/270] lcb/nrep05/seed12: ok
[42/270] lcb/nrep05/seed13: ok
[43/270] lcb/nrep05/seed09: ok
[44/270] lcb/nrep10/seed01: skip(exists)
[45/270] lcb/nrep05/seed14: ok
[46/270] lcb/nrep05/seed16: ok
[47/270] lcb/nrep05/seed15: ok
[48/270] lcb/nrep05/seed17: ok
[49/270] lcb/nrep05/seed20: ok
[50/270] lcb/nrep05/seed19: ok
[51/270] lcb/nrep05/seed18: ok
[52/270] lcb/nrep05/seed21: ok
[53/270] lcb/nrep05/seed24: ok
[54/270] lcb/nrep05/seed22: ok
[55/270] lcb/nrep05/seed23: ok
[56/270] lcb/nrep05/seed25: ok
[57/270] lcb/nrep05/seed26: ok
[58/270] lcb/nrep05/seed28: ok
[59/270] lcb/nrep05/seed30: ok
[60/270] lcb/nrep05/seed27: ok
[61/270] lcb/nrep05/seed29: ok
[62/270] lcb/nrep10/seed03: ok
[63/270] lcb/nrep10/seed08: ok
[64/270] lcb/nrep10/seed04: ok
[65/270] lcb/nrep10/seed05: ok
[66/270] lcb/nrep10/seed02: ok
[67/270] lcb/nrep10/seed11: ok
[68/270] lcb/nrep10/seed12: ok
[69/270] lcb/nrep10/seed07: ok
[70/270] lcb/nrep10/seed06: ok
[71/270] lcb/nrep10/seed09: ok
[72/270] lcb/nrep10/seed10: ok
[73/270] lcb/nrep10/seed13: ok
[74/270] pi/nrep03/seed01: skip(exists)
[75/270] lcb/nrep10/seed14: ok
[76/270] lcb/nrep10/seed15: ok
[77/270] lcb/nrep10/seed16: ok
[78/270] lcb/nrep10/seed18: ok
[79/270] lcb/nrep10/seed19: ok
[80/270] lcb/nrep10/seed17: ok
[81/270] lcb/nrep10/seed20: ok
[82/270] lcb/nrep10/seed21: ok
[83/270] lcb/nrep10/seed23: ok
[84/270] lcb/nrep10/seed25: ok
[85/270] lcb/nrep10/seed24: ok
[86/270] lcb/nrep10/seed27: ok
[87/270] lcb/nrep10/seed22: ok
[88/270] lcb/nrep10/seed28: ok
[89/270] lcb/nrep10/seed26: ok
[90/270] pi/nrep03/seed02: ok
[91/270] pi/nrep03/seed03: ok
[92/270] lcb/nrep10/seed30: ok
[93/270] pi/nrep03/seed04: ok
[94/270] lcb/nrep10/seed29: ok
[95/270] pi/nrep03/seed06: ok
[96/270] pi/nrep03/seed05: ok
[97/270] pi/nrep03/seed07: ok
[98/270] pi/nrep03/seed08: ok
[99/270] pi/nrep03/seed09: ok
[100/270] pi/nrep03/seed10: ok
[101/270] pi/nrep03/seed12: ok
[102/270] pi/nrep03/seed13: ok
[103/270] pi/nrep03/seed17: ok
[104/270] pi/nrep05/seed01: skip(exists)
[105/270] pi/nrep03/seed11: ok
[106/270] pi/nrep03/seed15: ok
[107/270] pi/nrep03/seed14: ok
[108/270] pi/nrep03/seed19: ok
[109/270] pi/nrep03/seed18: ok
[110/270] pi/nrep03/seed16: ok
[111/270] pi/nrep03/seed20: ok
[112/270] pi/nrep03/seed21: ok
[113/270] pi/nrep03/seed22: ok
[114/270] pi/nrep03/seed24: ok
[115/270] pi/nrep03/seed23: ok
[116/270] pi/nrep03/seed26: ok
[117/270] pi/nrep03/seed25: ok
[118/270] pi/nrep03/seed28: ok
[119/270] pi/nrep03/seed27: ok
[120/270] pi/nrep03/seed29: ok
[121/270] pi/nrep05/seed02: ok
[122/270] pi/nrep05/seed03: ok
[123/270] pi/nrep03/seed30: ok
[124/270] pi/nrep05/seed07: ok
[125/270] pi/nrep05/seed06: ok
[126/270] pi/nrep05/seed05: ok
[127/270] pi/nrep05/seed08: ok
[128/270] pi/nrep05/seed04: ok
[129/270] pi/nrep05/seed11: ok
[130/270] pi/nrep05/seed10: ok
[131/270] pi/nrep05/seed09: ok
[132/270] pi/nrep05/seed13: ok
[133/270] pi/nrep05/seed12: ok
[134/270] pi/nrep10/seed01: skip(exists)
[135/270] pi/nrep05/seed14: ok
[136/270] pi/nrep05/seed15: ok
[137/270] pi/nrep05/seed16: ok
[138/270] pi/nrep05/seed17: ok
[139/270] pi/nrep05/seed19: ok
[140/270] pi/nrep05/seed22: ok
[141/270] pi/nrep05/seed20: ok
[142/270] pi/nrep05/seed21: ok
[143/270] pi/nrep05/seed18: ok
[144/270] pi/nrep05/seed24: ok
[145/270] pi/nrep05/seed23: ok
[146/270] pi/nrep05/seed27: ok
[147/270] pi/nrep05/seed26: ok
[148/270] pi/nrep05/seed28: ok
[149/270] pi/nrep05/seed25: ok
[150/270] pi/nrep05/seed29: ok
[151/270] pi/nrep05/seed30: ok
[152/270] pi/nrep10/seed02: ok
[153/270] pi/nrep10/seed03: ok
[154/270] pi/nrep10/seed05: ok
[155/270] pi/nrep10/seed04: ok
[156/270] pi/nrep10/seed07: ok
[157/270] pi/nrep10/seed06: ok
[158/270] pi/nrep10/seed08: ok
[159/270] pi/nrep10/seed09: ok
[160/270] pi/nrep10/seed11: ok
[161/270] pi/nrep10/seed10: ok
[162/270] pi/nrep10/seed13: ok
[163/270] pi/nrep10/seed12: ok
[164/270] ei/nrep03/seed01: skip(exists)
[165/270] pi/nrep10/seed14: ok
[166/270] pi/nrep10/seed17: ok
[167/270] pi/nrep10/seed15: ok
[168/270] pi/nrep10/seed16: ok
[169/270] pi/nrep10/seed18: ok
[170/270] pi/nrep10/seed19: ok
[171/270] pi/nrep10/seed21: ok
[172/270] pi/nrep10/seed20: ok
[173/270] pi/nrep10/seed22: ok
[174/270] pi/nrep10/seed24: ok
[175/270] pi/nrep10/seed23: ok
[176/270] pi/nrep10/seed25: ok
[177/270] pi/nrep10/seed26: ok
[178/270] pi/nrep10/seed27: ok
[179/270] pi/nrep10/seed30: ok
[180/270] ei/nrep03/seed02: ok
[181/270] pi/nrep10/seed29: ok
[182/270] pi/nrep10/seed28: ok
[183/270] ei/nrep03/seed06: ok
[184/270] ei/nrep03/seed05: ok
[185/270] ei/nrep03/seed03: ok
[186/270] ei/nrep03/seed04: ok
[187/270] ei/nrep03/seed07: ok
[188/270] ei/nrep03/seed08: ok
[189/270] ei/nrep03/seed10: ok
[190/270] ei/nrep03/seed09: ok
[191/270] ei/nrep03/seed11: ok
[192/270] ei/nrep03/seed12: ok
[193/270] ei/nrep03/seed14: ok
[194/270] ei/nrep05/seed01: skip(exists)
[195/270] ei/nrep03/seed13: ok
[196/270] ei/nrep03/seed15: ok
[197/270] ei/nrep03/seed18: ok
[198/270] ei/nrep03/seed20: ok
[199/270] ei/nrep03/seed16: ok
[200/270] ei/nrep03/seed17: ok
[201/270] ei/nrep03/seed24: ok
[202/270] ei/nrep03/seed23: ok
[203/270] ei/nrep03/seed21: ok
[204/270] ei/nrep03/seed19: ok
[205/270] ei/nrep03/seed22: ok
[206/270] ei/nrep03/seed25: ok
[207/270] ei/nrep03/seed26: ok
[208/270] ei/nrep03/seed27: ok
[209/270] ei/nrep03/seed28: ok
[210/270] ei/nrep03/seed30: ok
[211/270] ei/nrep03/seed29: ok
[212/270] ei/nrep05/seed02: ok
[213/270] ei/nrep05/seed03: ok
[214/270] ei/nrep05/seed05: ok
[215/270] ei/nrep05/seed10: ok
[216/270] ei/nrep05/seed09: ok
[217/270] ei/nrep05/seed07: ok
[218/270] ei/nrep05/seed06: ok
[219/270] ei/nrep05/seed04: ok
[220/270] ei/nrep05/seed11: ok
[221/270] ei/nrep05/seed08: ok
[222/270] ei/nrep05/seed12: ok
[223/270] ei/nrep05/seed13: ok
[224/270] ei/nrep10/seed01: skip(exists)
[225/270] ei/nrep05/seed14: ok
[226/270] ei/nrep05/seed15: ok
[227/270] ei/nrep05/seed17: ok
[228/270] ei/nrep05/seed16: ok
[229/270] ei/nrep05/seed20: ok
[230/270] ei/nrep05/seed21: ok
[231/270] ei/nrep05/seed19: ok
[232/270] ei/nrep05/seed18: ok
[233/270] ei/nrep05/seed24: ok
[234/270] ei/nrep05/seed22: ok
[235/270] ei/nrep05/seed23: ok
[236/270] ei/nrep05/seed28: ok
[237/270] ei/nrep05/seed26: ok
[238/270] ei/nrep05/seed30: ok
[239/270] ei/nrep05/seed25: ok
[240/270] ei/nrep05/seed27: ok
[241/270] ei/nrep05/seed29: ok
[242/270] ei/nrep10/seed03: ok
[243/270] ei/nrep10/seed02: ok
[244/270] ei/nrep10/seed04: ok
[245/270] ei/nrep10/seed06: ok
[246/270] ei/nrep10/seed05: ok
[247/270] ei/nrep10/seed07: ok
[248/270] ei/nrep10/seed09: ok
[249/270] ei/nrep10/seed08: ok
[250/270] ei/nrep10/seed11: ok
[251/270] ei/nrep10/seed10: ok
[252/270] ei/nrep10/seed14: ok
[253/270] ei/nrep10/seed12: ok
[254/270] ei/nrep10/seed17: ok
[255/270] ei/nrep10/seed13: ok
[256/270] ei/nrep10/seed15: ok
[257/270] ei/nrep10/seed20: ok
[258/270] ei/nrep10/seed19: ok
[259/270] ei/nrep10/seed16: ok
[260/270] ei/nrep10/seed18: ok
[261/270] ei/nrep10/seed21: ok
[262/270] ei/nrep10/seed22: ok
[263/270] ei/nrep10/seed23: ok
[264/270] ei/nrep10/seed27: ok
[265/270] ei/nrep10/seed24: ok
[266/270] ei/nrep10/seed25: ok
[267/270] ei/nrep10/seed26: ok
[268/270] ei/nrep10/seed28: ok
[269/270] ei/nrep10/seed29: ok
[270/270] ei/nrep10/seed30: ok

Collected 8100 rows -> /data/zhq7531/IDEAL/hetero_lvgp/study_v2_plain_lvgp/sweep_results.csv
