1080 runs | 18 workers | num_iter=30
[1/1080] lcb/nrep03/seed02: ok(final_y=-4.604, 80.9s)
[2/1080] lcb/nrep03/seed12: ok(final_y=-1.214, 81.0s)
[3/1080] lcb/nrep03/seed03: ok(final_y=-6.436, 81.6s)
[4/1080] lcb/nrep03/seed06: ok(final_y=-0.1887, 82.8s)
[5/1080] lcb/nrep03/seed14: ok(final_y=-5.753, 83.2s)
[6/1080] lcb/nrep03/seed07: ok(final_y=-0.4401, 83.1s)
[7/1080] lcb/nrep03/seed08: ok(final_y=-0.6746, 83.3s)
[8/1080] lcb/nrep03/seed11: ok(final_y=0.5394, 83.7s)
[9/1080] lcb/nrep03/seed15: ok(final_y=-4.829, 86.7s)
[10/1080] lcb/nrep03/seed13: ok(final_y=-0.3754, 87.8s)
[11/1080] lcb/nrep03/seed05: ok(final_y=-17.71, 88.0s)
[12/1080] lcb/nrep03/seed17: ok(final_y=-3.037, 87.3s)
[13/1080] lcb/nrep03/seed10: ok(final_y=-0.6601, 88.8s)
[14/1080] lcb/nrep03/seed04: ok(final_y=0.04561, 88.1s)
[15/1080] lcb/nrep03/seed01: ok(final_y=-1.442, 88.7s)
[16/1080] lcb/nrep03/seed18: ok(final_y=-2.504, 88.8s)
[17/1080] lcb/nrep03/seed16: ok(final_y=-1.613, 93.0s)
[18/1080] lcb/nrep03/seed09: ok(final_y=-0.431, 93.3s)
[19/1080] lcb/nrep03/seed19: ok(final_y=-1.146, 79.4s)
[20/1080] lcb/nrep03/seed20: ok(final_y=-4.596, 83.2s)
[21/1080] lcb/nrep03/seed25: ok(final_y=0.1832, 83.0s)
[22/1080] lcb/nrep03/seed21: ok(final_y=-2.255, 84.1s)
[23/1080] lcb/nrep03/seed24: ok(final_y=0.0233, 83.4s)
[24/1080] lcb/nrep03/seed27: ok(final_y=-3.433, 80.1s)
[25/1080] lcb/nrep03/seed23: ok(final_y=-0.3888, 84.4s)
[26/1080] lcb/nrep03/seed29: ok(final_y=-2.221, 81.0s)
[27/1080] lcb/nrep03/seed28: ok(final_y=-6.824, 81.6s)
[28/1080] lcb/nrep03/seed22: ok(final_y=-4.377, 88.7s)
[29/1080] lcb/nrep03/seed26: ok(final_y=-3.683, 88.2s)
[30/1080] lcb/nrep03/seed30: ok(final_y=-0.126, 84.8s)
[31/1080] lcb/nrep05/seed06: ok(final_y=-3.889, 83.9s)
[32/1080] lcb/nrep05/seed02: ok(final_y=-4.931, 94.0s)
[33/1080] lcb/nrep05/seed01: ok(final_y=-0.3774, 96.7s)
[34/1080] lcb/nrep05/seed03: ok(final_y=-3.452, 95.3s)
[35/1080] lcb/nrep05/seed04: ok(final_y=-0.6217, 99.0s)
[36/1080] lcb/nrep05/seed05: ok(final_y=0.4197, 98.5s)
[37/1080] lcb/nrep05/seed07: ok(final_y=0.4112, 91.3s)
[38/1080] lcb/nrep05/seed09: ok(final_y=-0.5103, 89.2s)
[39/1080] lcb/nrep05/seed08: ok(final_y=-2.932, 91.1s)
[40/1080] lcb/nrep05/seed14: ok(final_y=-0.7402, 88.2s)
[41/1080] lcb/nrep05/seed17: ok(final_y=-7.788, 85.5s)
[42/1080] lcb/nrep05/seed15: ok(final_y=-5.868, 89.6s)
[43/1080] lcb/nrep05/seed10: ok(final_y=-3.942, 92.8s)
[44/1080] lcb/nrep05/seed13: ok(final_y=-0.6906, 91.9s)
[45/1080] lcb/nrep05/seed11: ok(final_y=0.4274, 93.5s)
[46/1080] lcb/nrep05/seed12: ok(final_y=-3.083, 96.9s)
[47/1080] lcb/nrep05/seed16: ok(final_y=-4.164, 96.2s)
[48/1080] lcb/nrep05/seed18: ok(final_y=-1.828, 96.6s)
[49/1080] lcb/nrep05/seed19: ok(final_y=-1.171, 96.3s)
[50/1080] lcb/nrep05/seed20: ok(final_y=0.3333, 93.4s)
[51/1080] lcb/nrep05/seed23: ok(final_y=-3.057, 89.1s)
[52/1080] lcb/nrep05/seed21: ok(final_y=0.3224, 94.8s)
[53/1080] lcb/nrep05/seed24: ok(final_y=-1.008, 89.6s)
[54/1080] lcb/nrep05/seed22: ok(final_y=-3.811, 96.8s)
[55/1080] lcb/nrep05/seed25: ok(final_y=-4.296, 90.0s)
[56/1080] lcb/nrep05/seed28: ok(final_y=-0.03711, 84.7s)
[57/1080] lcb/nrep05/seed26: ok(final_y=-0.3056, 87.0s)
[58/1080] lcb/nrep05/seed27: ok(final_y=-2.724, 90.3s)
[59/1080] lcb/nrep05/seed29: ok(final_y=0.03518, 92.5s)
[60/1080] lcb/nrep05/seed30: ok(final_y=-2.013, 97.6s)
[61/1080] lcb/nrep10/seed01: ok(final_y=0.4571, 99.7s)
[62/1080] lcb/nrep10/seed03: ok(final_y=-1.347, 102.5s)
[63/1080] lcb/nrep10/seed02: ok(final_y=0.1906, 106.7s)
[64/1080] lcb/nrep10/seed04: ok(final_y=0.3048, 104.9s)
[65/1080] lcb/nrep10/seed06: ok(final_y=-0.5735, 101.6s)
[66/1080] lcb/nrep10/seed05: ok(final_y=-0.3264, 103.9s)
[67/1080] lcb/nrep10/seed07: ok(final_y=-0.07838, 98.9s)
[68/1080] lcb/nrep10/seed10: ok(final_y=-0.4789, 95.2s)
[69/1080] lcb/nrep10/seed09: ok(final_y=-0.2262, 102.2s)
[70/1080] lcb/nrep10/seed12: ok(final_y=-0.04057, 101.6s)
[71/1080] lcb/nrep10/seed08: ok(final_y=0.1187, 107.7s)
[72/1080] lcb/nrep10/seed11: ok(final_y=-2.231, 108.7s)
[73/1080] lcb/nrep10/seed13: ok(final_y=0.2596, 98.1s)
[74/1080] lcb/nrep10/seed15: ok(final_y=0.1264, 100.9s)
[75/1080] lcb/nrep10/seed14: ok(final_y=0.01307, 103.3s)
[76/1080] lcb/nrep10/seed18: ok(final_y=-1.78, 95.8s)
[77/1080] lcb/nrep10/seed17: ok(final_y=-3.861, 104.2s)
[78/1080] lcb/nrep10/seed16: ok(final_y=-2.05, 109.7s)
[79/1080] lcb/nrep10/seed20: ok(final_y=-2.467, 99.4s)
[80/1080] lcb/nrep10/seed19: ok(final_y=-0.006556, 104.7s)
[81/1080] lcb/nrep10/seed22: ok(final_y=-1.445, 99.6s)
[82/1080] lcb/nrep10/seed21: ok(final_y=-2.363, 103.1s)
[83/1080] lcb/nrep10/seed24: ok(final_y=-0.1865, 104.3s)
[84/1080] lcb/nrep10/seed23: ok(final_y=-3.385, 104.5s)
[85/1080] lcb/nrep10/seed26: ok(final_y=-0.08529, 100.9s)
[86/1080] lcb/nrep10/seed27: ok(final_y=0.03956, 96.9s)
[87/1080] lcb/nrep10/seed25: ok(final_y=-0.6054, 106.5s)
[88/1080] lcb/nrep10/seed28: ok(final_y=-4.687, 100.5s)
[89/1080] lcb/nrep10/seed30: ok(final_y=-0.03276, 97.5s)
[90/1080] lcb/nrep10/seed29: ok(final_y=-1.717, 108.6s)
[91/1080] pi/nrep03/seed02: ok(final_y=-4.604, 78.1s)
[92/1080] pi/nrep03/seed01: ok(final_y=-1.179, 84.8s)
[93/1080] pi/nrep03/seed03: ok(final_y=-0.7472, 83.4s)
[94/1080] pi/nrep03/seed06: ok(final_y=-0.1221, 75.8s)
[95/1080] pi/nrep03/seed05: ok(final_y=-17.71, 83.8s)
[96/1080] pi/nrep03/seed04: ok(final_y=0.3801, 86.7s)
[97/1080] pi/nrep03/seed07: ok(final_y=0.4352, 79.4s)
[98/1080] pi/nrep03/seed08: ok(final_y=-5.351, 81.9s)
[99/1080] pi/nrep03/seed10: ok(final_y=-4.787, 81.2s)
[100/1080] pi/nrep03/seed09: ok(final_y=0.8276, 82.7s)
[101/1080] pi/nrep03/seed13: ok(final_y=-0.4552, 80.5s)
[102/1080] pi/nrep03/seed14: ok(final_y=-0.04273, 80.9s)
[103/1080] pi/nrep03/seed12: ok(final_y=0.4619, 84.6s)
[104/1080] pi/nrep03/seed15: ok(final_y=-2.836, 81.6s)
[105/1080] pi/nrep03/seed11: ok(final_y=0.3202, 88.4s)
[106/1080] pi/nrep03/seed17: ok(final_y=-7.14, 77.7s)
[107/1080] pi/nrep03/seed16: ok(final_y=0.8041, 81.8s)
[108/1080] pi/nrep03/seed18: ok(final_y=0.8868, 82.9s)
[109/1080] pi/nrep03/seed19: ok(final_y=-8.741, 74.1s)
[110/1080] pi/nrep03/seed20: ok(final_y=-5.289, 78.0s)
[111/1080] pi/nrep03/seed21: ok(final_y=-1.848, 79.6s)
[112/1080] pi/nrep03/seed22: ok(final_y=-0.1812, 77.0s)
[113/1080] pi/nrep03/seed24: ok(final_y=-0.1466, 78.6s)
[114/1080] pi/nrep03/seed23: ok(final_y=-6.499, 82.3s)
[115/1080] pi/nrep03/seed25: ok(final_y=-0.3768, 85.6s)
[116/1080] pi/nrep03/seed27: ok(final_y=0.6632, 80.4s)
[117/1080] pi/nrep03/seed26: ok(final_y=-9.147, 87.4s)
[118/1080] pi/nrep03/seed28: ok(final_y=0.4602, 82.7s)
[119/1080] pi/nrep03/seed29: ok(final_y=0.1005, 82.0s)
[120/1080] pi/nrep03/seed30: ok(final_y=0.6522, 84.6s)
[121/1080] pi/nrep05/seed01: ok(final_y=-0.3514, 91.6s)
[122/1080] pi/nrep05/seed02: ok(final_y=-0.6271, 93.7s)
[123/1080] pi/nrep05/seed04: ok(final_y=-3.05, 90.4s)
[124/1080] pi/nrep05/seed03: ok(final_y=0.2921, 90.9s)
[125/1080] pi/nrep05/seed05: ok(final_y=0.2371, 92.4s)
[126/1080] pi/nrep05/seed06: ok(final_y=-3.56, 87.9s)
[127/1080] pi/nrep05/seed07: ok(final_y=-0.3039, 90.9s)
[128/1080] pi/nrep05/seed08: ok(final_y=0.2217, 86.9s)
[129/1080] pi/nrep05/seed10: ok(final_y=-3.451, 87.9s)
[130/1080] pi/nrep05/seed09: ok(final_y=-4.017, 96.2s)
[131/1080] pi/nrep05/seed12: ok(final_y=-1.547, 89.3s)
[132/1080] pi/nrep05/seed13: ok(final_y=-3.971, 85.7s)
[133/1080] pi/nrep05/seed11: ok(final_y=0.9094, 95.0s)
[134/1080] pi/nrep05/seed14: ok(final_y=-1.821, 82.6s)
[135/1080] pi/nrep05/seed16: ok(final_y=-1.921, 90.1s)
[136/1080] pi/nrep05/seed15: ok(final_y=0.2928, 92.2s)
[137/1080] pi/nrep05/seed17: ok(final_y=-0.4097, 89.3s)
[138/1080] pi/nrep05/seed19: ok(final_y=-1.536, 78.4s)
[139/1080] pi/nrep05/seed18: ok(final_y=-1.742, 93.5s)
[140/1080] pi/nrep05/seed21: ok(final_y=0.2152, 87.6s)
[141/1080] pi/nrep05/seed23: ok(final_y=-0.3851, 88.9s)
[142/1080] pi/nrep05/seed22: ok(final_y=-0.4703, 92.3s)
[143/1080] pi/nrep05/seed20: ok(final_y=-1.187, 95.5s)
[144/1080] pi/nrep05/seed24: ok(final_y=-3.455, 92.6s)
[145/1080] pi/nrep05/seed25: ok(final_y=-0.829, 87.6s)
[146/1080] pi/nrep05/seed26: ok(final_y=-4.32, 90.4s)
[147/1080] pi/nrep05/seed28: ok(final_y=-2.439, 92.5s)
[148/1080] pi/nrep05/seed27: ok(final_y=-1.322, 102.7s)
[149/1080] pi/nrep05/seed30: ok(final_y=-1.175, 91.6s)
[150/1080] pi/nrep05/seed29: ok(final_y=0.5599, 94.0s)
[151/1080] pi/nrep10/seed01: ok(final_y=-0.3094, 95.1s)
[152/1080] pi/nrep10/seed02: ok(final_y=-1.16, 97.1s)
[153/1080] pi/nrep10/seed04: ok(final_y=-3.207, 96.7s)
[154/1080] pi/nrep10/seed05: ok(final_y=0.5055, 94.2s)
[155/1080] pi/nrep10/seed03: ok(final_y=-0.09827, 100.2s)
[156/1080] pi/nrep10/seed07: ok(final_y=-3.446, 97.4s)
[157/1080] pi/nrep10/seed06: ok(final_y=0.1323, 105.2s)
[158/1080] pi/nrep10/seed09: ok(final_y=0.057, 97.5s)
[159/1080] pi/nrep10/seed10: ok(final_y=-2.507, 98.5s)
[160/1080] pi/nrep10/seed08: ok(final_y=-1.025, 106.4s)
[161/1080] pi/nrep10/seed12: ok(final_y=-0.04574, 97.6s)
[162/1080] pi/nrep10/seed11: ok(final_y=0.1355, 106.5s)
[163/1080] pi/nrep10/seed13: ok(final_y=0.1566, 96.6s)
[164/1080] pi/nrep10/seed14: ok(final_y=-2.122, 101.6s)
[165/1080] pi/nrep10/seed15: ok(final_y=-0.4225, 100.5s)
[166/1080] pi/nrep10/seed18: ok(final_y=-1.779, 97.9s)
[167/1080] pi/nrep10/seed16: ok(final_y=-1.899, 103.5s)
[168/1080] pi/nrep10/seed17: ok(final_y=-1.376, 100.6s)
[169/1080] pi/nrep10/seed20: ok(final_y=0.3373, 96.6s)
[170/1080] pi/nrep10/seed19: ok(final_y=-0.1155, 110.4s)
[171/1080] pi/nrep10/seed23: ok(final_y=0.1978, 106.8s)
[172/1080] pi/nrep10/seed21: ok(final_y=0.3581, 111.8s)
[173/1080] pi/nrep10/seed22: ok(final_y=-0.3984, 117.8s)
[174/1080] pi/nrep10/seed24: ok(final_y=-2.095, 106.3s)
[175/1080] pi/nrep10/seed25: ok(final_y=-2.166, 106.9s)
[176/1080] pi/nrep10/seed27: ok(final_y=-2.469, 103.3s)
[177/1080] pi/nrep10/seed26: ok(final_y=-0.03028, 111.1s)
[178/1080] ei/nrep03/seed01: ok(final_y=-1.442, 86.0s)
[179/1080] pi/nrep10/seed28: ok(final_y=-4.16, 110.9s)
[180/1080] pi/nrep10/seed30: ok(final_y=-2.552, 107.2s)
[181/1080] ei/nrep03/seed02: ok(final_y=-4.604, 83.3s)
[182/1080] pi/nrep10/seed29: ok(final_y=-1.499, 111.5s)
[183/1080] ei/nrep03/seed03: ok(final_y=-6.436, 85.2s)
[184/1080] ei/nrep03/seed04: ok(final_y=-0.04067, 90.1s)
[185/1080] ei/nrep03/seed05: ok(final_y=-13.97, 97.5s)
[186/1080] ei/nrep03/seed07: ok(final_y=-3.907, 93.4s)
[187/1080] ei/nrep03/seed06: ok(final_y=-2.398, 101.3s)
[188/1080] ei/nrep03/seed08: ok(final_y=-1.965, 90.4s)
[189/1080] ei/nrep03/seed09: ok(final_y=-0.9476, 87.4s)
[190/1080] ei/nrep03/seed10: ok(final_y=-4.787, 90.2s)
[191/1080] ei/nrep03/seed12: ok(final_y=-1.214, 88.6s)
[192/1080] ei/nrep03/seed13: ok(final_y=0.4964, 88.6s)
[193/1080] ei/nrep03/seed14: ok(final_y=-3.78, 86.4s)
[194/1080] ei/nrep03/seed11: ok(final_y=-5.286, 96.0s)
[195/1080] ei/nrep03/seed15: ok(final_y=-4.64, 85.4s)
[196/1080] ei/nrep03/seed16: ok(final_y=-1.812, 91.5s)
[197/1080] ei/nrep03/seed17: ok(final_y=-3.037, 89.3s)
[198/1080] ei/nrep03/seed18: ok(final_y=0.5154, 89.7s)
[199/1080] ei/nrep03/seed20: ok(final_y=-4.596, 92.9s)
[200/1080] ei/nrep03/seed19: ok(final_y=-3.36, 93.5s)
[201/1080] ei/nrep03/seed21: ok(final_y=-2.344, 93.1s)
[202/1080] ei/nrep03/seed22: ok(final_y=-4.143, 89.7s)
[203/1080] ei/nrep03/seed23: ok(final_y=-4.444, 84.3s)
[204/1080] ei/nrep03/seed24: ok(final_y=-0.2573, 85.3s)
[205/1080] ei/nrep03/seed26: ok(final_y=-3.683, 91.1s)
[206/1080] ei/nrep03/seed25: ok(final_y=-0.996, 94.9s)
[207/1080] ei/nrep03/seed27: ok(final_y=0.6774, 83.9s)
[208/1080] ei/nrep03/seed28: ok(final_y=-6.824, 86.4s)
[209/1080] ei/nrep03/seed30: ok(final_y=-1.412, 86.7s)
[210/1080] ei/nrep03/seed29: ok(final_y=-0.2338, 96.9s)
[211/1080] ei/nrep05/seed01: ok(final_y=-4.153, 93.6s)
[212/1080] ei/nrep05/seed02: ok(final_y=-4.931, 96.9s)
[213/1080] ei/nrep05/seed03: ok(final_y=-3.971, 92.7s)
[214/1080] ei/nrep05/seed04: ok(final_y=-3.05, 93.6s)
[215/1080] ei/nrep05/seed07: ok(final_y=0.07032, 86.5s)
[216/1080] ei/nrep05/seed05: ok(final_y=0.09184, 97.4s)
[217/1080] ei/nrep05/seed06: ok(final_y=-0.8962, 94.7s)
[218/1080] ei/nrep05/seed08: ok(final_y=-2.932, 90.0s)
[219/1080] ei/nrep05/seed09: ok(final_y=-4.766, 90.3s)
[220/1080] ei/nrep05/seed12: ok(final_y=-3.967, 87.8s)
[221/1080] ei/nrep05/seed10: ok(final_y=-4.087, 94.4s)
[222/1080] ei/nrep05/seed11: ok(final_y=0.6957, 96.0s)
[223/1080] ei/nrep05/seed14: ok(final_y=-7.719, 87.4s)
[224/1080] ei/nrep05/seed15: ok(final_y=-5.868, 88.3s)
[225/1080] ei/nrep05/seed13: ok(final_y=-4.481, 93.2s)
[226/1080] ei/nrep05/seed16: ok(final_y=-3.967, 89.2s)
[227/1080] ei/nrep05/seed18: ok(final_y=-1.828, 90.1s)
[228/1080] ei/nrep05/seed17: ok(final_y=-6.818, 99.8s)
[229/1080] ei/nrep05/seed19: ok(final_y=-1.171, 90.9s)
[230/1080] ei/nrep05/seed21: ok(final_y=-0.7347, 88.6s)
[231/1080] ei/nrep05/seed23: ok(final_y=-3.312, 80.1s)
[232/1080] ei/nrep05/seed20: ok(final_y=-0.7283, 94.6s)
[233/1080] ei/nrep05/seed25: ok(final_y=-4.206, 87.7s)
[234/1080] ei/nrep05/seed22: ok(final_y=-3.809, 95.3s)
[235/1080] ei/nrep05/seed26: ok(final_y=-4.175, 95.3s)
[236/1080] ei/nrep05/seed24: ok(final_y=-0.1974, 101.2s)
[237/1080] ei/nrep05/seed27: ok(final_y=-3.036, 100.6s)
[238/1080] ei/nrep05/seed28: ok(final_y=-0.1992, 98.1s)
[239/1080] ei/nrep05/seed30: ok(final_y=-2.252, 93.8s)
[240/1080] ei/nrep05/seed29: ok(final_y=-3.36, 100.4s)
[241/1080] ei/nrep10/seed01: ok(final_y=0.4479, 106.1s)
[242/1080] ei/nrep10/seed03: ok(final_y=-1.388, 103.1s)
[243/1080] ei/nrep10/seed02: ok(final_y=0.143, 109.2s)
[244/1080] ei/nrep10/seed04: ok(final_y=-0.9555, 110.3s)
[245/1080] ei/nrep10/seed05: ok(final_y=-0.3264, 111.4s)
[246/1080] ei/nrep10/seed07: ok(final_y=-3.247, 109.4s)
[247/1080] ei/nrep10/seed08: ok(final_y=-1.934, 109.5s)
[248/1080] ei/nrep10/seed06: ok(final_y=-0.772, 117.5s)
[249/1080] ei/nrep10/seed09: ok(final_y=-1.463, 110.8s)
[250/1080] ei/nrep10/seed10: ok(final_y=-2.095, 113.8s)
[251/1080] ei/nrep10/seed12: ok(final_y=-0.9519, 106.5s)
[252/1080] ei/nrep10/seed11: ok(final_y=0.03965, 110.3s)
[253/1080] ei/nrep10/seed13: ok(final_y=-0.7229, 111.1s)
[254/1080] ei/nrep10/seed14: ok(final_y=-1.287, 111.3s)
[255/1080] ei/nrep10/seed18: ok(final_y=-1.674, 102.0s)
[256/1080] ei/nrep10/seed15: ok(final_y=-1.846, 114.6s)
[257/1080] ei/nrep10/seed16: ok(final_y=-2.636, 112.0s)
[258/1080] ei/nrep10/seed17: ok(final_y=-3.861, 110.5s)
[259/1080] ei/nrep10/seed19: ok(final_y=-2.652, 112.2s)
[260/1080] ei/nrep10/seed20: ok(final_y=-3.548, 115.2s)
[261/1080] ei/nrep10/seed21: ok(final_y=-1.936, 114.1s)
[262/1080] ei/nrep10/seed22: ok(final_y=-1.703, 107.1s)
[263/1080] ei/nrep10/seed23: ok(final_y=-2.893, 107.0s)
[264/1080] ei/nrep10/seed24: ok(final_y=-3.957, 106.1s)
[265/1080] ei/nrep10/seed28: ok(final_y=-2.961, 96.9s)
[266/1080] haei_g0.5/nrep03/seed01: ok(final_y=-1.442, 88.1s)
[267/1080] ei/nrep10/seed25: ok(final_y=-2.553, 112.8s)
[268/1080] haei_g0.5/nrep03/seed02: ok(final_y=0.84, 87.3s)
[269/1080] ei/nrep10/seed30: ok(final_y=-0.07341, 100.3s)
[270/1080] ei/nrep10/seed27: ok(final_y=-2.159, 111.0s)
[271/1080] ei/nrep10/seed29: ok(final_y=-1.864, 104.3s)
[272/1080] ei/nrep10/seed26: ok(final_y=-1.412, 128.0s)
[273/1080] haei_g0.5/nrep03/seed05: ok(final_y=-12.19, 82.7s)
[274/1080] haei_g0.5/nrep03/seed03: ok(final_y=-5.913, 93.3s)
[275/1080] haei_g0.5/nrep03/seed04: ok(final_y=-0.1114, 91.8s)
[276/1080] haei_g0.5/nrep03/seed06: ok(final_y=-0.01365, 93.7s)
[277/1080] haei_g0.5/nrep03/seed08: ok(final_y=-1.183, 82.4s)
[278/1080] haei_g0.5/nrep03/seed07: ok(final_y=-0.4211, 90.1s)
[279/1080] haei_g0.5/nrep03/seed10: ok(final_y=-1.311, 82.6s)
[280/1080] haei_g0.5/nrep03/seed09: ok(final_y=0.0275, 89.4s)
[281/1080] haei_g0.5/nrep03/seed11: ok(final_y=-5.286, 83.3s)
[282/1080] haei_g0.5/nrep03/seed14: ok(final_y=-5.753, 77.0s)
[283/1080] haei_g0.5/nrep03/seed13: ok(final_y=-4.21, 86.0s)
[284/1080] haei_g0.5/nrep03/seed15: ok(final_y=-4.878, 81.9s)
[285/1080] haei_g0.5/nrep03/seed12: ok(final_y=-1.214, 93.5s)
[286/1080] haei_g0.5/nrep03/seed18: ok(final_y=-5.137, 85.8s)
[287/1080] haei_g0.5/nrep03/seed17: ok(final_y=-0.9891, 88.3s)
[288/1080] haei_g0.5/nrep03/seed19: ok(final_y=-7.859, 89.4s)
[289/1080] haei_g0.5/nrep03/seed16: ok(final_y=-1.663, 97.4s)
[290/1080] haei_g0.5/nrep03/seed20: ok(final_y=-4.596, 86.7s)
[291/1080] haei_g0.5/nrep03/seed22: ok(final_y=-4.377, 86.6s)
[292/1080] haei_g0.5/nrep03/seed23: ok(final_y=-1.578, 87.9s)
[293/1080] haei_g0.5/nrep03/seed21: ok(final_y=-2.224, 97.6s)
[294/1080] haei_g0.5/nrep03/seed24: ok(final_y=-2.628, 88.0s)
[295/1080] haei_g0.5/nrep03/seed26: ok(final_y=-3.683, 84.4s)
[296/1080] haei_g0.5/nrep03/seed25: ok(final_y=-0.6962, 88.0s)
[297/1080] haei_g0.5/nrep03/seed27: ok(final_y=0.5799, 89.5s)
[298/1080] haei_g0.5/nrep03/seed28: ok(final_y=-6.824, 91.0s)
[299/1080] haei_g0.5/nrep03/seed30: ok(final_y=-1.461, 83.9s)
[300/1080] haei_g0.5/nrep03/seed29: ok(final_y=-2.942, 88.8s)
[301/1080] haei_g0.5/nrep05/seed02: ok(final_y=-3.159, 89.9s)
[302/1080] haei_g0.5/nrep05/seed01: ok(final_y=0.2382, 92.8s)
[303/1080] haei_g0.5/nrep05/seed03: ok(final_y=-3.183, 93.4s)
[304/1080] haei_g0.5/nrep05/seed06: ok(final_y=-0.8962, 91.1s)
[305/1080] haei_g0.5/nrep05/seed07: ok(final_y=0.1689, 93.1s)
[306/1080] haei_g0.5/nrep05/seed05: ok(final_y=0.1103, 103.0s)
[307/1080] haei_g0.5/nrep05/seed04: ok(final_y=-3.293, 107.3s)
[308/1080] haei_g0.5/nrep05/seed08: ok(final_y=0.4323, 91.1s)
[309/1080] haei_g0.5/nrep05/seed09: ok(final_y=-4.461, 91.3s)
[310/1080] haei_g0.5/nrep05/seed10: ok(final_y=-3.942, 94.0s)
[311/1080] haei_g0.5/nrep05/seed11: ok(final_y=-1.659, 98.5s)
[312/1080] haei_g0.5/nrep05/seed12: ok(final_y=-3.966, 97.3s)
[313/1080] haei_g0.5/nrep05/seed14: ok(final_y=-7.719, 85.9s)
[314/1080] haei_g0.5/nrep05/seed13: ok(final_y=-0.3727, 93.9s)
[315/1080] haei_g0.5/nrep05/seed16: ok(final_y=-3.665, 88.4s)
[316/1080] haei_g0.5/nrep05/seed15: ok(final_y=-5.413, 98.3s)
[317/1080] haei_g0.5/nrep05/seed17: ok(final_y=-2.363, 94.6s)
[318/1080] haei_g0.5/nrep05/seed18: ok(final_y=-1.828, 95.0s)
[319/1080] haei_g0.5/nrep05/seed20: ok(final_y=-0.6955, 87.0s)
[320/1080] haei_g0.5/nrep05/seed19: ok(final_y=-1.171, 98.8s)
[321/1080] haei_g0.5/nrep05/seed21: ok(final_y=-0.2775, 95.0s)
[322/1080] haei_g0.5/nrep05/seed24: ok(final_y=-3.638, 85.2s)
[323/1080] haei_g0.5/nrep05/seed22: ok(final_y=-3.649, 95.8s)
[324/1080] haei_g0.5/nrep05/seed23: ok(final_y=-3.651, 95.0s)
[325/1080] haei_g0.5/nrep05/seed25: ok(final_y=-5.065, 95.2s)
[326/1080] haei_g0.5/nrep05/seed26: ok(final_y=-0.4807, 96.9s)
[327/1080] haei_g0.5/nrep05/seed27: ok(final_y=-1.904, 89.8s)
[328/1080] haei_g0.5/nrep05/seed28: ok(final_y=0.5445, 97.6s)
[329/1080] haei_g0.5/nrep05/seed30: ok(final_y=-2.864, 94.1s)
[330/1080] haei_g0.5/nrep05/seed29: ok(final_y=-2.988, 97.0s)
[331/1080] haei_g0.5/nrep10/seed01: ok(final_y=0.3763, 108.6s)
[332/1080] haei_g0.5/nrep10/seed02: ok(final_y=-1.155, 105.3s)
[333/1080] haei_g0.5/nrep10/seed03: ok(final_y=0.03044, 103.5s)
[334/1080] haei_g0.5/nrep10/seed04: ok(final_y=-1.538, 105.3s)
[335/1080] haei_g0.5/nrep10/seed06: ok(final_y=-0.7812, 99.7s)
[336/1080] haei_g0.5/nrep10/seed07: ok(final_y=-1.143, 105.3s)
[337/1080] haei_g0.5/nrep10/seed05: ok(final_y=0.6576, 111.2s)
[338/1080] haei_g0.5/nrep10/seed10: ok(final_y=-1.03, 98.8s)
[339/1080] haei_g0.5/nrep10/seed08: ok(final_y=-1.094, 110.4s)
[340/1080] haei_g0.5/nrep10/seed11: ok(final_y=0.8567, 101.7s)
[341/1080] haei_g0.5/nrep10/seed09: ok(final_y=0.03223, 109.4s)
[342/1080] haei_g0.5/nrep10/seed12: ok(final_y=-1.548, 106.2s)
[343/1080] haei_g0.5/nrep10/seed15: ok(final_y=-0.4225, 99.1s)
[344/1080] haei_g0.5/nrep10/seed14: ok(final_y=-1.287, 104.4s)
[345/1080] haei_g0.5/nrep10/seed13: ok(final_y=-0.7187, 111.3s)
[346/1080] haei_g0.5/nrep10/seed17: ok(final_y=-3.861, 98.7s)
[347/1080] haei_g0.5/nrep10/seed16: ok(final_y=-2.049, 111.8s)
[348/1080] haei_g0.5/nrep10/seed18: ok(final_y=-1.629, 114.0s)
[349/1080] haei_g0.5/nrep10/seed20: ok(final_y=-2.467, 95.9s)
[350/1080] haei_g0.5/nrep10/seed19: ok(final_y=-0.1094, 110.5s)
[351/1080] haei_g0.5/nrep10/seed21: ok(final_y=-2.175, 104.8s)
[352/1080] haei_g0.5/nrep10/seed22: ok(final_y=-1.11, 102.7s)
[353/1080] haei_g0.5/nrep10/seed23: ok(final_y=-2.738, 100.4s)
[354/1080] haei_g0.5/nrep10/seed25: ok(final_y=-2.333, 99.7s)
[355/1080] haei_g0.5/nrep10/seed24: ok(final_y=-3.729, 101.3s)
[356/1080] haei_g0.5/nrep10/seed27: ok(final_y=0.6301, 96.3s)
[357/1080] haei_g1/nrep03/seed01: ok(final_y=-0.3284, 84.7s)
[358/1080] haei_g0.5/nrep10/seed26: ok(final_y=-1.554, 101.9s)
[359/1080] haei_g0.5/nrep10/seed29: ok(final_y=-1.726, 101.0s)
[360/1080] haei_g1/nrep03/seed03: ok(final_y=-5.626, 82.1s)
[361/1080] haei_g1/nrep03/seed02: ok(final_y=-4.604, 90.5s)
[362/1080] haei_g0.5/nrep10/seed28: ok(final_y=-2.271, 108.3s)
[363/1080] haei_g0.5/nrep10/seed30: ok(final_y=-0.3118, 98.1s)
[364/1080] haei_g1/nrep03/seed04: ok(final_y=-0.07819, 79.6s)
[365/1080] haei_g1/nrep03/seed05: ok(final_y=-0.1679, 77.8s)
[366/1080] haei_g1/nrep03/seed07: ok(final_y=-4.419, 72.6s)
[367/1080] haei_g1/nrep03/seed06: ok(final_y=-6.015, 85.0s)
[368/1080] haei_g1/nrep03/seed08: ok(final_y=-7.784, 84.0s)
[369/1080] haei_g1/nrep03/seed09: ok(final_y=-0.2845, 79.9s)
[370/1080] haei_g1/nrep03/seed10: ok(final_y=-0.5556, 82.3s)
[371/1080] haei_g1/nrep03/seed11: ok(final_y=-5.286, 80.8s)
[372/1080] haei_g1/nrep03/seed13: ok(final_y=-0.6169, 81.9s)
[373/1080] haei_g1/nrep03/seed12: ok(final_y=-1.744, 85.4s)
[374/1080] haei_g1/nrep03/seed16: ok(final_y=-6.244, 78.7s)
[375/1080] haei_g1/nrep03/seed14: ok(final_y=-5.753, 84.9s)
[376/1080] haei_g1/nrep03/seed19: ok(final_y=0.03852, 75.1s)
[377/1080] haei_g1/nrep03/seed18: ok(final_y=-1.966, 81.2s)
[378/1080] haei_g1/nrep03/seed15: ok(final_y=-3.045, 86.7s)
[379/1080] haei_g1/nrep03/seed17: ok(final_y=-0.6296, 85.8s)
[380/1080] haei_g1/nrep03/seed21: ok(final_y=-2.456, 85.0s)
[381/1080] haei_g1/nrep03/seed20: ok(final_y=-4.596, 86.6s)
[382/1080] haei_g1/nrep03/seed22: ok(final_y=-2.145, 86.4s)
[383/1080] haei_g1/nrep03/seed23: ok(final_y=-1.586, 82.8s)
[384/1080] haei_g1/nrep03/seed24: ok(final_y=-2.628, 83.8s)
[385/1080] haei_g1/nrep03/seed25: ok(final_y=-8.289, 79.6s)
[386/1080] haei_g1/nrep03/seed27: ok(final_y=-0.08874, 80.2s)
[387/1080] haei_g1/nrep03/seed26: ok(final_y=-3.683, 81.6s)
[388/1080] haei_g1/nrep03/seed28: ok(final_y=-0.05032, 84.6s)
[389/1080] haei_g1/nrep03/seed29: ok(final_y=-3.284, 84.3s)
[390/1080] haei_g1/nrep03/seed30: ok(final_y=-1.446, 81.7s)
[391/1080] haei_g1/nrep05/seed01: ok(final_y=-3.837, 80.7s)
[392/1080] haei_g1/nrep05/seed02: ok(final_y=-1.15, 83.7s)
[393/1080] haei_g1/nrep05/seed03: ok(final_y=-3.452, 86.2s)
[394/1080] haei_g1/nrep05/seed06: ok(final_y=0.3671, 85.2s)
[395/1080] haei_g1/nrep05/seed05: ok(final_y=-1.521, 90.4s)
[396/1080] haei_g1/nrep05/seed04: ok(final_y=-3.292, 92.7s)
[397/1080] haei_g1/nrep05/seed07: ok(final_y=1.319, 92.5s)
[398/1080] haei_g1/nrep05/seed11: ok(final_y=-1.659, 81.7s)
[399/1080] haei_g1/nrep05/seed09: ok(final_y=-4.766, 86.1s)
[400/1080] haei_g1/nrep05/seed08: ok(final_y=0.491, 87.3s)
[401/1080] haei_g1/nrep05/seed10: ok(final_y=-3.942, 88.0s)
[402/1080] haei_g1/nrep05/seed12: ok(final_y=-3.932, 80.5s)
[403/1080] haei_g1/nrep05/seed13: ok(final_y=-3.971, 88.1s)
[404/1080] haei_g1/nrep05/seed14: ok(final_y=-7.902, 86.4s)
[405/1080] haei_g1/nrep05/seed15: ok(final_y=-0.7027, 94.3s)
[406/1080] haei_g1/nrep05/seed16: ok(final_y=-1.921, 90.5s)
[407/1080] haei_g1/nrep05/seed18: ok(final_y=-1.828, 84.2s)
[408/1080] haei_g1/nrep05/seed17: ok(final_y=-6.689, 92.4s)
[409/1080] haei_g1/nrep05/seed19: ok(final_y=-1.171, 85.3s)
[410/1080] haei_g1/nrep05/seed20: ok(final_y=0.3511, 87.4s)
[411/1080] haei_g1/nrep05/seed21: ok(final_y=-0.3405, 86.3s)
[412/1080] haei_g1/nrep05/seed22: ok(final_y=-3.534, 90.2s)
[413/1080] haei_g1/nrep05/seed23: ok(final_y=-0.2849, 90.1s)
[414/1080] haei_g1/nrep05/seed24: ok(final_y=-0.2896, 90.4s)
[415/1080] haei_g1/nrep05/seed25: ok(final_y=-1.997, 86.9s)
[416/1080] haei_g1/nrep05/seed27: ok(final_y=-0.8892, 89.5s)
[417/1080] haei_g1/nrep05/seed26: ok(final_y=-0.0889, 90.6s)
[418/1080] haei_g1/nrep05/seed29: ok(final_y=-0.4578, 89.9s)
[419/1080] haei_g1/nrep05/seed28: ok(final_y=-1.652, 93.7s)
[420/1080] haei_g1/nrep05/seed30: ok(final_y=-0.2228, 90.0s)
[421/1080] haei_g1/nrep10/seed01: ok(final_y=-3.009, 97.3s)
[422/1080] haei_g1/nrep10/seed02: ok(final_y=0.9497, 97.9s)
[423/1080] haei_g1/nrep10/seed03: ok(final_y=0.119, 92.0s)
[424/1080] haei_g1/nrep10/seed04: ok(final_y=-0.7846, 93.3s)
[425/1080] haei_g1/nrep10/seed07: ok(final_y=-4.697, 89.4s)
[426/1080] haei_g1/nrep10/seed05: ok(final_y=-0.1433, 92.0s)
[427/1080] haei_g1/nrep10/seed06: ok(final_y=-0.6463, 92.0s)
[428/1080] haei_g1/nrep10/seed08: ok(final_y=-1.094, 90.9s)
[429/1080] haei_g1/nrep10/seed11: ok(final_y=-0.3868, 79.3s)
[430/1080] haei_g1/nrep10/seed10: ok(final_y=-1.254, 84.1s)
[431/1080] haei_g1/nrep10/seed13: ok(final_y=-0.3001, 77.5s)
[432/1080] haei_g1/nrep10/seed09: ok(final_y=0.4526, 90.9s)
[433/1080] haei_g1/nrep10/seed12: ok(final_y=-1.548, 84.0s)
[434/1080] haei_g1/nrep10/seed15: ok(final_y=-0.4225, 80.6s)
[435/1080] haei_g1/nrep10/seed14: ok(final_y=-2.407, 82.8s)
[436/1080] haei_g1/nrep10/seed16: ok(final_y=-1.232, 78.8s)
[437/1080] haei_g1/nrep10/seed18: ok(final_y=-0.9035, 78.4s)
[438/1080] haei_g1/nrep10/seed17: ok(final_y=-3.233, 83.1s)
[439/1080] haei_g1/nrep10/seed19: ok(final_y=-0.1018, 75.2s)
[440/1080] haei_g1/nrep10/seed20: ok(final_y=-2.052, 71.4s)
[441/1080] haei_g1/nrep10/seed21: ok(final_y=-1.479, 70.4s)
[442/1080] haei_g1/nrep10/seed22: ok(final_y=-1.11, 68.7s)
[443/1080] haei_g1/nrep10/seed25: ok(final_y=-1.018, 65.1s)
[444/1080] haei_g1/nrep10/seed24: ok(final_y=-3.729, 67.0s)
[445/1080] haei_g1/nrep10/seed23: ok(final_y=-2.738, 67.3s)
[446/1080] haei_g5/nrep03/seed01: ok(final_y=0.1648, 56.8s)
[447/1080] haei_g1/nrep10/seed26: ok(final_y=-1.134, 69.2s)
[448/1080] haei_g5/nrep03/seed03: ok(final_y=-6.436, 56.4s)
[449/1080] haei_g5/nrep03/seed02: ok(final_y=-2.919, 57.9s)
[450/1080] haei_g1/nrep10/seed30: ok(final_y=-1.239, 66.6s)
[451/1080] haei_g5/nrep03/seed04: ok(final_y=-0.2738, 58.5s)
[452/1080] haei_g1/nrep10/seed27: ok(final_y=-1.193, 68.7s)
[453/1080] haei_g5/nrep03/seed05: ok(final_y=-17.71, 57.9s)
[454/1080] haei_g1/nrep10/seed28: ok(final_y=1.767, 69.4s)
[455/1080] haei_g5/nrep03/seed06: ok(final_y=-6.015, 54.6s)
[456/1080] haei_g1/nrep10/seed29: ok(final_y=-1.778, 70.9s)
[457/1080] haei_g5/nrep03/seed07: ok(final_y=-2.394, 57.7s)
[458/1080] haei_g5/nrep03/seed08: ok(final_y=-5.695, 57.3s)
[459/1080] haei_g5/nrep03/seed09: ok(final_y=1.462, 57.6s)
[460/1080] haei_g5/nrep03/seed10: ok(final_y=-4.787, 56.3s)
[461/1080] haei_g5/nrep03/seed12: ok(final_y=-5.305, 55.3s)
[462/1080] haei_g5/nrep03/seed13: ok(final_y=-4.21, 56.3s)
[463/1080] haei_g5/nrep03/seed11: ok(final_y=-5.445, 58.3s)
[464/1080] haei_g5/nrep03/seed14: ok(final_y=1.1, 56.3s)
[465/1080] haei_g5/nrep03/seed17: ok(final_y=-4.137, 54.6s)
[466/1080] haei_g5/nrep03/seed16: ok(final_y=-0.4322, 55.3s)
[467/1080] haei_g5/nrep03/seed15: ok(final_y=1.226, 57.3s)
[468/1080] haei_g5/nrep03/seed18: ok(final_y=-3.583, 55.8s)
[469/1080] haei_g5/nrep03/seed20: ok(final_y=-0.8558, 56.4s)
[470/1080] haei_g5/nrep03/seed21: ok(final_y=-10.91, 55.7s)
[471/1080] haei_g5/nrep03/seed19: ok(final_y=-8.741, 57.1s)
[472/1080] haei_g5/nrep03/seed22: ok(final_y=0.2483, 56.1s)
[473/1080] haei_g5/nrep03/seed23: ok(final_y=1.246, 58.5s)
[474/1080] haei_g5/nrep03/seed24: ok(final_y=-2.646, 57.2s)
[475/1080] haei_g5/nrep03/seed25: ok(final_y=0.03349, 57.0s)
[476/1080] haei_g5/nrep03/seed26: ok(final_y=-3.683, 57.7s)
[477/1080] haei_g5/nrep03/seed27: ok(final_y=-0.006898, 58.5s)
[478/1080] haei_g5/nrep03/seed28: ok(final_y=1.915, 55.6s)
[479/1080] haei_g5/nrep03/seed29: ok(final_y=-0.395, 56.9s)
[480/1080] haei_g5/nrep03/seed30: ok(final_y=0.5482, 57.5s)
[481/1080] haei_g5/nrep05/seed01: ok(final_y=-3.837, 61.2s)
[482/1080] haei_g5/nrep05/seed02: ok(final_y=-2.846, 58.6s)
[483/1080] haei_g5/nrep05/seed05: ok(final_y=-1.157, 58.9s)
[484/1080] haei_g5/nrep05/seed03: ok(final_y=0.5542, 60.3s)
[485/1080] haei_g5/nrep05/seed06: ok(final_y=-0.1091, 58.3s)
[486/1080] haei_g5/nrep05/seed04: ok(final_y=-3.05, 60.3s)
[487/1080] haei_g5/nrep05/seed07: ok(final_y=-0.8887, 59.0s)
[488/1080] haei_g5/nrep05/seed10: ok(final_y=-4.257, 58.5s)
[489/1080] haei_g5/nrep05/seed08: ok(final_y=0.491, 60.5s)
[490/1080] haei_g5/nrep05/seed09: ok(final_y=-3.882, 60.6s)
[491/1080] haei_g5/nrep05/seed12: ok(final_y=-4.559, 58.4s)
[492/1080] haei_g5/nrep05/seed11: ok(final_y=0.5319, 60.8s)
[493/1080] haei_g5/nrep05/seed13: ok(final_y=-3.971, 58.8s)
[494/1080] haei_g5/nrep05/seed14: ok(final_y=-7.902, 60.2s)
[495/1080] haei_g5/nrep05/seed15: ok(final_y=-5.868, 58.7s)
[496/1080] haei_g5/nrep05/seed16: ok(final_y=-1.921, 59.7s)
[497/1080] haei_g5/nrep05/seed17: ok(final_y=-2.956, 58.0s)
[498/1080] haei_g5/nrep05/seed18: ok(final_y=-0.3119, 58.6s)
[499/1080] haei_g5/nrep05/seed19: ok(final_y=-1.171, 61.2s)
[500/1080] haei_g5/nrep05/seed20: ok(final_y=-3.461, 59.0s)
[501/1080] haei_g5/nrep05/seed22: ok(final_y=0.602, 57.7s)
[502/1080] haei_g5/nrep05/seed21: ok(final_y=-5.23, 60.2s)
[503/1080] haei_g5/nrep05/seed24: ok(final_y=0.5325, 59.5s)
[504/1080] haei_g5/nrep05/seed23: ok(final_y=-2.72, 61.1s)
[505/1080] haei_g5/nrep05/seed26: ok(final_y=-4.32, 58.9s)
[506/1080] haei_g5/nrep05/seed25: ok(final_y=-5.065, 60.5s)
[507/1080] haei_g5/nrep05/seed28: ok(final_y=-1.652, 59.1s)
[508/1080] haei_g5/nrep05/seed29: ok(final_y=-2.318, 59.0s)
[509/1080] haei_g5/nrep05/seed27: ok(final_y=-0.1773, 61.2s)
[510/1080] haei_g5/nrep05/seed30: ok(final_y=-2.233, 60.6s)
[511/1080] haei_g5/nrep10/seed01: ok(final_y=0.5059, 63.2s)
[512/1080] haei_g5/nrep10/seed02: ok(final_y=2.288, 65.9s)
[513/1080] haei_g5/nrep10/seed03: ok(final_y=-0.3047, 66.1s)
[514/1080] haei_g5/nrep10/seed04: ok(final_y=0.7015, 64.0s)
[515/1080] haei_g5/nrep10/seed05: ok(final_y=2.122, 63.9s)
[516/1080] haei_g5/nrep10/seed06: ok(final_y=0.3548, 65.2s)
[517/1080] haei_g5/nrep10/seed07: ok(final_y=-4.697, 65.4s)
[518/1080] haei_g5/nrep10/seed09: ok(final_y=2.101, 64.5s)
[519/1080] haei_g5/nrep10/seed08: ok(final_y=0.04223, 67.2s)
[520/1080] haei_g5/nrep10/seed10: ok(final_y=1.39, 65.2s)
[521/1080] haei_g5/nrep10/seed11: ok(final_y=-1.37, 66.7s)
[522/1080] haei_g5/nrep10/seed12: ok(final_y=-1.548, 66.9s)
[523/1080] haei_g5/nrep10/seed13: ok(final_y=0.5543, 66.7s)
[524/1080] haei_g5/nrep10/seed14: ok(final_y=-1.287, 65.6s)
[525/1080] haei_g5/nrep10/seed16: ok(final_y=-1.232, 64.8s)
[526/1080] haei_g5/nrep10/seed15: ok(final_y=-0.4225, 65.8s)
[527/1080] haei_g5/nrep10/seed17: ok(final_y=2.515, 65.4s)
[528/1080] haei_g5/nrep10/seed18: ok(final_y=-0.1391, 64.9s)
[529/1080] haei_g5/nrep10/seed19: ok(final_y=-1.488, 66.7s)
[530/1080] haei_g5/nrep10/seed20: ok(final_y=-2.467, 66.7s)
[531/1080] haei_g5/nrep10/seed21: ok(final_y=-1.479, 65.4s)
[532/1080] haei_g5/nrep10/seed23: ok(final_y=-1.868, 65.9s)
[533/1080] haei_g5/nrep10/seed22: ok(final_y=2.25, 67.7s)
[534/1080] haei_g5/nrep10/seed24: ok(final_y=-3.729, 67.7s)
[535/1080] haei_g5/nrep10/seed25: ok(final_y=-0.7782, 67.8s)
[536/1080] haei_g5/nrep10/seed26: ok(final_y=2.181, 65.2s)
[537/1080] haei_g5/nrep10/seed27: ok(final_y=-1.193, 65.4s)
[538/1080] anpei_b0.2/nrep03/seed03: ok(final_y=3.15, 58.0s)
[539/1080] anpei_b0.2/nrep03/seed02: ok(final_y=3.154, 59.0s)
[540/1080] anpei_b0.2/nrep03/seed05: ok(final_y=-0.02745, 56.8s)
[541/1080] anpei_b0.2/nrep03/seed04: ok(final_y=1.849, 58.5s)
[542/1080] anpei_b0.2/nrep03/seed01: ok(final_y=2.87, 60.0s)
[543/1080] haei_g5/nrep10/seed28: ok(final_y=-4.16, 64.5s)
[544/1080] haei_g5/nrep10/seed29: ok(final_y=-0.8967, 65.4s)
[545/1080] anpei_b0.2/nrep03/seed06: ok(final_y=-3.093, 59.0s)
[546/1080] haei_g5/nrep10/seed30: ok(final_y=-1.239, 67.5s)
[547/1080] anpei_b0.2/nrep03/seed07: ok(final_y=0.2416, 57.6s)
[548/1080] anpei_b0.2/nrep03/seed08: ok(final_y=1.388, 59.2s)
[549/1080] anpei_b0.2/nrep03/seed09: ok(final_y=3.722, 59.6s)
[550/1080] anpei_b0.2/nrep03/seed11: ok(final_y=1.061, 57.7s)
[551/1080] anpei_b0.2/nrep03/seed10: ok(final_y=2.715, 60.0s)
[552/1080] anpei_b0.2/nrep03/seed12: ok(final_y=-5.305, 57.7s)
[553/1080] anpei_b0.2/nrep03/seed13: ok(final_y=4.255, 57.6s)
[554/1080] anpei_b0.2/nrep03/seed18: ok(final_y=-1.539, 55.7s)
[555/1080] anpei_b0.2/nrep03/seed16: ok(final_y=-2.593, 56.7s)
[556/1080] anpei_b0.2/nrep03/seed15: ok(final_y=3.354, 57.4s)
[557/1080] anpei_b0.2/nrep03/seed14: ok(final_y=4.373, 57.9s)
[558/1080] anpei_b0.2/nrep03/seed19: ok(final_y=1.63, 57.2s)
[559/1080] anpei_b0.2/nrep03/seed17: ok(final_y=1.069, 58.2s)
[560/1080] anpei_b0.2/nrep03/seed20: ok(final_y=1.194, 58.2s)
[561/1080] anpei_b0.2/nrep03/seed21: ok(final_y=-4.091, 58.5s)
[562/1080] anpei_b0.2/nrep03/seed22: ok(final_y=3.445, 57.9s)
[563/1080] anpei_b0.2/nrep03/seed23: ok(final_y=3.208, 58.1s)
[564/1080] anpei_b0.2/nrep03/seed24: ok(final_y=0.3772, 58.1s)
[565/1080] anpei_b0.2/nrep03/seed25: ok(final_y=1.274, 58.0s)
[566/1080] anpei_b0.2/nrep03/seed26: ok(final_y=2.518, 56.8s)
[567/1080] anpei_b0.2/nrep03/seed27: ok(final_y=4.187, 58.1s)
[568/1080] anpei_b0.2/nrep03/seed28: ok(final_y=2.001, 57.7s)
[569/1080] anpei_b0.2/nrep03/seed29: ok(final_y=1.01, 58.1s)
[570/1080] anpei_b0.2/nrep03/seed30: ok(final_y=1.905, 55.7s)
[571/1080] anpei_b0.2/nrep05/seed01: ok(final_y=3.389, 61.3s)
[572/1080] anpei_b0.2/nrep05/seed02: ok(final_y=1.477, 59.6s)
[573/1080] anpei_b0.2/nrep05/seed03: ok(final_y=-0.7588, 59.7s)
[574/1080] anpei_b0.2/nrep05/seed06: ok(final_y=-1.162, 60.4s)
[575/1080] anpei_b0.2/nrep05/seed04: ok(final_y=1.668, 62.6s)
[576/1080] anpei_b0.2/nrep05/seed05: ok(final_y=3.279, 62.3s)
[577/1080] anpei_b0.2/nrep05/seed07: ok(final_y=4.2, 61.7s)
[578/1080] anpei_b0.2/nrep05/seed09: ok(final_y=1.986, 61.1s)
[579/1080] anpei_b0.2/nrep05/seed08: ok(final_y=4.388, 63.0s)
[580/1080] anpei_b0.2/nrep05/seed10: ok(final_y=0.2945, 62.4s)
[581/1080] anpei_b0.2/nrep05/seed11: ok(final_y=4.386, 62.6s)
[582/1080] anpei_b0.2/nrep05/seed12: ok(final_y=2.76, 61.0s)
[583/1080] anpei_b0.2/nrep05/seed13: ok(final_y=4.178, 62.2s)
[584/1080] anpei_b0.2/nrep05/seed15: ok(final_y=2.943, 61.0s)
[585/1080] anpei_b0.2/nrep05/seed16: ok(final_y=2.419, 61.2s)
[586/1080] anpei_b0.2/nrep05/seed14: ok(final_y=2.637, 64.3s)
[587/1080] anpei_b0.2/nrep05/seed17: ok(final_y=3.603, 63.7s)
[588/1080] anpei_b0.2/nrep05/seed18: ok(final_y=1.334, 63.3s)
[589/1080] anpei_b0.2/nrep05/seed19: ok(final_y=1.586, 63.2s)
[590/1080] anpei_b0.2/nrep05/seed22: ok(final_y=2.458, 59.9s)
[591/1080] anpei_b0.2/nrep05/seed21: ok(final_y=2.073, 61.9s)
[592/1080] anpei_b0.2/nrep05/seed20: ok(final_y=1.527, 65.0s)
[593/1080] anpei_b0.2/nrep05/seed23: ok(final_y=3.03, 62.1s)
[594/1080] anpei_b0.2/nrep05/seed26: ok(final_y=4.179, 61.6s)
[595/1080] anpei_b0.2/nrep05/seed25: ok(final_y=2.452, 62.9s)
[596/1080] anpei_b0.2/nrep05/seed24: ok(final_y=1.418, 63.3s)
[597/1080] anpei_b0.2/nrep05/seed27: ok(final_y=2.417, 63.4s)
[598/1080] anpei_b0.2/nrep05/seed29: ok(final_y=2.375, 60.7s)
[599/1080] anpei_b0.2/nrep05/seed30: ok(final_y=0.2131, 59.2s)
[600/1080] anpei_b0.2/nrep05/seed28: ok(final_y=2.226, 62.8s)
[601/1080] anpei_b0.2/nrep10/seed01: ok(final_y=3.086, 75.5s)
[602/1080] anpei_b0.2/nrep10/seed02: ok(final_y=2.608, 72.3s)
[603/1080] anpei_b0.2/nrep10/seed03: ok(final_y=-2.22, 76.0s)
[604/1080] anpei_b0.2/nrep10/seed06: ok(final_y=2.137, 72.1s)
[605/1080] anpei_b0.2/nrep10/seed04: ok(final_y=2.814, 77.9s)
[606/1080] anpei_b0.2/nrep10/seed05: ok(final_y=2.122, 73.9s)
[607/1080] anpei_b0.2/nrep10/seed07: ok(final_y=2.925, 78.5s)
[608/1080] anpei_b0.2/nrep10/seed08: ok(final_y=2.134, 74.8s)
[609/1080] anpei_b0.2/nrep10/seed09: ok(final_y=2.758, 77.2s)
[610/1080] anpei_b0.2/nrep10/seed10: ok(final_y=3.043, 76.0s)
[611/1080] anpei_b0.2/nrep10/seed11: ok(final_y=3.793, 76.4s)
[612/1080] anpei_b0.2/nrep10/seed12: ok(final_y=3.291, 78.4s)
[613/1080] anpei_b0.2/nrep10/seed14: ok(final_y=2.328, 78.1s)
[614/1080] anpei_b0.2/nrep10/seed13: ok(final_y=2.971, 78.2s)
[615/1080] anpei_b0.2/nrep10/seed16: ok(final_y=3.709, 75.6s)
[616/1080] anpei_b0.2/nrep10/seed17: ok(final_y=2.783, 77.9s)
[617/1080] anpei_b0.2/nrep10/seed18: ok(final_y=1.889, 76.8s)
[618/1080] anpei_b0.2/nrep10/seed15: ok(final_y=2.498, 80.0s)
[619/1080] anpei_b0.2/nrep10/seed19: ok(final_y=0.3715, 72.3s)
[620/1080] anpei_b0.2/nrep10/seed20: ok(final_y=3.175, 77.8s)
[621/1080] anpei_b0.2/nrep10/seed21: ok(final_y=3.555, 76.8s)
[622/1080] anpei_b0.2/nrep10/seed23: ok(final_y=3.355, 77.2s)
[623/1080] anpei_b0.2/nrep10/seed22: ok(final_y=4.54, 78.4s)
[624/1080] anpei_b0.2/nrep10/seed24: ok(final_y=2.716, 77.6s)
[625/1080] anpei_b0.5/nrep03/seed02: ok(final_y=-0.1564, 60.2s)
[626/1080] anpei_b0.5/nrep03/seed01: ok(final_y=2.756, 60.7s)
[627/1080] anpei_b0.5/nrep03/seed05: ok(final_y=-4.535, 58.5s)
[628/1080] anpei_b0.5/nrep03/seed03: ok(final_y=-0.08101, 64.0s)
[629/1080] anpei_b0.2/nrep10/seed26: ok(final_y=2.181, 73.1s)
[630/1080] anpei_b0.5/nrep03/seed06: ok(final_y=2.619, 60.4s)
[631/1080] anpei_b0.5/nrep03/seed04: ok(final_y=0.8559, 63.1s)
[632/1080] anpei_b0.2/nrep10/seed25: ok(final_y=3.424, 77.0s)
[633/1080] anpei_b0.2/nrep10/seed27: ok(final_y=3.051, 74.7s)
[634/1080] anpei_b0.2/nrep10/seed28: ok(final_y=2.716, 74.9s)
[635/1080] anpei_b0.2/nrep10/seed29: ok(final_y=0.656, 77.0s)
[636/1080] anpei_b0.2/nrep10/seed30: ok(final_y=3.097, 77.5s)
[637/1080] anpei_b0.5/nrep03/seed07: ok(final_y=0.8219, 59.3s)
[638/1080] anpei_b0.5/nrep03/seed08: ok(final_y=0.6067, 59.6s)
[639/1080] anpei_b0.5/nrep03/seed09: ok(final_y=0.9008, 59.7s)
[640/1080] anpei_b0.5/nrep03/seed11: ok(final_y=1.443, 59.6s)
[641/1080] anpei_b0.5/nrep03/seed10: ok(final_y=1.566, 62.1s)
[642/1080] anpei_b0.5/nrep03/seed12: ok(final_y=-5.305, 61.3s)
[643/1080] anpei_b0.5/nrep03/seed14: ok(final_y=4.373, 59.2s)
[644/1080] anpei_b0.5/nrep03/seed13: ok(final_y=2.333, 61.5s)
[645/1080] anpei_b0.5/nrep03/seed15: ok(final_y=0.8203, 60.4s)
[646/1080] anpei_b0.5/nrep03/seed17: ok(final_y=-4.137, 57.5s)
[647/1080] anpei_b0.5/nrep03/seed16: ok(final_y=-3.48, 57.6s)
[648/1080] anpei_b0.5/nrep03/seed18: ok(final_y=1.905, 57.9s)
[649/1080] anpei_b0.5/nrep03/seed19: ok(final_y=0.264, 59.2s)
[650/1080] anpei_b0.5/nrep03/seed20: ok(final_y=-1.866, 57.7s)
[651/1080] anpei_b0.5/nrep03/seed21: ok(final_y=-0.3522, 57.8s)
[652/1080] anpei_b0.5/nrep03/seed22: ok(final_y=-2.145, 58.2s)
[653/1080] anpei_b0.5/nrep03/seed24: ok(final_y=0.9342, 57.9s)
[654/1080] anpei_b0.5/nrep03/seed23: ok(final_y=2.235, 62.2s)
[655/1080] anpei_b0.5/nrep03/seed25: ok(final_y=0.3824, 57.9s)
[656/1080] anpei_b0.5/nrep03/seed26: ok(final_y=0.2995, 59.8s)
[657/1080] anpei_b0.5/nrep03/seed27: ok(final_y=-0.08192, 58.3s)
[658/1080] anpei_b0.5/nrep03/seed28: ok(final_y=2.432, 59.3s)
[659/1080] anpei_b0.5/nrep03/seed30: ok(final_y=-0.06083, 57.1s)
[660/1080] anpei_b0.5/nrep03/seed29: ok(final_y=1.623, 58.4s)
[661/1080] anpei_b0.5/nrep05/seed05: ok(final_y=-1.521, 59.4s)
[662/1080] anpei_b0.5/nrep05/seed01: ok(final_y=0.4652, 62.0s)
[663/1080] anpei_b0.5/nrep05/seed04: ok(final_y=0.6204, 61.1s)
[664/1080] anpei_b0.5/nrep05/seed03: ok(final_y=2.579, 61.5s)
[665/1080] anpei_b0.5/nrep05/seed06: ok(final_y=1.864, 62.3s)
[666/1080] anpei_b0.5/nrep05/seed07: ok(final_y=-0.8887, 61.3s)
[667/1080] anpei_b0.5/nrep05/seed02: ok(final_y=1.477, 65.5s)
[668/1080] anpei_b0.5/nrep05/seed09: ok(final_y=1.986, 60.8s)
[669/1080] anpei_b0.5/nrep05/seed08: ok(final_y=0.7214, 62.4s)
[670/1080] anpei_b0.5/nrep05/seed10: ok(final_y=-3.174, 61.5s)
[671/1080] anpei_b0.5/nrep05/seed12: ok(final_y=-0.0557, 60.8s)
[672/1080] anpei_b0.5/nrep05/seed11: ok(final_y=5.522, 62.2s)
[673/1080] anpei_b0.5/nrep05/seed13: ok(final_y=-1.847, 62.6s)
[674/1080] anpei_b0.5/nrep05/seed15: ok(final_y=0.8433, 60.9s)
[675/1080] anpei_b0.5/nrep05/seed14: ok(final_y=2.637, 65.5s)
[676/1080] anpei_b0.5/nrep05/seed17: ok(final_y=0.5828, 62.0s)
[677/1080] anpei_b0.5/nrep05/seed16: ok(final_y=2.419, 62.9s)
[678/1080] anpei_b0.5/nrep05/seed18: ok(final_y=1.334, 62.2s)
[679/1080] anpei_b0.5/nrep05/seed20: ok(final_y=0.847, 61.7s)
[680/1080] anpei_b0.5/nrep05/seed19: ok(final_y=-1.171, 62.7s)
[681/1080] anpei_b0.5/nrep05/seed23: ok(final_y=3.725, 61.4s)
[682/1080] anpei_b0.5/nrep05/seed22: ok(final_y=0.6679, 62.9s)
[683/1080] anpei_b0.5/nrep05/seed24: ok(final_y=0.7782, 60.1s)
[684/1080] anpei_b0.5/nrep05/seed21: ok(final_y=2.073, 63.7s)
[685/1080] anpei_b0.5/nrep05/seed25: ok(final_y=2.547, 63.0s)
[686/1080] anpei_b0.5/nrep05/seed27: ok(final_y=0.1421, 62.0s)
[687/1080] anpei_b0.5/nrep05/seed26: ok(final_y=3.966, 63.3s)
[688/1080] anpei_b0.5/nrep05/seed28: ok(final_y=2.226, 62.2s)
[689/1080] anpei_b0.5/nrep05/seed29: ok(final_y=1.143, 62.5s)
[690/1080] anpei_b0.5/nrep05/seed30: ok(final_y=1.422, 62.3s)
[691/1080] anpei_b0.5/nrep10/seed01: ok(final_y=3.086, 72.7s)
[692/1080] anpei_b0.5/nrep10/seed03: ok(final_y=-2.22, 69.4s)
[693/1080] anpei_b0.5/nrep10/seed02: ok(final_y=2.608, 72.1s)
[694/1080] anpei_b0.5/nrep10/seed04: ok(final_y=2.814, 70.2s)
[695/1080] anpei_b0.5/nrep10/seed06: ok(final_y=2.137, 70.5s)
[696/1080] anpei_b0.5/nrep10/seed05: ok(final_y=-5.067, 73.4s)
[697/1080] anpei_b0.5/nrep10/seed08: ok(final_y=2.134, 69.9s)
[698/1080] anpei_b0.5/nrep10/seed10: ok(final_y=3.043, 68.9s)
[699/1080] anpei_b0.5/nrep10/seed09: ok(final_y=2.758, 69.5s)
[700/1080] anpei_b0.5/nrep10/seed11: ok(final_y=3.376, 70.5s)
[701/1080] anpei_b0.5/nrep10/seed12: ok(final_y=0.8011, 71.6s)
[702/1080] anpei_b0.5/nrep10/seed07: ok(final_y=-4.697, 77.7s)
[703/1080] anpei_b0.5/nrep10/seed14: ok(final_y=-0.7358, 71.5s)
[704/1080] anpei_b0.5/nrep10/seed15: ok(final_y=1.242, 71.3s)
[705/1080] anpei_b0.5/nrep10/seed13: ok(final_y=2.582, 73.2s)
[706/1080] anpei_b0.5/nrep10/seed16: ok(final_y=3.709, 73.9s)
[707/1080] anpei_b0.5/nrep10/seed18: ok(final_y=1.889, 72.0s)
[708/1080] anpei_b0.5/nrep10/seed17: ok(final_y=-0.5133, 73.3s)
[709/1080] anpei_b0.5/nrep10/seed19: ok(final_y=0.5475, 69.4s)
[710/1080] anpei_b0.5/nrep10/seed20: ok(final_y=0.05913, 72.1s)
[711/1080] anpei_b0.5/nrep10/seed21: ok(final_y=-2.24, 73.1s)
[712/1080] anpei_b0.5/nrep10/seed22: ok(final_y=4.54, 70.3s)
[713/1080] anpei_b0.5/nrep10/seed23: ok(final_y=3.355, 71.7s)
[714/1080] anpei_b0.5/nrep10/seed24: ok(final_y=-0.8844, 71.4s)
[715/1080] anpei_b0.8/nrep03/seed01: ok(final_y=-1.442, 59.9s)
[716/1080] anpei_b0.8/nrep03/seed02: ok(final_y=-0.009931, 60.9s)
[717/1080] anpei_b0.5/nrep10/seed25: ok(final_y=3.118, 70.9s)
[718/1080] anpei_b0.8/nrep03/seed03: ok(final_y=-0.3811, 61.9s)
[719/1080] anpei_b0.5/nrep10/seed26: ok(final_y=2.181, 70.4s)
[720/1080] anpei_b0.8/nrep03/seed04: ok(final_y=-0.235, 62.3s)
[721/1080] anpei_b0.5/nrep10/seed28: ok(final_y=2.716, 72.5s)
[722/1080] anpei_b0.5/nrep10/seed29: ok(final_y=3.997, 71.5s)
[723/1080] anpei_b0.5/nrep10/seed27: ok(final_y=3.051, 74.3s)
[724/1080] anpei_b0.8/nrep03/seed05: ok(final_y=-2.277, 60.4s)
[725/1080] anpei_b0.8/nrep03/seed06: ok(final_y=0.9444, 59.5s)
[726/1080] anpei_b0.5/nrep10/seed30: ok(final_y=0.6573, 71.3s)
[727/1080] anpei_b0.8/nrep03/seed07: ok(final_y=-1.057, 60.9s)
[728/1080] anpei_b0.8/nrep03/seed10: ok(final_y=-4.078, 57.4s)
[729/1080] anpei_b0.8/nrep03/seed08: ok(final_y=-0.4, 60.0s)
[730/1080] anpei_b0.8/nrep03/seed09: ok(final_y=0.4198, 59.5s)
[731/1080] anpei_b0.8/nrep03/seed11: ok(final_y=1.635, 58.7s)
[732/1080] anpei_b0.8/nrep03/seed12: ok(final_y=-0.1069, 59.7s)
[733/1080] anpei_b0.8/nrep03/seed13: ok(final_y=0.817, 58.3s)
[734/1080] anpei_b0.8/nrep03/seed14: ok(final_y=-0.9993, 58.0s)
[735/1080] anpei_b0.8/nrep03/seed16: ok(final_y=-3.48, 56.6s)
[736/1080] anpei_b0.8/nrep03/seed15: ok(final_y=-3.156, 56.8s)
[737/1080] anpei_b0.8/nrep03/seed17: ok(final_y=1.069, 57.3s)
[738/1080] anpei_b0.8/nrep03/seed18: ok(final_y=-5.137, 59.3s)
[739/1080] anpei_b0.8/nrep03/seed20: ok(final_y=-4.093, 58.0s)
[740/1080] anpei_b0.8/nrep03/seed21: ok(final_y=-9.71, 58.1s)
[741/1080] anpei_b0.8/nrep03/seed19: ok(final_y=-3.573, 59.8s)
[742/1080] anpei_b0.8/nrep03/seed22: ok(final_y=-2.145, 58.2s)
[743/1080] anpei_b0.8/nrep03/seed24: ok(final_y=-0.5008, 58.1s)
[744/1080] anpei_b0.8/nrep03/seed23: ok(final_y=0.3479, 59.0s)
[745/1080] anpei_b0.8/nrep03/seed25: ok(final_y=-8.289, 57.5s)
[746/1080] anpei_b0.8/nrep03/seed27: ok(final_y=-2.639, 57.1s)
[747/1080] anpei_b0.8/nrep03/seed26: ok(final_y=0.5093, 59.5s)
[748/1080] anpei_b0.8/nrep03/seed28: ok(final_y=-6.824, 57.9s)
[749/1080] anpei_b0.8/nrep03/seed29: ok(final_y=-1.73, 60.3s)
[750/1080] anpei_b0.8/nrep03/seed30: ok(final_y=-1.328, 59.4s)
[751/1080] anpei_b0.8/nrep05/seed02: ok(final_y=2.117, 60.4s)
[752/1080] anpei_b0.8/nrep05/seed04: ok(final_y=0.4401, 60.7s)
[753/1080] anpei_b0.8/nrep05/seed03: ok(final_y=0.06925, 61.2s)
[754/1080] anpei_b0.8/nrep05/seed05: ok(final_y=-1.521, 62.9s)
[755/1080] anpei_b0.8/nrep05/seed01: ok(final_y=0.002261, 66.2s)
[756/1080] anpei_b0.8/nrep05/seed07: ok(final_y=0.728, 62.1s)
[757/1080] anpei_b0.8/nrep05/seed11: ok(final_y=-1.659, 59.6s)
[758/1080] anpei_b0.8/nrep05/seed08: ok(final_y=-3.692, 62.0s)
[759/1080] anpei_b0.8/nrep05/seed06: ok(final_y=-0.8962, 63.5s)
[760/1080] anpei_b0.8/nrep05/seed10: ok(final_y=-0.07678, 61.9s)
[761/1080] anpei_b0.8/nrep05/seed09: ok(final_y=0.4437, 62.6s)
[762/1080] anpei_b0.8/nrep05/seed12: ok(final_y=-3.866, 62.9s)
[763/1080] anpei_b0.8/nrep05/seed13: ok(final_y=0.5892, 63.8s)
[764/1080] anpei_b0.8/nrep05/seed15: ok(final_y=-5.069, 61.7s)
[765/1080] anpei_b0.8/nrep05/seed14: ok(final_y=-2.634, 62.9s)
[766/1080] anpei_b0.8/nrep05/seed16: ok(final_y=-3.665, 63.0s)
[767/1080] anpei_b0.8/nrep05/seed18: ok(final_y=0.6628, 61.6s)
[768/1080] anpei_b0.8/nrep05/seed17: ok(final_y=-0.05549, 64.0s)
[769/1080] anpei_b0.8/nrep05/seed19: ok(final_y=-1.171, 60.9s)
[770/1080] anpei_b0.8/nrep05/seed20: ok(final_y=0.847, 62.0s)
[771/1080] anpei_b0.8/nrep05/seed21: ok(final_y=2.073, 62.4s)
[772/1080] anpei_b0.8/nrep05/seed23: ok(final_y=-1.284, 59.6s)
[773/1080] anpei_b0.8/nrep05/seed22: ok(final_y=-1.345, 62.7s)
[774/1080] anpei_b0.8/nrep05/seed25: ok(final_y=1.768, 61.1s)
[775/1080] anpei_b0.8/nrep05/seed24: ok(final_y=0.6308, 62.4s)
[776/1080] anpei_b0.8/nrep05/seed26: ok(final_y=0.1442, 62.5s)
[777/1080] anpei_b0.8/nrep05/seed27: ok(final_y=-1.144, 61.4s)
[778/1080] anpei_b0.8/nrep05/seed29: ok(final_y=1.143, 61.1s)
[779/1080] anpei_b0.8/nrep05/seed28: ok(final_y=-0.1966, 63.1s)
[780/1080] anpei_b0.8/nrep05/seed30: ok(final_y=0.7388, 62.7s)
[781/1080] anpei_b0.8/nrep10/seed01: ok(final_y=-3.009, 68.5s)
[782/1080] anpei_b0.8/nrep10/seed03: ok(final_y=0.008069, 67.8s)
[783/1080] anpei_b0.8/nrep10/seed02: ok(final_y=0.4942, 70.5s)
[784/1080] anpei_b0.8/nrep10/seed05: ok(final_y=-5.067, 68.3s)
[785/1080] anpei_b0.8/nrep10/seed04: ok(final_y=2.615, 74.6s)
[786/1080] anpei_b0.8/nrep10/seed06: ok(final_y=-0.6463, 70.1s)
[787/1080] anpei_b0.8/nrep10/seed07: ok(final_y=1.927, 68.6s)
[788/1080] anpei_b0.8/nrep10/seed09: ok(final_y=0.8946, 69.6s)
[789/1080] anpei_b0.8/nrep10/seed08: ok(final_y=2.134, 70.6s)
[790/1080] anpei_b0.8/nrep10/seed10: ok(final_y=-0.4165, 70.1s)
[791/1080] anpei_b0.8/nrep10/seed11: ok(final_y=1.359, 68.5s)
[792/1080] anpei_b0.8/nrep10/seed14: ok(final_y=0.2647, 68.8s)
[793/1080] anpei_b0.8/nrep10/seed12: ok(final_y=3.291, 70.6s)
[794/1080] anpei_b0.8/nrep10/seed13: ok(final_y=2.525, 70.4s)
[795/1080] anpei_b0.8/nrep10/seed15: ok(final_y=2.498, 70.4s)
[796/1080] anpei_b0.8/nrep10/seed17: ok(final_y=-3.861, 68.3s)
[797/1080] anpei_b0.8/nrep10/seed16: ok(final_y=0.2502, 70.9s)
[798/1080] anpei_b0.8/nrep10/seed18: ok(final_y=1.17, 69.5s)
[799/1080] anpei_b0.8/nrep10/seed19: ok(final_y=1.148, 69.0s)
[800/1080] anpei_b0.8/nrep10/seed20: ok(final_y=0.4834, 67.9s)
[801/1080] anpei_b0.8/nrep10/seed21: ok(final_y=-0.1038, 66.8s)
[802/1080] anpei_b0.8/nrep10/seed24: ok(final_y=2.238, 64.1s)
[803/1080] anpei_b0.8/nrep10/seed23: ok(final_y=-1.236, 66.3s)
[804/1080] anpei_b0.8/nrep10/seed22: ok(final_y=3.197, 68.3s)
[805/1080] anpei_b0.8/nrep10/seed25: ok(final_y=-1.087, 66.8s)
[806/1080] rahbo_a0.5/nrep03/seed04: ok(final_y=-0.01289, 55.2s)
[807/1080] rahbo_a0.5/nrep03/seed01: ok(final_y=-0.6469, 58.9s)
[808/1080] anpei_b0.8/nrep10/seed26: ok(final_y=-0.08529, 66.1s)
[809/1080] rahbo_a0.5/nrep03/seed02: ok(final_y=-1.48, 58.4s)
[810/1080] rahbo_a0.5/nrep03/seed06: ok(final_y=0.9236, 56.6s)
[811/1080] rahbo_a0.5/nrep03/seed03: ok(final_y=-0.7729, 60.2s)
[812/1080] rahbo_a0.5/nrep03/seed05: ok(final_y=-2.609, 59.6s)
[813/1080] anpei_b0.8/nrep10/seed29: ok(final_y=-0.04407, 67.8s)
[814/1080] anpei_b0.8/nrep10/seed27: ok(final_y=3.051, 69.9s)
[815/1080] anpei_b0.8/nrep10/seed28: ok(final_y=2.716, 70.6s)
[816/1080] anpei_b0.8/nrep10/seed30: ok(final_y=1.022, 69.1s)
[817/1080] rahbo_a0.5/nrep03/seed07: ok(final_y=-0.4419, 60.2s)
[818/1080] rahbo_a0.5/nrep03/seed08: ok(final_y=-9.678, 55.4s)
[819/1080] rahbo_a0.5/nrep03/seed09: ok(final_y=0.9008, 56.4s)
[820/1080] rahbo_a0.5/nrep03/seed10: ok(final_y=1.003, 55.6s)
[821/1080] rahbo_a0.5/nrep03/seed11: ok(final_y=0.9765, 56.6s)
[822/1080] rahbo_a0.5/nrep03/seed12: ok(final_y=-1.337, 57.7s)
[823/1080] rahbo_a0.5/nrep03/seed15: ok(final_y=1.159, 53.7s)
[824/1080] rahbo_a0.5/nrep03/seed13: ok(final_y=4.255, 57.4s)
[825/1080] rahbo_a0.5/nrep03/seed14: ok(final_y=0.003386, 57.5s)
[826/1080] rahbo_a0.5/nrep03/seed17: ok(final_y=1.069, 55.4s)
[827/1080] rahbo_a0.5/nrep03/seed16: ok(final_y=0.2625, 56.2s)
[828/1080] rahbo_a0.5/nrep03/seed19: ok(final_y=-0.9528, 54.9s)
[829/1080] rahbo_a0.5/nrep03/seed18: ok(final_y=1.224, 55.5s)
[830/1080] rahbo_a0.5/nrep03/seed20: ok(final_y=-0.5731, 55.3s)
[831/1080] rahbo_a0.5/nrep03/seed21: ok(final_y=-2.387, 55.2s)
[832/1080] rahbo_a0.5/nrep03/seed22: ok(final_y=-2.145, 55.1s)
[833/1080] rahbo_a0.5/nrep03/seed23: ok(final_y=-0.4974, 57.6s)
[834/1080] rahbo_a0.5/nrep03/seed24: ok(final_y=0.03223, 54.8s)
[835/1080] rahbo_a0.5/nrep03/seed25: ok(final_y=-0.5223, 58.4s)
[836/1080] rahbo_a0.5/nrep03/seed26: ok(final_y=-0.03814, 58.1s)
[837/1080] rahbo_a0.5/nrep03/seed27: ok(final_y=-0.09223, 56.4s)
[838/1080] rahbo_a0.5/nrep03/seed28: ok(final_y=1.922, 55.6s)
[839/1080] rahbo_a0.5/nrep03/seed29: ok(final_y=-0.4544, 57.5s)
[840/1080] rahbo_a0.5/nrep03/seed30: ok(final_y=-1.192, 55.6s)
[841/1080] rahbo_a0.5/nrep05/seed01: ok(final_y=0.3941, 59.6s)
[842/1080] rahbo_a0.5/nrep05/seed07: ok(final_y=-0.8887, 56.3s)
[843/1080] rahbo_a0.5/nrep05/seed03: ok(final_y=1.541, 59.6s)
[844/1080] rahbo_a0.5/nrep05/seed02: ok(final_y=1.134, 60.7s)
[845/1080] rahbo_a0.5/nrep05/seed04: ok(final_y=-0.2709, 60.1s)
[846/1080] rahbo_a0.5/nrep05/seed05: ok(final_y=-1.521, 59.7s)
[847/1080] rahbo_a0.5/nrep05/seed09: ok(final_y=-0.5558, 57.2s)
[848/1080] rahbo_a0.5/nrep05/seed06: ok(final_y=1.572, 59.6s)
[849/1080] rahbo_a0.5/nrep05/seed08: ok(final_y=-0.1164, 59.8s)
[850/1080] rahbo_a0.5/nrep05/seed10: ok(final_y=-3.174, 59.2s)
[851/1080] rahbo_a0.5/nrep05/seed11: ok(final_y=-1.659, 57.3s)
[852/1080] rahbo_a0.5/nrep05/seed12: ok(final_y=1.21, 58.4s)
[853/1080] rahbo_a0.5/nrep05/seed13: ok(final_y=1.344, 59.6s)
[854/1080] rahbo_a0.5/nrep05/seed15: ok(final_y=-0.2269, 56.5s)
[855/1080] rahbo_a0.5/nrep05/seed14: ok(final_y=-0.8988, 62.5s)
[856/1080] rahbo_a0.5/nrep05/seed16: ok(final_y=1.421, 60.1s)
[857/1080] rahbo_a0.5/nrep05/seed18: ok(final_y=1.334, 57.6s)
[858/1080] rahbo_a0.5/nrep05/seed17: ok(final_y=-0.9573, 60.1s)
[859/1080] rahbo_a0.5/nrep05/seed21: ok(final_y=1.612, 59.0s)
[860/1080] rahbo_a0.5/nrep05/seed25: ok(final_y=1.101, 57.3s)
[861/1080] rahbo_a0.5/nrep05/seed20: ok(final_y=1.527, 60.5s)
[862/1080] rahbo_a0.5/nrep05/seed24: ok(final_y=-0.2334, 59.9s)
[863/1080] rahbo_a0.5/nrep05/seed22: ok(final_y=1.356, 61.5s)
[864/1080] rahbo_a0.5/nrep05/seed26: ok(final_y=1.264, 59.8s)
[865/1080] rahbo_a0.5/nrep05/seed19: ok(final_y=-1.171, 63.6s)
[866/1080] rahbo_a0.5/nrep05/seed23: ok(final_y=-0.283, 63.0s)
[867/1080] rahbo_a0.5/nrep05/seed27: ok(final_y=-0.5868, 61.3s)
[868/1080] rahbo_a0.5/nrep05/seed28: ok(final_y=1.732, 63.4s)
[869/1080] rahbo_a0.5/nrep05/seed29: ok(final_y=-1.144, 61.8s)
[870/1080] rahbo_a0.5/nrep05/seed30: ok(final_y=0.1593, 60.0s)
[871/1080] rahbo_a0.5/nrep10/seed01: ok(final_y=2.617, 68.8s)
[872/1080] rahbo_a0.5/nrep10/seed02: ok(final_y=2.608, 66.5s)
[873/1080] rahbo_a0.5/nrep10/seed03: ok(final_y=0.04869, 70.6s)
[874/1080] rahbo_a0.5/nrep10/seed05: ok(final_y=-5.067, 69.3s)
[875/1080] rahbo_a0.5/nrep10/seed04: ok(final_y=1.425, 72.4s)
[876/1080] rahbo_a0.5/nrep10/seed06: ok(final_y=2.137, 70.7s)
[877/1080] rahbo_a0.5/nrep10/seed09: ok(final_y=0.8946, 70.9s)
[878/1080] rahbo_a0.5/nrep10/seed08: ok(final_y=1.975, 72.9s)
[879/1080] rahbo_a0.5/nrep10/seed10: ok(final_y=1.725, 71.2s)
[880/1080] rahbo_a0.5/nrep10/seed07: ok(final_y=-4.697, 73.7s)
[881/1080] rahbo_a0.5/nrep10/seed12: ok(final_y=0.8011, 72.2s)
[882/1080] rahbo_a0.5/nrep10/seed13: ok(final_y=2.106, 72.9s)
[883/1080] rahbo_a0.5/nrep10/seed11: ok(final_y=1.917, 73.7s)
[884/1080] rahbo_a0.5/nrep10/seed14: ok(final_y=1.719, 73.2s)
[885/1080] rahbo_a0.5/nrep10/seed15: ok(final_y=2.081, 73.2s)
[886/1080] rahbo_a0.5/nrep10/seed17: ok(final_y=1.652, 71.9s)
[887/1080] rahbo_a0.5/nrep10/seed18: ok(final_y=1.889, 73.4s)
[888/1080] rahbo_a0.5/nrep10/seed16: ok(final_y=1.913, 74.7s)
[889/1080] rahbo_a0.5/nrep10/seed19: ok(final_y=-0.1173, 73.6s)
[890/1080] rahbo_a0.5/nrep10/seed20: ok(final_y=-0.2351, 73.7s)
[891/1080] rahbo_a0.5/nrep10/seed21: ok(final_y=-0.1038, 71.4s)
[892/1080] rahbo_a0.5/nrep10/seed22: ok(final_y=1.935, 71.2s)
[893/1080] rahbo_a0.5/nrep10/seed23: ok(final_y=1.706, 73.4s)
[894/1080] rahbo_a1/nrep03/seed01: ok(final_y=0.1339, 59.5s)
[895/1080] rahbo_a1/nrep03/seed03: ok(final_y=3.15, 59.4s)
[896/1080] rahbo_a1/nrep03/seed04: ok(final_y=-0.2021, 57.6s)
[897/1080] rahbo_a1/nrep03/seed02: ok(final_y=-1.402, 60.4s)
[898/1080] rahbo_a1/nrep03/seed06: ok(final_y=-0.06202, 56.1s)
[899/1080] rahbo_a0.5/nrep10/seed26: ok(final_y=0.1206, 67.3s)
[900/1080] rahbo_a0.5/nrep10/seed24: ok(final_y=1.389, 77.3s)
[901/1080] rahbo_a1/nrep03/seed05: ok(final_y=-2.227, 59.9s)
[902/1080] rahbo_a0.5/nrep10/seed27: ok(final_y=0.449, 69.1s)
[903/1080] rahbo_a0.5/nrep10/seed28: ok(final_y=1.545, 71.7s)
[904/1080] rahbo_a0.5/nrep10/seed25: ok(final_y=1.76, 74.3s)
[905/1080] rahbo_a0.5/nrep10/seed30: ok(final_y=1.347, 70.4s)
[906/1080] rahbo_a0.5/nrep10/seed29: ok(final_y=-0.03284, 72.9s)
[907/1080] rahbo_a1/nrep03/seed07: ok(final_y=-0.408, 59.7s)
[908/1080] rahbo_a1/nrep03/seed08: ok(final_y=-1.194, 59.6s)
[909/1080] rahbo_a1/nrep03/seed09: ok(final_y=-0.9476, 57.4s)
[910/1080] rahbo_a1/nrep03/seed10: ok(final_y=0.9598, 58.0s)
[911/1080] rahbo_a1/nrep03/seed11: ok(final_y=0.2891, 58.5s)
[912/1080] rahbo_a1/nrep03/seed12: ok(final_y=-5.305, 57.6s)
[913/1080] rahbo_a1/nrep03/seed13: ok(final_y=1.324, 58.2s)
[914/1080] rahbo_a1/nrep03/seed14: ok(final_y=-2.987, 58.0s)
[915/1080] rahbo_a1/nrep03/seed18: ok(final_y=-4.144, 55.9s)
[916/1080] rahbo_a1/nrep03/seed15: ok(final_y=-0.5625, 57.7s)
[917/1080] rahbo_a1/nrep03/seed17: ok(final_y=-2.809, 57.5s)
[918/1080] rahbo_a1/nrep03/seed19: ok(final_y=-8.741, 56.0s)
[919/1080] rahbo_a1/nrep03/seed20: ok(final_y=-0.4213, 56.0s)
[920/1080] rahbo_a1/nrep03/seed16: ok(final_y=-3.48, 60.2s)
[921/1080] rahbo_a1/nrep03/seed22: ok(final_y=-0.5039, 55.6s)
[922/1080] rahbo_a1/nrep03/seed21: ok(final_y=-0.3522, 56.2s)
[923/1080] rahbo_a1/nrep03/seed23: ok(final_y=1.484, 57.0s)
[924/1080] rahbo_a1/nrep03/seed24: ok(final_y=0.0251, 58.2s)
[925/1080] rahbo_a1/nrep03/seed25: ok(final_y=-0.4462, 57.9s)
[926/1080] rahbo_a1/nrep03/seed26: ok(final_y=-2.868, 57.1s)
[927/1080] rahbo_a1/nrep03/seed27: ok(final_y=-0.09767, 55.8s)
[928/1080] rahbo_a1/nrep03/seed28: ok(final_y=-0.1422, 59.2s)
[929/1080] rahbo_a1/nrep03/seed29: ok(final_y=-1.02, 57.3s)
[930/1080] rahbo_a1/nrep03/seed30: ok(final_y=0.2297, 59.2s)
[931/1080] rahbo_a1/nrep05/seed07: ok(final_y=-0.8887, 57.5s)
[932/1080] rahbo_a1/nrep05/seed01: ok(final_y=0.4652, 61.4s)
[933/1080] rahbo_a1/nrep05/seed03: ok(final_y=2.527, 62.6s)
[934/1080] rahbo_a1/nrep05/seed04: ok(final_y=-0.3137, 62.6s)
[935/1080] rahbo_a1/nrep05/seed06: ok(final_y=1.52, 60.8s)
[936/1080] rahbo_a1/nrep05/seed05: ok(final_y=-1.157, 62.5s)
[937/1080] rahbo_a1/nrep05/seed10: ok(final_y=1.004, 59.6s)
[938/1080] rahbo_a1/nrep05/seed02: ok(final_y=-1.405, 65.3s)
[939/1080] rahbo_a1/nrep05/seed09: ok(final_y=1.199, 60.5s)
[940/1080] rahbo_a1/nrep05/seed11: ok(final_y=-1.659, 59.1s)
[941/1080] rahbo_a1/nrep05/seed08: ok(final_y=0.7214, 63.7s)
[942/1080] rahbo_a1/nrep05/seed12: ok(final_y=1.215, 62.3s)
[943/1080] rahbo_a1/nrep05/seed13: ok(final_y=2.242, 59.7s)
[944/1080] rahbo_a1/nrep05/seed14: ok(final_y=-0.9249, 64.5s)
[945/1080] rahbo_a1/nrep05/seed15: ok(final_y=-0.703, 61.6s)
[946/1080] rahbo_a1/nrep05/seed16: ok(final_y=2.419, 61.2s)
[947/1080] rahbo_a1/nrep05/seed17: ok(final_y=-0.952, 60.2s)
[948/1080] rahbo_a1/nrep05/seed18: ok(final_y=1.334, 58.9s)
[949/1080] rahbo_a1/nrep05/seed21: ok(final_y=-5.23, 59.3s)
[950/1080] rahbo_a1/nrep05/seed19: ok(final_y=-1.171, 62.5s)
[951/1080] rahbo_a1/nrep05/seed22: ok(final_y=1.295, 60.8s)
[952/1080] rahbo_a1/nrep05/seed25: ok(final_y=1.106, 59.4s)
[953/1080] rahbo_a1/nrep05/seed24: ok(final_y=0.0847, 60.6s)
[954/1080] rahbo_a1/nrep05/seed23: ok(final_y=-0.2837, 62.1s)
[955/1080] rahbo_a1/nrep05/seed26: ok(final_y=1.263, 60.1s)
[956/1080] rahbo_a1/nrep05/seed27: ok(final_y=-5.087, 60.0s)
[957/1080] rahbo_a1/nrep05/seed20: ok(final_y=1.527, 64.8s)
[958/1080] rahbo_a1/nrep05/seed29: ok(final_y=3.381, 62.2s)
[959/1080] rahbo_a1/nrep05/seed28: ok(final_y=1.729, 62.7s)
[960/1080] rahbo_a1/nrep05/seed30: ok(final_y=0.1593, 60.4s)
[961/1080] rahbo_a1/nrep10/seed01: ok(final_y=-3.009, 70.0s)
[962/1080] rahbo_a1/nrep10/seed02: ok(final_y=2.166, 73.1s)
[963/1080] rahbo_a1/nrep10/seed03: ok(final_y=-2.22, 73.3s)
[964/1080] rahbo_a1/nrep10/seed04: ok(final_y=1.425, 73.2s)
[965/1080] rahbo_a1/nrep10/seed06: ok(final_y=2.137, 72.0s)
[966/1080] rahbo_a1/nrep10/seed05: ok(final_y=2.122, 73.6s)
[967/1080] rahbo_a1/nrep10/seed09: ok(final_y=2.051, 71.3s)
[968/1080] rahbo_a1/nrep10/seed13: ok(final_y=2.582, 70.8s)
[969/1080] rahbo_a1/nrep10/seed14: ok(final_y=1.719, 71.3s)
[970/1080] rahbo_a1/nrep10/seed08: ok(final_y=1.962, 74.5s)
[971/1080] rahbo_a1/nrep10/seed12: ok(final_y=-0.1299, 72.8s)
[972/1080] rahbo_a1/nrep10/seed11: ok(final_y=0.3301, 73.7s)
[973/1080] rahbo_a1/nrep10/seed10: ok(final_y=1.725, 74.9s)
[974/1080] rahbo_a1/nrep10/seed07: ok(final_y=-4.697, 78.5s)
[975/1080] rahbo_a1/nrep10/seed15: ok(final_y=2.08, 76.3s)
[976/1080] rahbo_a1/nrep10/seed16: ok(final_y=1.91, 74.3s)
[977/1080] rahbo_a1/nrep10/seed17: ok(final_y=1.685, 76.2s)
[978/1080] rahbo_a1/nrep10/seed18: ok(final_y=1.889, 74.2s)
[979/1080] rahbo_a1/nrep10/seed19: ok(final_y=-0.32, 73.6s)
[980/1080] rahbo_a1/nrep10/seed20: ok(final_y=1.671, 74.1s)
[981/1080] rahbo_a5/nrep03/seed01: ok(final_y=3.117, 56.7s)
[982/1080] rahbo_a1/nrep10/seed21: ok(final_y=-0.1038, 74.4s)
[983/1080] rahbo_a1/nrep10/seed22: ok(final_y=1.935, 72.1s)
[984/1080] rahbo_a5/nrep03/seed02: ok(final_y=2.201, 57.7s)
[985/1080] rahbo_a1/nrep10/seed23: ok(final_y=-0.2836, 71.7s)
[986/1080] rahbo_a5/nrep03/seed03: ok(final_y=2.156, 59.5s)
[987/1080] rahbo_a1/nrep10/seed24: ok(final_y=1.406, 75.1s)
[988/1080] rahbo_a5/nrep03/seed06: ok(final_y=0.9063, 57.5s)
[989/1080] rahbo_a5/nrep03/seed04: ok(final_y=1.849, 62.4s)
[990/1080] rahbo_a5/nrep03/seed05: ok(final_y=-2.048, 60.9s)
[991/1080] rahbo_a1/nrep10/seed26: ok(final_y=2.181, 70.8s)
[992/1080] rahbo_a1/nrep10/seed28: ok(final_y=2.716, 70.6s)
[993/1080] rahbo_a1/nrep10/seed30: ok(final_y=0.6573, 69.3s)
[994/1080] rahbo_a1/nrep10/seed27: ok(final_y=2.73, 70.8s)
[995/1080] rahbo_a1/nrep10/seed25: ok(final_y=1.758, 73.2s)
[996/1080] rahbo_a1/nrep10/seed29: ok(final_y=-0.02844, 72.2s)
[997/1080] rahbo_a5/nrep03/seed07: ok(final_y=2.778, 59.3s)
[998/1080] rahbo_a5/nrep03/seed08: ok(final_y=1.388, 58.2s)
[999/1080] rahbo_a5/nrep03/seed10: ok(final_y=-0.6561, 58.8s)
[1000/1080] rahbo_a5/nrep03/seed09: ok(final_y=2.417, 59.4s)
[1001/1080] rahbo_a5/nrep03/seed11: ok(final_y=1.635, 57.5s)
[1002/1080] rahbo_a5/nrep03/seed13: ok(final_y=3.997, 57.3s)
[1003/1080] rahbo_a5/nrep03/seed12: ok(final_y=-3.467, 58.4s)
[1004/1080] rahbo_a5/nrep03/seed14: ok(final_y=3.807, 56.8s)
[1005/1080] rahbo_a5/nrep03/seed15: ok(final_y=-3.156, 57.0s)
[1006/1080] rahbo_a5/nrep03/seed16: ok(final_y=-3.48, 58.2s)
[1007/1080] rahbo_a5/nrep03/seed18: ok(final_y=-1.539, 56.8s)
[1008/1080] rahbo_a5/nrep03/seed17: ok(final_y=-0.7071, 57.5s)
[1009/1080] rahbo_a5/nrep03/seed19: ok(final_y=-1.065, 56.7s)
[1010/1080] rahbo_a5/nrep03/seed23: ok(final_y=1.291, 57.2s)
[1011/1080] rahbo_a5/nrep03/seed21: ok(final_y=-4.091, 58.4s)
[1012/1080] rahbo_a5/nrep03/seed24: ok(final_y=-9.737, 56.4s)
[1013/1080] rahbo_a5/nrep03/seed20: ok(final_y=-0.5047, 59.3s)
[1014/1080] rahbo_a5/nrep03/seed22: ok(final_y=1.246, 59.1s)
[1015/1080] rahbo_a5/nrep03/seed25: ok(final_y=1.274, 59.4s)
[1016/1080] rahbo_a5/nrep03/seed26: ok(final_y=-0.9434, 58.0s)
[1017/1080] rahbo_a5/nrep03/seed29: ok(final_y=1.841, 57.3s)
[1018/1080] rahbo_a5/nrep03/seed27: ok(final_y=4.187, 59.3s)
[1019/1080] rahbo_a5/nrep03/seed30: ok(final_y=2.826, 58.3s)
[1020/1080] rahbo_a5/nrep03/seed28: ok(final_y=2.432, 60.4s)
[1021/1080] rahbo_a5/nrep05/seed01: ok(final_y=0.3941, 61.3s)
[1022/1080] rahbo_a5/nrep05/seed02: ok(final_y=-0.3881, 61.9s)
[1023/1080] rahbo_a5/nrep05/seed06: ok(final_y=2.946, 60.2s)
[1024/1080] rahbo_a5/nrep05/seed04: ok(final_y=2.965, 62.2s)
[1025/1080] rahbo_a5/nrep05/seed03: ok(final_y=1.845, 65.2s)
[1026/1080] rahbo_a5/nrep05/seed07: ok(final_y=-0.3039, 61.7s)
[1027/1080] rahbo_a5/nrep05/seed05: ok(final_y=3.279, 63.9s)
[1028/1080] rahbo_a5/nrep05/seed10: ok(final_y=1.381, 60.9s)
[1029/1080] rahbo_a5/nrep05/seed09: ok(final_y=1.986, 62.2s)
[1030/1080] rahbo_a5/nrep05/seed08: ok(final_y=4.388, 65.3s)
[1031/1080] rahbo_a5/nrep05/seed12: ok(final_y=1.264, 63.9s)
[1032/1080] rahbo_a5/nrep05/seed11: ok(final_y=0.2519, 64.3s)
[1033/1080] rahbo_a5/nrep05/seed13: ok(final_y=1.377, 62.2s)
[1034/1080] rahbo_a5/nrep05/seed14: ok(final_y=-0.8722, 64.0s)
[1035/1080] rahbo_a5/nrep05/seed15: ok(final_y=2.943, 62.9s)
[1036/1080] rahbo_a5/nrep05/seed18: ok(final_y=1.334, 60.0s)
[1037/1080] rahbo_a5/nrep05/seed17: ok(final_y=-0.8367, 61.1s)
[1038/1080] rahbo_a5/nrep05/seed16: ok(final_y=0.09189, 62.4s)
[1039/1080] rahbo_a5/nrep05/seed19: ok(final_y=3.313, 64.2s)
[1040/1080] rahbo_a5/nrep05/seed20: ok(final_y=1.527, 63.5s)
[1041/1080] rahbo_a5/nrep05/seed21: ok(final_y=2.073, 63.3s)
[1042/1080] rahbo_a5/nrep05/seed23: ok(final_y=4.251, 64.1s)
[1043/1080] rahbo_a5/nrep05/seed26: ok(final_y=4.179, 62.6s)
[1044/1080] rahbo_a5/nrep05/seed24: ok(final_y=-0.2555, 64.8s)
[1045/1080] rahbo_a5/nrep05/seed22: ok(final_y=1.188, 66.3s)
[1046/1080] rahbo_a5/nrep05/seed27: ok(final_y=-0.1423, 62.9s)
[1047/1080] rahbo_a5/nrep05/seed25: ok(final_y=1.191, 66.0s)
[1048/1080] rahbo_a5/nrep05/seed28: ok(final_y=2.226, 62.7s)
[1049/1080] rahbo_a5/nrep05/seed29: ok(final_y=-0.1188, 63.5s)
[1050/1080] rahbo_a5/nrep05/seed30: ok(final_y=0.1593, 63.5s)
[1051/1080] rahbo_a5/nrep10/seed01: ok(final_y=2.319, 72.3s)
[1052/1080] rahbo_a5/nrep10/seed05: ok(final_y=2.122, 69.1s)
[1053/1080] rahbo_a5/nrep10/seed04: ok(final_y=1.425, 72.0s)
[1054/1080] rahbo_a5/nrep10/seed03: ok(final_y=-2.22, 73.9s)
[1055/1080] rahbo_a5/nrep10/seed02: ok(final_y=2.608, 75.5s)
[1056/1080] rahbo_a5/nrep10/seed06: ok(final_y=-0.6463, 75.3s)
[1057/1080] rahbo_a5/nrep10/seed07: ok(final_y=-4.697, 70.9s)
[1058/1080] rahbo_a5/nrep10/seed08: ok(final_y=1.439, 74.1s)
[1059/1080] rahbo_a5/nrep10/seed11: ok(final_y=1.889, 69.2s)
[1060/1080] rahbo_a5/nrep10/seed09: ok(final_y=2.084, 73.1s)
[1061/1080] rahbo_a5/nrep10/seed10: ok(final_y=1.725, 73.0s)
[1062/1080] rahbo_a5/nrep10/seed12: ok(final_y=0.124, 74.4s)
[1063/1080] rahbo_a5/nrep10/seed17: ok(final_y=-0.5133, 72.3s)
[1064/1080] rahbo_a5/nrep10/seed14: ok(final_y=1.719, 76.4s)
[1065/1080] rahbo_a5/nrep10/seed13: ok(final_y=2.525, 77.1s)
[1066/1080] rahbo_a5/nrep10/seed18: ok(final_y=1.889, 74.3s)
[1067/1080] rahbo_a5/nrep10/seed15: ok(final_y=0.2329, 77.4s)
[1068/1080] rahbo_a5/nrep10/seed16: ok(final_y=3.709, 77.7s)
[1069/1080] rahbo_a5/nrep10/seed19: ok(final_y=-0.06156, 77.6s)
[1070/1080] rahbo_a5/nrep10/seed20: ok(final_y=-0.2037, 78.7s)
[1071/1080] rahbo_a5/nrep10/seed21: ok(final_y=-2.24, 78.4s)
[1072/1080] rahbo_a5/nrep10/seed25: ok(final_y=1.727, 76.0s)
[1073/1080] rahbo_a5/nrep10/seed23: ok(final_y=3.355, 79.1s)
[1074/1080] rahbo_a5/nrep10/seed22: ok(final_y=0.2263, 80.1s)
[1075/1080] rahbo_a5/nrep10/seed24: ok(final_y=-0.2143, 80.1s)
[1076/1080] rahbo_a5/nrep10/seed26: ok(final_y=1.606, 81.5s)
[1077/1080] rahbo_a5/nrep10/seed28: ok(final_y=2.716, 80.5s)
[1078/1080] rahbo_a5/nrep10/seed27: ok(final_y=0.02498, 85.1s)
[1079/1080] rahbo_a5/nrep10/seed30: ok(final_y=1.948, 87.9s)
[1080/1080] rahbo_a5/nrep10/seed29: ok(final_y=0.08707, 90.4s)

Collected 32400 rows -> /data/zhq7531/IDEAL/hetero_lvgp/study_v2_hgpr/sweep_results.csv
