1080 runs | 20 workers | num_iter=30
[1/1080] lcb/nrep03/seed16: ok(final_y=-7.611, 37.9s)
[2/1080] lcb/nrep03/seed04: ok(final_y=-4.205, 38.2s)
[3/1080] lcb/nrep03/seed06: ok(final_y=-6.072, 38.6s)
[4/1080] lcb/nrep03/seed05: ok(final_y=-14.16, 38.1s)
[5/1080] lcb/nrep03/seed07: ok(final_y=-3.839, 39.1s)
[6/1080] lcb/nrep03/seed18: ok(final_y=-5.137, 39.7s)
[7/1080] lcb/nrep03/seed01: ok(final_y=-0.7004, 39.9s)
[8/1080] lcb/nrep03/seed09: ok(final_y=-4.201, 39.2s)
[9/1080] lcb/nrep03/seed10: ok(final_y=-5.876, 40.0s)
[10/1080] lcb/nrep03/seed17: ok(final_y=-3.41, 40.6s)
[11/1080] lcb/nrep03/seed14: ok(final_y=-3.052, 40.8s)
[12/1080] lcb/nrep03/seed08: ok(final_y=-7.855, 41.3s)
[13/1080] lcb/nrep03/seed20: ok(final_y=-6.189, 42.3s)
[14/1080] lcb/nrep03/seed19: ok(final_y=-3.425, 47.7s)
[15/1080] lcb/nrep03/seed11: ok(final_y=-2.182, 50.0s)
[16/1080] lcb/nrep03/seed02: ok(final_y=-3.939, 51.9s)
[17/1080] lcb/nrep03/seed12: ok(final_y=-5.502, 56.1s)
[18/1080] lcb/nrep03/seed15: ok(final_y=-5.269, 56.3s)
[19/1080] lcb/nrep03/seed13: ok(final_y=-2.161, 58.0s)
[20/1080] lcb/nrep03/seed03: ok(final_y=-2.292, 68.6s)
[21/1080] lcb/nrep03/seed26: ok(final_y=-7.903, 39.4s)
[22/1080] lcb/nrep05/seed02: ok(final_y=-4.931, 39.2s)
[23/1080] lcb/nrep03/seed21: ok(final_y=-10.91, 42.5s)
[24/1080] lcb/nrep03/seed28: ok(final_y=-4.69, 42.1s)
[25/1080] lcb/nrep05/seed01: ok(final_y=-3.616, 41.8s)
[26/1080] lcb/nrep03/seed29: ok(final_y=-4.777, 43.2s)
[27/1080] lcb/nrep03/seed22: ok(final_y=-4.377, 45.5s)
[28/1080] lcb/nrep03/seed30: ok(final_y=-5.839, 43.2s)
[29/1080] lcb/nrep05/seed03: ok(final_y=-3.735, 41.7s)
[30/1080] lcb/nrep03/seed27: ok(final_y=-3.958, 45.7s)
[31/1080] lcb/nrep03/seed25: ok(final_y=-3.049, 49.2s)
[32/1080] lcb/nrep03/seed24: ok(final_y=-4.185, 50.5s)
[33/1080] lcb/nrep05/seed04: ok(final_y=-3.379, 42.1s)
[34/1080] lcb/nrep05/seed06: ok(final_y=-3.735, 41.9s)
[35/1080] lcb/nrep03/seed23: ok(final_y=-5.099, 57.6s)
[36/1080] lcb/nrep05/seed08: ok(final_y=-3.805, 40.8s)
[37/1080] lcb/nrep05/seed05: ok(final_y=-7.178, 52.8s)
[38/1080] lcb/nrep05/seed10: ok(final_y=-4.44, 38.6s)
[39/1080] lcb/nrep05/seed07: ok(final_y=-0.8887, 57.3s)
[40/1080] lcb/nrep05/seed09: ok(final_y=-4.781, 56.9s)
[41/1080] lcb/nrep05/seed12: ok(final_y=-4.559, 38.1s)
[42/1080] lcb/nrep05/seed14: ok(final_y=-7.902, 37.3s)
[43/1080] lcb/nrep05/seed15: ok(final_y=-5.78, 37.1s)
[44/1080] lcb/nrep05/seed16: ok(final_y=-1.921, 36.6s)
[45/1080] lcb/nrep05/seed11: ok(final_y=-0.5291, 40.8s)
[46/1080] lcb/nrep05/seed19: ok(final_y=-2.657, 36.2s)
[47/1080] lcb/nrep05/seed17: ok(final_y=-7.662, 42.9s)
[48/1080] lcb/nrep05/seed21: ok(final_y=-2.659, 40.5s)
[49/1080] lcb/nrep05/seed23: ok(final_y=-3.944, 38.4s)
[50/1080] lcb/nrep05/seed18: ok(final_y=-2.584, 45.5s)
[51/1080] lcb/nrep05/seed13: ok(final_y=-3.971, 50.4s)
[52/1080] lcb/nrep05/seed20: ok(final_y=-3.461, 46.8s)
[53/1080] lcb/nrep05/seed26: ok(final_y=-6.773, 41.3s)
[54/1080] lcb/nrep05/seed27: ok(final_y=-1.613, 43.5s)
[55/1080] lcb/nrep05/seed28: ok(final_y=-2.568, 40.7s)
[56/1080] lcb/nrep05/seed22: ok(final_y=-4.756, 58.8s)
[57/1080] lcb/nrep05/seed24: ok(final_y=-2.333, 55.1s)
[58/1080] lcb/nrep05/seed25: ok(final_y=-5.065, 53.6s)
[59/1080] lcb/nrep10/seed01: ok(final_y=-3.246, 37.8s)
[60/1080] lcb/nrep10/seed02: ok(final_y=-1.178, 37.5s)
[61/1080] lcb/nrep10/seed04: ok(final_y=-2.244, 37.4s)
[62/1080] lcb/nrep10/seed03: ok(final_y=-1.526, 39.3s)
[63/1080] lcb/nrep10/seed05: ok(final_y=-5.067, 39.0s)
[64/1080] lcb/nrep10/seed06: ok(final_y=-1.22, 39.0s)
[65/1080] lcb/nrep05/seed29: ok(final_y=-2.242, 47.7s)
[66/1080] lcb/nrep10/seed09: ok(final_y=-1.814, 38.4s)
[67/1080] lcb/nrep10/seed07: ok(final_y=-4.697, 40.9s)
[68/1080] lcb/nrep05/seed30: ok(final_y=-2.439, 53.6s)
[69/1080] lcb/nrep10/seed10: ok(final_y=-2.184, 45.4s)
[70/1080] lcb/nrep10/seed12: ok(final_y=-3.273, 42.6s)
[71/1080] lcb/nrep10/seed11: ok(final_y=-1.772, 46.0s)
[72/1080] lcb/nrep10/seed13: ok(final_y=0.02098, 38.2s)
[73/1080] lcb/nrep10/seed14: ok(final_y=-2.403, 39.4s)
[74/1080] lcb/nrep10/seed15: ok(final_y=-1.712, 38.9s)
[75/1080] lcb/nrep10/seed08: ok(final_y=-2.123, 58.3s)
[76/1080] lcb/nrep10/seed16: ok(final_y=-2.206, 40.0s)
[77/1080] lcb/nrep10/seed19: ok(final_y=-2.645, 39.3s)
[78/1080] lcb/nrep10/seed22: ok(final_y=-1.176, 37.8s)
[79/1080] lcb/nrep10/seed20: ok(final_y=-3.465, 39.8s)
[80/1080] lcb/nrep10/seed21: ok(final_y=-2.615, 40.6s)
[81/1080] lcb/nrep10/seed25: ok(final_y=-2.868, 38.5s)
[82/1080] lcb/nrep10/seed23: ok(final_y=-3.597, 41.1s)
[83/1080] lcb/nrep10/seed24: ok(final_y=-3.729, 40.5s)
[84/1080] lcb/nrep10/seed17: ok(final_y=-3.137, 53.7s)
[85/1080] lcb/nrep10/seed18: ok(final_y=-1.227, 53.1s)
[86/1080] lcb/nrep10/seed26: ok(final_y=-1.432, 36.7s)
[87/1080] pi/nrep03/seed01: ok(final_y=-3.115, 32.5s)
[88/1080] lcb/nrep10/seed29: ok(final_y=-2.102, 37.8s)
[89/1080] lcb/nrep10/seed30: ok(final_y=-2.49, 38.5s)
[90/1080] lcb/nrep10/seed27: ok(final_y=-2.034, 48.3s)
[91/1080] pi/nrep03/seed03: ok(final_y=-5.7, 32.1s)
[92/1080] pi/nrep03/seed02: ok(final_y=-2.491, 41.6s)
[93/1080] pi/nrep03/seed04: ok(final_y=-3.898, 34.2s)
[94/1080] pi/nrep03/seed06: ok(final_y=-2.663, 40.4s)
[95/1080] lcb/nrep10/seed28: ok(final_y=-2.271, 60.4s)
[96/1080] pi/nrep03/seed13: ok(final_y=-6.741, 29.4s)
[97/1080] pi/nrep03/seed09: ok(final_y=-5.043, 33.2s)
[98/1080] pi/nrep03/seed08: ok(final_y=-9.678, 33.6s)
[99/1080] pi/nrep03/seed12: ok(final_y=-6.049, 33.5s)
[100/1080] pi/nrep03/seed05: ok(final_y=-17.71, 47.1s)
[101/1080] pi/nrep03/seed11: ok(final_y=-0.2507, 35.3s)
[102/1080] pi/nrep03/seed07: ok(final_y=-3.907, 41.0s)
[103/1080] pi/nrep03/seed16: ok(final_y=-3.48, 33.2s)
[104/1080] pi/nrep03/seed14: ok(final_y=-1.584, 35.5s)
[105/1080] pi/nrep03/seed10: ok(final_y=-3.142, 41.3s)
[106/1080] pi/nrep03/seed17: ok(final_y=-1.177, 33.1s)
[107/1080] pi/nrep03/seed15: ok(final_y=-5.517, 41.2s)
[108/1080] pi/nrep03/seed18: ok(final_y=-4.054, 34.2s)
[109/1080] pi/nrep03/seed20: ok(final_y=-3.106, 34.8s)
[110/1080] pi/nrep03/seed19: ok(final_y=-1.842, 37.9s)
[111/1080] pi/nrep03/seed21: ok(final_y=-3.392, 32.7s)
[112/1080] pi/nrep03/seed23: ok(final_y=-6.499, 34.8s)
[113/1080] pi/nrep03/seed27: ok(final_y=-2.424, 32.1s)
[114/1080] pi/nrep03/seed28: ok(final_y=-2.352, 33.5s)
[115/1080] pi/nrep03/seed26: ok(final_y=-7.787, 34.2s)
[116/1080] pi/nrep03/seed22: ok(final_y=-4.377, 46.1s)
[117/1080] pi/nrep05/seed01: ok(final_y=-0.8815, 32.2s)
[118/1080] pi/nrep03/seed29: ok(final_y=-3.304, 35.8s)
[119/1080] pi/nrep05/seed03: ok(final_y=-4.456, 34.5s)
[120/1080] pi/nrep05/seed04: ok(final_y=-2.175, 34.0s)
[121/1080] pi/nrep05/seed05: ok(final_y=-7.657, 33.4s)
[122/1080] pi/nrep05/seed02: ok(final_y=-4.931, 38.2s)
[123/1080] pi/nrep05/seed06: ok(final_y=-3.254, 33.3s)
[124/1080] pi/nrep05/seed07: ok(final_y=-2.225, 34.9s)
[125/1080] pi/nrep03/seed24: ok(final_y=-3.651, 51.3s)
[126/1080] pi/nrep03/seed30: ok(final_y=-2.622, 45.5s)
[127/1080] pi/nrep05/seed08: ok(final_y=-3.656, 34.8s)
[128/1080] pi/nrep03/seed25: ok(final_y=-3.049, 53.9s)
[129/1080] pi/nrep05/seed09: ok(final_y=-1.635, 34.9s)
[130/1080] pi/nrep05/seed11: ok(final_y=-3.361, 34.0s)
[131/1080] pi/nrep05/seed12: ok(final_y=-3.979, 34.7s)
[132/1080] pi/nrep05/seed10: ok(final_y=-4.204, 42.9s)
[133/1080] pi/nrep05/seed13: ok(final_y=-3.971, 33.3s)
[134/1080] pi/nrep05/seed15: ok(final_y=-4.908, 33.0s)
[135/1080] pi/nrep05/seed14: ok(final_y=-7.902, 35.1s)
[136/1080] pi/nrep05/seed18: ok(final_y=-4.32, 32.8s)
[137/1080] pi/nrep05/seed20: ok(final_y=-8.925, 31.9s)
[138/1080] pi/nrep05/seed21: ok(final_y=-2.659, 32.1s)
[139/1080] pi/nrep05/seed19: ok(final_y=-2.584, 37.3s)
[140/1080] pi/nrep05/seed22: ok(final_y=-4.513, 34.7s)
[141/1080] pi/nrep05/seed24: ok(final_y=-2.106, 30.9s)
[142/1080] pi/nrep05/seed26: ok(final_y=-3.443, 34.3s)
[143/1080] pi/nrep05/seed27: ok(final_y=-1.59, 32.6s)
[144/1080] pi/nrep05/seed16: ok(final_y=-4.511, 50.1s)
[145/1080] pi/nrep05/seed17: ok(final_y=-2.956, 49.6s)
[146/1080] pi/nrep05/seed29: ok(final_y=-2.093, 33.5s)
[147/1080] pi/nrep05/seed30: ok(final_y=-1.631, 33.6s)
[148/1080] pi/nrep05/seed23: ok(final_y=-2.136, 43.4s)
[149/1080] pi/nrep10/seed01: ok(final_y=-3.731, 32.0s)
[150/1080] pi/nrep10/seed03: ok(final_y=-2.699, 31.4s)
[151/1080] pi/nrep10/seed02: ok(final_y=-1.573, 32.5s)
[152/1080] pi/nrep10/seed04: ok(final_y=-4.083, 33.6s)
[153/1080] pi/nrep10/seed05: ok(final_y=-4.308, 32.1s)
[154/1080] pi/nrep05/seed25: ok(final_y=-3.227, 54.1s)
[155/1080] pi/nrep10/seed07: ok(final_y=-4.697, 29.8s)
[156/1080] pi/nrep10/seed08: ok(final_y=-2.249, 31.5s)
[157/1080] pi/nrep05/seed28: ok(final_y=-2.293, 52.9s)
[158/1080] pi/nrep10/seed06: ok(final_y=-1.368, 36.3s)
[159/1080] pi/nrep10/seed11: ok(final_y=-1.989, 29.5s)
[160/1080] pi/nrep10/seed09: ok(final_y=-0.9612, 33.3s)
[161/1080] pi/nrep10/seed10: ok(final_y=-2.996, 33.7s)
[162/1080] pi/nrep10/seed12: ok(final_y=-2.139, 30.5s)
[163/1080] pi/nrep10/seed13: ok(final_y=-1.055, 34.0s)
[164/1080] pi/nrep10/seed16: ok(final_y=-1.624, 31.3s)
[165/1080] pi/nrep10/seed19: ok(final_y=-2.668, 30.2s)
[166/1080] pi/nrep10/seed17: ok(final_y=-4.776, 33.7s)
[167/1080] pi/nrep10/seed21: ok(final_y=-2.761, 30.0s)
[168/1080] pi/nrep10/seed18: ok(final_y=-1.422, 39.8s)
[169/1080] pi/nrep10/seed22: ok(final_y=-0.596, 32.0s)
[170/1080] pi/nrep10/seed20: ok(final_y=-2.467, 36.6s)
[171/1080] pi/nrep10/seed15: ok(final_y=-1.6, 46.6s)
[172/1080] pi/nrep10/seed23: ok(final_y=-2.46, 33.5s)
[173/1080] pi/nrep10/seed25: ok(final_y=-2.169, 33.2s)
[174/1080] pi/nrep10/seed14: ok(final_y=-2.515, 51.9s)
[175/1080] pi/nrep10/seed26: ok(final_y=-1.369, 34.0s)
[176/1080] pi/nrep10/seed28: ok(final_y=-2.499, 34.8s)
[177/1080] pi/nrep10/seed30: ok(final_y=-1.998, 33.1s)
[178/1080] pi/nrep10/seed24: ok(final_y=-1.838, 41.7s)
[179/1080] ei/nrep03/seed01: ok(final_y=-2.471, 33.3s)
[180/1080] ei/nrep03/seed02: ok(final_y=-4.433, 32.8s)
[181/1080] ei/nrep03/seed03: ok(final_y=-6.436, 31.4s)
[182/1080] pi/nrep10/seed27: ok(final_y=-2.166, 48.4s)
[183/1080] ei/nrep03/seed04: ok(final_y=-4.15, 35.6s)
[184/1080] ei/nrep03/seed06: ok(final_y=-3.093, 33.2s)
[185/1080] pi/nrep10/seed29: ok(final_y=-2.175, 49.2s)
[186/1080] ei/nrep03/seed07: ok(final_y=-3.907, 35.3s)
[187/1080] ei/nrep03/seed08: ok(final_y=-6.467, 34.1s)
[188/1080] ei/nrep03/seed09: ok(final_y=-3.076, 33.6s)
[189/1080] ei/nrep03/seed10: ok(final_y=-4.787, 33.9s)
[190/1080] ei/nrep03/seed12: ok(final_y=-3.315, 33.2s)
[191/1080] ei/nrep03/seed05: ok(final_y=-13.59, 47.8s)
[192/1080] ei/nrep03/seed13: ok(final_y=-6.635, 34.4s)
[193/1080] ei/nrep03/seed16: ok(final_y=-3.48, 32.7s)
[194/1080] ei/nrep03/seed20: ok(final_y=-4.469, 33.0s)
[195/1080] ei/nrep03/seed17: ok(final_y=-1.797, 35.5s)
[196/1080] ei/nrep03/seed21: ok(final_y=-3.124, 32.9s)
[197/1080] ei/nrep03/seed11: ok(final_y=-5.286, 51.1s)
[198/1080] ei/nrep03/seed19: ok(final_y=-1.19, 38.7s)
[199/1080] ei/nrep03/seed18: ok(final_y=-5.028, 40.5s)
[200/1080] ei/nrep03/seed14: ok(final_y=-5.753, 50.5s)
[201/1080] ei/nrep03/seed24: ok(final_y=-4.185, 31.8s)
[202/1080] ei/nrep03/seed23: ok(final_y=-2.945, 32.4s)
[203/1080] ei/nrep03/seed15: ok(final_y=-5.517, 50.3s)
[204/1080] ei/nrep03/seed26: ok(final_y=-8.318, 33.8s)
[205/1080] ei/nrep03/seed27: ok(final_y=-3.68, 33.2s)
[206/1080] ei/nrep03/seed30: ok(final_y=-7.189, 30.3s)
[207/1080] ei/nrep03/seed29: ok(final_y=-4.091, 31.4s)
[208/1080] ei/nrep03/seed28: ok(final_y=-1.242, 34.6s)
[209/1080] ei/nrep05/seed02: ok(final_y=-2.846, 34.2s)
[210/1080] ei/nrep03/seed22: ok(final_y=-4.377, 51.7s)
[211/1080] ei/nrep05/seed03: ok(final_y=-0.8268, 34.6s)
[212/1080] ei/nrep03/seed25: ok(final_y=-2.038, 53.3s)
[213/1080] ei/nrep05/seed05: ok(final_y=-7.263, 32.8s)
[214/1080] ei/nrep05/seed04: ok(final_y=-2.532, 33.5s)
[215/1080] ei/nrep05/seed06: ok(final_y=-1.292, 33.8s)
[216/1080] ei/nrep05/seed08: ok(final_y=-3.512, 32.7s)
[217/1080] ei/nrep05/seed11: ok(final_y=-1.659, 31.6s)
[218/1080] ei/nrep05/seed12: ok(final_y=-4.407, 32.6s)
[219/1080] ei/nrep05/seed01: ok(final_y=-2.864, 51.1s)
[220/1080] ei/nrep05/seed15: ok(final_y=-5.868, 31.8s)
[221/1080] ei/nrep05/seed09: ok(final_y=-0.4427, 42.9s)
[222/1080] ei/nrep05/seed14: ok(final_y=-7.178, 34.0s)
[223/1080] ei/nrep05/seed17: ok(final_y=-7.056, 33.9s)
[224/1080] ei/nrep05/seed16: ok(final_y=-3.603, 35.2s)
[225/1080] ei/nrep05/seed18: ok(final_y=-2.053, 35.1s)
[226/1080] ei/nrep05/seed07: ok(final_y=-2.009, 52.5s)
[227/1080] ei/nrep05/seed19: ok(final_y=-1.536, 33.0s)
[228/1080] ei/nrep05/seed13: ok(final_y=-3.971, 51.4s)
[229/1080] ei/nrep05/seed10: ok(final_y=-3.942, 54.6s)
[230/1080] ei/nrep05/seed21: ok(final_y=-3.028, 34.7s)
[231/1080] ei/nrep05/seed23: ok(final_y=-3.956, 32.8s)
[232/1080] ei/nrep05/seed24: ok(final_y=-1.127, 32.6s)
[233/1080] ei/nrep05/seed25: ok(final_y=-4.936, 32.6s)
[234/1080] ei/nrep05/seed26: ok(final_y=-6.303, 33.2s)
[235/1080] ei/nrep05/seed27: ok(final_y=-1.838, 31.9s)
[236/1080] ei/nrep05/seed29: ok(final_y=-2.526, 35.8s)
[237/1080] ei/nrep05/seed28: ok(final_y=-2.658, 37.5s)
[238/1080] ei/nrep05/seed20: ok(final_y=-1.976, 53.4s)
[239/1080] ei/nrep05/seed30: ok(final_y=-2.437, 33.3s)
[240/1080] ei/nrep10/seed02: ok(final_y=-2.084, 32.4s)
[241/1080] ei/nrep10/seed03: ok(final_y=-0.6246, 33.7s)
[242/1080] ei/nrep10/seed04: ok(final_y=-3.207, 33.0s)
[243/1080] ei/nrep05/seed22: ok(final_y=-0.4428, 56.2s)
[244/1080] ei/nrep10/seed05: ok(final_y=-1.339, 33.2s)
[245/1080] ei/nrep10/seed07: ok(final_y=-4.697, 32.5s)
[246/1080] ei/nrep10/seed11: ok(final_y=-1.937, 32.4s)
[247/1080] ei/nrep10/seed12: ok(final_y=-1.57, 32.8s)
[248/1080] ei/nrep10/seed01: ok(final_y=-3.009, 52.0s)
[249/1080] ei/nrep10/seed10: ok(final_y=-2.158, 35.4s)
[250/1080] ei/nrep10/seed13: ok(final_y=-0.7866, 32.4s)
[251/1080] ei/nrep10/seed14: ok(final_y=-2.272, 33.2s)
[252/1080] ei/nrep10/seed15: ok(final_y=-1.314, 33.2s)
[253/1080] ei/nrep10/seed06: ok(final_y=-1.773, 52.2s)
[254/1080] ei/nrep10/seed16: ok(final_y=-2.473, 32.9s)
[255/1080] ei/nrep10/seed09: ok(final_y=-1.694, 51.5s)
[256/1080] ei/nrep10/seed08: ok(final_y=-1.517, 52.0s)
[257/1080] ei/nrep10/seed20: ok(final_y=-2.467, 31.7s)
[258/1080] ei/nrep10/seed19: ok(final_y=-1.488, 33.5s)
[259/1080] ei/nrep10/seed17: ok(final_y=-3.415, 38.0s)
[260/1080] ei/nrep10/seed22: ok(final_y=-3.168, 32.2s)
[261/1080] ei/nrep10/seed21: ok(final_y=-2.868, 32.6s)
[262/1080] ei/nrep10/seed25: ok(final_y=-2.753, 33.0s)
[263/1080] ei/nrep10/seed24: ok(final_y=-3.729, 35.3s)
[264/1080] ei/nrep10/seed26: ok(final_y=-1.267, 33.1s)
[265/1080] ei/nrep10/seed18: ok(final_y=-1.736, 52.1s)
[266/1080] ei/nrep10/seed27: ok(final_y=-2.107, 33.4s)
[267/1080] ei/nrep10/seed29: ok(final_y=-2.059, 33.7s)
[268/1080] ei/nrep10/seed30: ok(final_y=-2.508, 33.5s)
[269/1080] haei_g0.5/nrep03/seed02: ok(final_y=-2.369, 33.3s)
[270/1080] haei_g0.5/nrep03/seed01: ok(final_y=-0.7516, 34.3s)
[271/1080] ei/nrep10/seed23: ok(final_y=-1.868, 51.4s)
[272/1080] haei_g0.5/nrep03/seed04: ok(final_y=-0.05856, 35.7s)
[273/1080] haei_g0.5/nrep03/seed07: ok(final_y=0.1545, 34.6s)
[274/1080] haei_g0.5/nrep03/seed08: ok(final_y=-4.852, 34.5s)
[275/1080] haei_g0.5/nrep03/seed09: ok(final_y=-0.05083, 34.1s)
[276/1080] haei_g0.5/nrep03/seed10: ok(final_y=-4.078, 32.5s)
[277/1080] haei_g0.5/nrep03/seed11: ok(final_y=-5.286, 33.1s)
[278/1080] ei/nrep10/seed28: ok(final_y=-2.271, 51.1s)
[279/1080] haei_g0.5/nrep03/seed13: ok(final_y=-3.083, 34.1s)
[280/1080] haei_g0.5/nrep03/seed12: ok(final_y=-5.305, 37.7s)
[281/1080] haei_g0.5/nrep03/seed03: ok(final_y=-3.449, 52.8s)
[282/1080] haei_g0.5/nrep03/seed14: ok(final_y=-3.013, 33.0s)
[283/1080] haei_g0.5/nrep03/seed05: ok(final_y=-17.71, 51.4s)
[284/1080] haei_g0.5/nrep03/seed06: ok(final_y=-4.02, 52.0s)
[285/1080] haei_g0.5/nrep03/seed16: ok(final_y=-4.777, 33.6s)
[286/1080] haei_g0.5/nrep03/seed18: ok(final_y=-6.403, 33.3s)
[287/1080] haei_g0.5/nrep03/seed17: ok(final_y=-0.3051, 35.2s)
[288/1080] haei_g0.5/nrep03/seed19: ok(final_y=-9.779, 35.8s)
[289/1080] haei_g0.5/nrep03/seed20: ok(final_y=-3.795, 35.5s)
[290/1080] haei_g0.5/nrep03/seed22: ok(final_y=-4.377, 32.4s)
[291/1080] haei_g0.5/nrep03/seed24: ok(final_y=-2.671, 32.6s)
[292/1080] haei_g0.5/nrep03/seed23: ok(final_y=-3.314, 34.6s)
[293/1080] haei_g0.5/nrep03/seed26: ok(final_y=-8.56, 33.7s)
[294/1080] haei_g0.5/nrep03/seed15: ok(final_y=-3.324, 53.1s)
[295/1080] haei_g0.5/nrep03/seed27: ok(final_y=0.2835, 35.1s)
[296/1080] haei_g0.5/nrep03/seed25: ok(final_y=-1.166, 36.8s)
[297/1080] haei_g0.5/nrep03/seed21: ok(final_y=-1.648, 53.0s)
[298/1080] haei_g0.5/nrep03/seed29: ok(final_y=-1.392, 35.5s)
[299/1080] haei_g0.5/nrep05/seed05: ok(final_y=-6.21, 32.1s)
[300/1080] haei_g0.5/nrep05/seed02: ok(final_y=-4.344, 33.9s)
[301/1080] haei_g0.5/nrep03/seed30: ok(final_y=-2.465, 39.7s)
[302/1080] haei_g0.5/nrep05/seed06: ok(final_y=-3.344, 35.1s)
[303/1080] haei_g0.5/nrep05/seed07: ok(final_y=-1.889, 33.8s)
[304/1080] haei_g0.5/nrep03/seed28: ok(final_y=-5.82, 53.8s)
[305/1080] haei_g0.5/nrep05/seed08: ok(final_y=-2.138, 32.7s)
[306/1080] haei_g0.5/nrep05/seed09: ok(final_y=-4.766, 34.8s)
[307/1080] haei_g0.5/nrep05/seed10: ok(final_y=-3.755, 34.1s)
[308/1080] haei_g0.5/nrep05/seed01: ok(final_y=-1.291, 51.4s)
[309/1080] haei_g0.5/nrep05/seed11: ok(final_y=-4.719, 32.9s)
[310/1080] haei_g0.5/nrep05/seed03: ok(final_y=-3.492, 50.8s)
[311/1080] haei_g0.5/nrep05/seed12: ok(final_y=-4.843, 33.0s)
[312/1080] haei_g0.5/nrep05/seed13: ok(final_y=-1.688, 34.3s)
[313/1080] haei_g0.5/nrep05/seed04: ok(final_y=-0.9621, 54.2s)
[314/1080] haei_g0.5/nrep05/seed16: ok(final_y=-3.665, 33.3s)
[315/1080] haei_g0.5/nrep05/seed15: ok(final_y=-5.868, 34.2s)
[316/1080] haei_g0.5/nrep05/seed18: ok(final_y=-1.587, 33.6s)
[317/1080] haei_g0.5/nrep05/seed17: ok(final_y=-7.788, 38.4s)
[318/1080] haei_g0.5/nrep05/seed20: ok(final_y=-1.446, 34.4s)
[319/1080] haei_g0.5/nrep05/seed21: ok(final_y=-5.669, 33.7s)
[320/1080] haei_g0.5/nrep05/seed14: ok(final_y=-6.523, 53.4s)
[321/1080] haei_g0.5/nrep05/seed23: ok(final_y=-1.284, 35.1s)
[322/1080] haei_g0.5/nrep05/seed22: ok(final_y=-0.4613, 36.0s)
[323/1080] haei_g0.5/nrep05/seed25: ok(final_y=-2.111, 34.5s)
[324/1080] haei_g0.5/nrep05/seed26: ok(final_y=-4.214, 33.7s)
[325/1080] haei_g0.5/nrep05/seed27: ok(final_y=-2.915, 34.0s)
[326/1080] haei_g0.5/nrep05/seed19: ok(final_y=-1.002, 49.2s)
[327/1080] haei_g0.5/nrep05/seed29: ok(final_y=-1.875, 37.0s)
[328/1080] haei_g0.5/nrep10/seed01: ok(final_y=-3.009, 35.7s)
[329/1080] haei_g0.5/nrep05/seed30: ok(final_y=-0.938, 36.3s)
[330/1080] haei_g0.5/nrep10/seed02: ok(final_y=-0.3359, 34.3s)
[331/1080] haei_g0.5/nrep10/seed04: ok(final_y=-4.195, 34.0s)
[332/1080] haei_g0.5/nrep10/seed05: ok(final_y=-0.3264, 34.8s)
[333/1080] haei_g0.5/nrep05/seed24: ok(final_y=-2.559, 53.7s)
[334/1080] haei_g0.5/nrep10/seed06: ok(final_y=-1.745, 35.1s)
[335/1080] haei_g0.5/nrep05/seed28: ok(final_y=-0.1621, 49.9s)
[336/1080] haei_g0.5/nrep10/seed07: ok(final_y=-2.951, 34.3s)
[337/1080] haei_g0.5/nrep10/seed08: ok(final_y=-1.1, 34.4s)
[338/1080] haei_g0.5/nrep10/seed11: ok(final_y=-2.253, 32.9s)
[339/1080] haei_g0.5/nrep10/seed12: ok(final_y=-2.115, 34.4s)
[340/1080] haei_g0.5/nrep10/seed03: ok(final_y=-1.747, 54.7s)
[341/1080] haei_g0.5/nrep10/seed13: ok(final_y=-1.36, 33.9s)
[342/1080] haei_g0.5/nrep10/seed14: ok(final_y=-1.199, 34.0s)
[343/1080] haei_g0.5/nrep10/seed09: ok(final_y=-4.052, 41.8s)
[344/1080] haei_g0.5/nrep10/seed15: ok(final_y=0.25, 35.1s)
[345/1080] haei_g0.5/nrep10/seed18: ok(final_y=-1.042, 34.5s)
[346/1080] haei_g0.5/nrep10/seed19: ok(final_y=-1.295, 35.2s)
[347/1080] haei_g0.5/nrep10/seed20: ok(final_y=-1.957, 34.2s)
[348/1080] haei_g0.5/nrep10/seed21: ok(final_y=-2.24, 34.3s)
[349/1080] haei_g0.5/nrep10/seed22: ok(final_y=-2.878, 34.3s)
[350/1080] haei_g0.5/nrep10/seed10: ok(final_y=-1.947, 51.8s)
[351/1080] haei_g0.5/nrep10/seed17: ok(final_y=-2.463, 41.1s)
[352/1080] haei_g0.5/nrep10/seed25: ok(final_y=-1.979, 33.7s)
[353/1080] haei_g0.5/nrep10/seed24: ok(final_y=-3.688, 34.4s)
[354/1080] haei_g0.5/nrep10/seed26: ok(final_y=-0.4935, 33.5s)
[355/1080] haei_g0.5/nrep10/seed16: ok(final_y=-1.27, 54.2s)
[356/1080] haei_g0.5/nrep10/seed27: ok(final_y=-2.017, 34.5s)
[357/1080] haei_g0.5/nrep10/seed28: ok(final_y=-4.16, 35.9s)
[358/1080] haei_g0.5/nrep10/seed29: ok(final_y=-2.273, 34.3s)
[359/1080] haei_g1/nrep03/seed01: ok(final_y=-0.7004, 34.3s)
[360/1080] haei_g0.5/nrep10/seed23: ok(final_y=-2.738, 54.2s)
[361/1080] haei_g1/nrep03/seed02: ok(final_y=-4.433, 37.4s)
[362/1080] haei_g1/nrep03/seed04: ok(final_y=-1.215, 33.5s)
[363/1080] haei_g1/nrep03/seed05: ok(final_y=-4.812, 34.3s)
[364/1080] haei_g1/nrep03/seed06: ok(final_y=-0.674, 34.3s)
[365/1080] haei_g1/nrep03/seed07: ok(final_y=-3.907, 34.9s)
[366/1080] haei_g1/nrep03/seed09: ok(final_y=-2.621, 33.7s)
[367/1080] haei_g1/nrep03/seed11: ok(final_y=-4.1, 33.9s)
[368/1080] haei_g1/nrep03/seed08: ok(final_y=-4.755, 39.8s)
[369/1080] haei_g0.5/nrep10/seed30: ok(final_y=-2.271, 54.7s)
[370/1080] haei_g1/nrep03/seed12: ok(final_y=-5.305, 32.7s)
[371/1080] haei_g1/nrep03/seed03: ok(final_y=-5.078, 52.7s)
[372/1080] haei_g1/nrep03/seed13: ok(final_y=-2.161, 33.7s)
[373/1080] haei_g1/nrep03/seed14: ok(final_y=0.9038, 34.0s)
[374/1080] haei_g1/nrep03/seed16: ok(final_y=-0.7259, 36.0s)
[375/1080] haei_g1/nrep03/seed17: ok(final_y=-2.008, 33.6s)
[376/1080] haei_g1/nrep03/seed18: ok(final_y=-6.405, 34.7s)
[377/1080] haei_g1/nrep03/seed19: ok(final_y=-9.779, 34.2s)
[378/1080] haei_g1/nrep03/seed10: ok(final_y=-4.078, 54.5s)
[379/1080] haei_g1/nrep03/seed22: ok(final_y=-2.145, 33.4s)
[380/1080] haei_g1/nrep03/seed21: ok(final_y=-1.305, 36.0s)
[381/1080] haei_g1/nrep03/seed23: ok(final_y=-5.664, 32.6s)
[382/1080] haei_g1/nrep03/seed15: ok(final_y=-5.307, 54.1s)
[383/1080] haei_g1/nrep03/seed26: ok(final_y=-3.761, 33.3s)
[384/1080] haei_g1/nrep03/seed25: ok(final_y=-4.153, 35.6s)
[385/1080] haei_g1/nrep03/seed27: ok(final_y=-3.433, 33.5s)
[386/1080] haei_g1/nrep03/seed30: ok(final_y=-6.876, 31.9s)
[387/1080] haei_g1/nrep03/seed24: ok(final_y=-0.03127, 41.2s)
[388/1080] haei_g1/nrep03/seed28: ok(final_y=-5.807, 34.5s)
[389/1080] haei_g1/nrep05/seed02: ok(final_y=-4.863, 34.2s)
[390/1080] haei_g1/nrep03/seed20: ok(final_y=-4.596, 52.6s)
[391/1080] haei_g1/nrep05/seed01: ok(final_y=-3.837, 36.8s)
[392/1080] haei_g1/nrep05/seed03: ok(final_y=-2.794, 36.4s)
[393/1080] haei_g1/nrep05/seed04: ok(final_y=-2.571, 34.2s)
[394/1080] haei_g1/nrep05/seed05: ok(final_y=-1.175, 34.3s)
[395/1080] haei_g1/nrep05/seed07: ok(final_y=-0.3039, 34.1s)
[396/1080] haei_g1/nrep05/seed09: ok(final_y=-4.588, 35.3s)
[397/1080] haei_g1/nrep03/seed29: ok(final_y=-0.2339, 54.9s)
[398/1080] haei_g1/nrep05/seed10: ok(final_y=-3.942, 35.3s)
[399/1080] haei_g1/nrep05/seed11: ok(final_y=-4.719, 32.8s)
[400/1080] haei_g1/nrep05/seed06: ok(final_y=-3.473, 47.8s)
[401/1080] haei_g1/nrep05/seed13: ok(final_y=-0.4399, 34.3s)
[402/1080] haei_g1/nrep05/seed15: ok(final_y=-5.768, 33.5s)
[403/1080] haei_g1/nrep05/seed14: ok(final_y=-7.719, 36.2s)
[404/1080] haei_g1/nrep05/seed08: ok(final_y=-2.038, 51.4s)
[405/1080] haei_g1/nrep05/seed16: ok(final_y=0.3246, 35.0s)
[406/1080] haei_g1/nrep05/seed18: ok(final_y=-1.617, 36.1s)
[407/1080] haei_g1/nrep05/seed21: ok(final_y=-4.555, 34.6s)
[408/1080] haei_g1/nrep05/seed17: ok(final_y=-1.127, 39.7s)
[409/1080] haei_g1/nrep05/seed19: ok(final_y=-2.325, 38.2s)
[410/1080] haei_g1/nrep05/seed22: ok(final_y=-1, 35.4s)
[411/1080] haei_g1/nrep05/seed23: ok(final_y=-3.023, 34.3s)
[412/1080] haei_g1/nrep05/seed12: ok(final_y=-4.559, 52.5s)
[413/1080] haei_g1/nrep05/seed24: ok(final_y=-2.8, 33.5s)
[414/1080] haei_g1/nrep05/seed25: ok(final_y=-5.065, 34.2s)
[415/1080] haei_g1/nrep05/seed26: ok(final_y=-4.32, 34.0s)
[416/1080] haei_g1/nrep05/seed29: ok(final_y=-2.441, 33.9s)
[417/1080] haei_g1/nrep05/seed28: ok(final_y=-2.127, 36.4s)
[418/1080] haei_g1/nrep05/seed20: ok(final_y=-1.036, 56.1s)
[419/1080] haei_g1/nrep10/seed03: ok(final_y=-3.218, 33.2s)
[420/1080] haei_g1/nrep10/seed01: ok(final_y=-3.186, 35.9s)
[421/1080] haei_g1/nrep10/seed02: ok(final_y=-0.8012, 33.8s)
[422/1080] haei_g1/nrep10/seed05: ok(final_y=-0.6931, 34.2s)
[423/1080] haei_g1/nrep05/seed30: ok(final_y=0.2588, 46.1s)
[424/1080] haei_g1/nrep10/seed07: ok(final_y=-2.975, 35.5s)
[425/1080] haei_g1/nrep10/seed08: ok(final_y=-1.094, 34.9s)
[426/1080] haei_g1/nrep10/seed06: ok(final_y=-0.7645, 39.5s)
[427/1080] haei_g1/nrep05/seed27: ok(final_y=-2.444, 54.7s)
[428/1080] haei_g1/nrep10/seed10: ok(final_y=-2.04, 35.1s)
[429/1080] haei_g1/nrep10/seed11: ok(final_y=-1.295, 33.3s)
[430/1080] haei_g1/nrep10/seed09: ok(final_y=-3.601, 37.5s)
[431/1080] haei_g1/nrep10/seed13: ok(final_y=-0.5404, 35.0s)
[432/1080] haei_g1/nrep10/seed14: ok(final_y=-1.82, 34.4s)
[433/1080] haei_g1/nrep10/seed04: ok(final_y=-1.493, 53.4s)
[434/1080] haei_g1/nrep10/seed15: ok(final_y=-1.69, 36.2s)
[435/1080] haei_g1/nrep10/seed16: ok(final_y=-0.3175, 37.3s)
[436/1080] haei_g1/nrep10/seed17: ok(final_y=-2.463, 35.6s)
[437/1080] haei_g1/nrep10/seed21: ok(final_y=-2.336, 33.9s)
[438/1080] haei_g1/nrep10/seed19: ok(final_y=-1.196, 34.4s)
[439/1080] haei_g1/nrep10/seed12: ok(final_y=-1.548, 53.7s)
[440/1080] haei_g1/nrep10/seed20: ok(final_y=-0.8042, 38.0s)
[441/1080] haei_g1/nrep10/seed22: ok(final_y=-2.878, 37.8s)
[442/1080] haei_g1/nrep10/seed23: ok(final_y=-1.693, 33.2s)
[443/1080] haei_g1/nrep10/seed24: ok(final_y=-1.031, 35.4s)
[444/1080] haei_g1/nrep10/seed25: ok(final_y=-2.338, 34.6s)
[445/1080] haei_g1/nrep10/seed29: ok(final_y=-1.369, 34.8s)
[446/1080] haei_g1/nrep10/seed28: ok(final_y=-4.16, 35.6s)
[447/1080] haei_g1/nrep10/seed30: ok(final_y=-2.098, 35.1s)
[448/1080] haei_g1/nrep10/seed18: ok(final_y=-0.8653, 54.7s)
[449/1080] haei_g5/nrep03/seed01: ok(final_y=-0.01, 34.5s)
[450/1080] haei_g5/nrep03/seed02: ok(final_y=0.1124, 34.8s)
[451/1080] haei_g1/nrep10/seed26: ok(final_y=0.1494, 43.6s)
[452/1080] haei_g5/nrep03/seed05: ok(final_y=-6.215, 34.2s)
[453/1080] haei_g5/nrep03/seed04: ok(final_y=-2.654, 38.2s)
[454/1080] haei_g5/nrep03/seed06: ok(final_y=-3.197, 36.2s)
[455/1080] haei_g5/nrep03/seed08: ok(final_y=-5.695, 32.7s)
[456/1080] haei_g1/nrep10/seed27: ok(final_y=-2.067, 55.7s)
[457/1080] haei_g5/nrep03/seed10: ok(final_y=-5.805, 33.9s)
[458/1080] haei_g5/nrep03/seed12: ok(final_y=-10.64, 30.6s)
[459/1080] haei_g5/nrep03/seed07: ok(final_y=-3.629, 38.5s)
[460/1080] haei_g5/nrep03/seed03: ok(final_y=-5.811, 51.0s)
[461/1080] haei_g5/nrep03/seed11: ok(final_y=-5.286, 35.3s)
[462/1080] haei_g5/nrep03/seed14: ok(final_y=-0.315, 35.0s)
[463/1080] haei_g5/nrep03/seed15: ok(final_y=-4.058, 34.7s)
[464/1080] haei_g5/nrep03/seed16: ok(final_y=-9.033, 34.1s)
[465/1080] haei_g5/nrep03/seed19: ok(final_y=-9.779, 33.9s)
[466/1080] haei_g5/nrep03/seed13: ok(final_y=0.3702, 41.0s)
[467/1080] haei_g5/nrep03/seed20: ok(final_y=-6.345, 32.8s)
[468/1080] haei_g5/nrep03/seed09: ok(final_y=0.01064, 53.3s)
[469/1080] haei_g5/nrep03/seed23: ok(final_y=-5.676, 33.5s)
[470/1080] haei_g5/nrep03/seed17: ok(final_y=-3.648, 50.3s)
[471/1080] haei_g5/nrep03/seed22: ok(final_y=0.07655, 36.0s)
[472/1080] haei_g5/nrep03/seed18: ok(final_y=-5.137, 51.8s)
[473/1080] haei_g5/nrep03/seed21: ok(final_y=-10.91, 46.6s)
[474/1080] haei_g5/nrep03/seed25: ok(final_y=-3.586, 34.7s)
[475/1080] haei_g5/nrep03/seed24: ok(final_y=0.29, 37.2s)
[476/1080] haei_g5/nrep03/seed27: ok(final_y=-3.433, 33.7s)
[477/1080] haei_g5/nrep03/seed28: ok(final_y=-2.008, 33.6s)
[478/1080] haei_g5/nrep03/seed29: ok(final_y=-4.965, 35.8s)
[479/1080] haei_g5/nrep05/seed01: ok(final_y=-3.72, 35.1s)
[480/1080] haei_g5/nrep05/seed05: ok(final_y=-7.178, 32.2s)
[481/1080] haei_g5/nrep05/seed03: ok(final_y=-0.4544, 35.6s)
[482/1080] haei_g5/nrep03/seed26: ok(final_y=-3.463, 51.9s)
[483/1080] haei_g5/nrep05/seed07: ok(final_y=-0.3039, 34.2s)
[484/1080] haei_g5/nrep05/seed08: ok(final_y=-2.009, 35.1s)
[485/1080] haei_g5/nrep05/seed02: ok(final_y=-4.139, 44.2s)
[486/1080] haei_g5/nrep03/seed30: ok(final_y=-2.622, 51.3s)
[487/1080] haei_g5/nrep05/seed04: ok(final_y=-3.379, 43.7s)
[488/1080] haei_g5/nrep05/seed11: ok(final_y=-1.659, 33.3s)
[489/1080] haei_g5/nrep05/seed09: ok(final_y=-4.434, 35.2s)
[490/1080] haei_g5/nrep05/seed10: ok(final_y=-3.942, 35.3s)
[491/1080] haei_g5/nrep05/seed14: ok(final_y=-7.719, 32.7s)
[492/1080] haei_g5/nrep05/seed12: ok(final_y=-4.731, 34.4s)
[493/1080] haei_g5/nrep05/seed13: ok(final_y=-3.971, 35.4s)
[494/1080] haei_g5/nrep05/seed16: ok(final_y=-3.949, 34.1s)
[495/1080] haei_g5/nrep05/seed17: ok(final_y=-6.656, 33.9s)
[496/1080] haei_g5/nrep05/seed06: ok(final_y=-3.275, 56.2s)
[497/1080] haei_g5/nrep05/seed18: ok(final_y=-2.337, 34.5s)
[498/1080] haei_g5/nrep05/seed15: ok(final_y=-5.868, 42.1s)
[499/1080] haei_g5/nrep05/seed19: ok(final_y=-1.536, 34.4s)
[500/1080] haei_g5/nrep05/seed20: ok(final_y=-1.847, 34.7s)
[501/1080] haei_g5/nrep05/seed21: ok(final_y=-0.6168, 34.6s)
[502/1080] haei_g5/nrep05/seed23: ok(final_y=-3.173, 34.4s)
[503/1080] haei_g5/nrep05/seed24: ok(final_y=-1.008, 35.4s)
[504/1080] haei_g5/nrep05/seed28: ok(final_y=-2.205, 35.7s)
[505/1080] haei_g5/nrep10/seed01: ok(final_y=-0.02473, 34.8s)
[506/1080] haei_g5/nrep05/seed29: ok(final_y=-2.292, 35.9s)
[507/1080] haei_g5/nrep10/seed02: ok(final_y=-0.8012, 34.0s)
[508/1080] haei_g5/nrep05/seed30: ok(final_y=-2.233, 36.0s)
[509/1080] haei_g5/nrep10/seed03: ok(final_y=-1.708, 35.5s)
[510/1080] haei_g5/nrep05/seed22: ok(final_y=-3.056, 53.3s)
[511/1080] haei_g5/nrep10/seed05: ok(final_y=-5.067, 33.2s)
[512/1080] haei_g5/nrep10/seed04: ok(final_y=-3.497, 34.1s)
[513/1080] haei_g5/nrep05/seed27: ok(final_y=-0.8943, 49.9s)
[514/1080] haei_g5/nrep10/seed07: ok(final_y=-4.335, 34.3s)
[515/1080] haei_g5/nrep05/seed26: ok(final_y=-4.32, 55.3s)
[516/1080] haei_g5/nrep05/seed25: ok(final_y=-5.065, 56.0s)
[517/1080] haei_g5/nrep10/seed09: ok(final_y=0.05178, 35.3s)
[518/1080] haei_g5/nrep10/seed08: ok(final_y=-2.243, 37.3s)
[519/1080] haei_g5/nrep10/seed11: ok(final_y=-1.37, 33.0s)
[520/1080] haei_g5/nrep10/seed10: ok(final_y=-1.936, 35.0s)
[521/1080] haei_g5/nrep10/seed12: ok(final_y=-0.3684, 35.4s)
[522/1080] haei_g5/nrep10/seed13: ok(final_y=0.2279, 36.5s)
[523/1080] haei_g5/nrep10/seed06: ok(final_y=-1.379, 53.8s)
[524/1080] haei_g5/nrep10/seed14: ok(final_y=-1.44, 34.7s)
[525/1080] haei_g5/nrep10/seed16: ok(final_y=-1.458, 35.3s)
[526/1080] haei_g5/nrep10/seed15: ok(final_y=-0.1263, 35.5s)
[527/1080] haei_g5/nrep10/seed18: ok(final_y=0.1688, 36.8s)
[528/1080] haei_g5/nrep10/seed17: ok(final_y=-2.708, 37.2s)
[529/1080] haei_g5/nrep10/seed19: ok(final_y=-2.403, 35.2s)
[530/1080] haei_g5/nrep10/seed22: ok(final_y=-0.2012, 34.4s)
[531/1080] haei_g5/nrep10/seed24: ok(final_y=-3.729, 34.3s)
[532/1080] haei_g5/nrep10/seed21: ok(final_y=-2.378, 39.8s)
[533/1080] haei_g5/nrep10/seed23: ok(final_y=-3.534, 39.8s)
[534/1080] haei_g5/nrep10/seed28: ok(final_y=-3.908, 35.5s)
[535/1080] haei_g5/nrep10/seed29: ok(final_y=-1.014, 34.3s)
[536/1080] haei_g5/nrep10/seed30: ok(final_y=-2.125, 35.9s)
[537/1080] haei_g5/nrep10/seed27: ok(final_y=-1.297, 44.1s)
[538/1080] haei_g5/nrep10/seed20: ok(final_y=-3.386, 54.4s)
[539/1080] anpei_b0.2/nrep03/seed02: ok(final_y=3.676, 36.0s)
[540/1080] anpei_b0.2/nrep03/seed01: ok(final_y=0.1685, 41.7s)
[541/1080] haei_g5/nrep10/seed25: ok(final_y=-2.1, 52.9s)
[542/1080] haei_g5/nrep10/seed26: ok(final_y=-1.111, 54.1s)
[543/1080] anpei_b0.2/nrep03/seed05: ok(final_y=-2.527, 34.7s)
[544/1080] anpei_b0.2/nrep03/seed04: ok(final_y=0.9402, 38.5s)
[545/1080] anpei_b0.2/nrep03/seed08: ok(final_y=1.388, 36.6s)
[546/1080] anpei_b0.2/nrep03/seed07: ok(final_y=0.1997, 39.5s)
[547/1080] anpei_b0.2/nrep03/seed11: ok(final_y=1.153, 35.2s)
[548/1080] anpei_b0.2/nrep03/seed06: ok(final_y=1.93, 44.3s)
[549/1080] anpei_b0.2/nrep03/seed10: ok(final_y=0.6343, 41.7s)
[550/1080] anpei_b0.2/nrep03/seed09: ok(final_y=1.878, 47.1s)
[551/1080] anpei_b0.2/nrep03/seed12: ok(final_y=1.582, 41.9s)
[552/1080] anpei_b0.2/nrep03/seed15: ok(final_y=-5.517, 37.2s)
[553/1080] anpei_b0.2/nrep03/seed13: ok(final_y=0.5932, 41.7s)
[554/1080] anpei_b0.2/nrep03/seed03: ok(final_y=0.2302, 65.9s)
[555/1080] anpei_b0.2/nrep03/seed16: ok(final_y=0.6468, 39.9s)
[556/1080] anpei_b0.2/nrep03/seed20: ok(final_y=1.41, 38.4s)
[557/1080] anpei_b0.2/nrep03/seed14: ok(final_y=0.5861, 54.4s)
[558/1080] anpei_b0.2/nrep03/seed19: ok(final_y=-1.071, 43.9s)
[559/1080] anpei_b0.2/nrep03/seed23: ok(final_y=-0.1906, 36.0s)
[560/1080] anpei_b0.2/nrep03/seed17: ok(final_y=-0.8669, 53.7s)
[561/1080] anpei_b0.2/nrep03/seed24: ok(final_y=-4.185, 38.3s)
[562/1080] anpei_b0.2/nrep03/seed25: ok(final_y=1.274, 37.8s)
[563/1080] anpei_b0.2/nrep03/seed27: ok(final_y=-0.02748, 37.5s)
[564/1080] anpei_b0.2/nrep03/seed28: ok(final_y=0.2936, 35.6s)
[565/1080] anpei_b0.2/nrep03/seed26: ok(final_y=0.2005, 38.4s)
[566/1080] anpei_b0.2/nrep03/seed21: ok(final_y=0.3926, 55.8s)
[567/1080] anpei_b0.2/nrep03/seed18: ok(final_y=-2.485, 62.5s)
[568/1080] anpei_b0.2/nrep03/seed30: ok(final_y=-2.622, 36.1s)
[569/1080] anpei_b0.2/nrep03/seed22: ok(final_y=0.3044, 57.0s)
[570/1080] anpei_b0.2/nrep05/seed01: ok(final_y=0.9476, 36.7s)
[571/1080] anpei_b0.2/nrep05/seed02: ok(final_y=1.158, 37.3s)
[572/1080] anpei_b0.2/nrep05/seed03: ok(final_y=0.1749, 38.6s)
[573/1080] anpei_b0.2/nrep03/seed29: ok(final_y=0.7974, 48.0s)
[574/1080] anpei_b0.2/nrep05/seed05: ok(final_y=3.279, 38.1s)
[575/1080] anpei_b0.2/nrep05/seed06: ok(final_y=2.163, 35.7s)
[576/1080] anpei_b0.2/nrep05/seed08: ok(final_y=1.16, 35.5s)
[577/1080] anpei_b0.2/nrep05/seed09: ok(final_y=1.986, 35.0s)
[578/1080] anpei_b0.2/nrep05/seed04: ok(final_y=2.965, 51.8s)
[579/1080] anpei_b0.2/nrep05/seed07: ok(final_y=0.4379, 43.2s)
[580/1080] anpei_b0.2/nrep05/seed11: ok(final_y=-0.256, 37.8s)
[581/1080] anpei_b0.2/nrep05/seed12: ok(final_y=2.76, 43.3s)
[582/1080] anpei_b0.2/nrep05/seed15: ok(final_y=1.595, 40.2s)
[583/1080] anpei_b0.2/nrep05/seed20: ok(final_y=1.527, 34.4s)
[584/1080] anpei_b0.2/nrep05/seed10: ok(final_y=2.513, 49.6s)
[585/1080] anpei_b0.2/nrep05/seed21: ok(final_y=-0.3364, 37.0s)
[586/1080] anpei_b0.2/nrep05/seed14: ok(final_y=0.4536, 46.9s)
[587/1080] anpei_b0.2/nrep05/seed22: ok(final_y=0.885, 38.5s)
[588/1080] anpei_b0.2/nrep05/seed18: ok(final_y=1.334, 43.5s)
[589/1080] anpei_b0.2/nrep05/seed23: ok(final_y=0.5603, 37.9s)
[590/1080] anpei_b0.2/nrep05/seed24: ok(final_y=-0.07438, 37.7s)
[591/1080] anpei_b0.2/nrep05/seed13: ok(final_y=0.5973, 54.1s)
[592/1080] anpei_b0.2/nrep05/seed16: ok(final_y=0.07842, 51.2s)
[593/1080] anpei_b0.2/nrep05/seed19: ok(final_y=-1.171, 53.5s)
[594/1080] anpei_b0.2/nrep05/seed25: ok(final_y=0.4481, 38.9s)
[595/1080] anpei_b0.2/nrep05/seed27: ok(final_y=0.8059, 38.0s)
[596/1080] anpei_b0.2/nrep05/seed29: ok(final_y=3.381, 33.0s)
[597/1080] anpei_b0.2/nrep05/seed28: ok(final_y=0.6224, 39.3s)
[598/1080] anpei_b0.2/nrep05/seed30: ok(final_y=1.422, 38.8s)
[599/1080] anpei_b0.2/nrep05/seed17: ok(final_y=0.09249, 69.4s)
[600/1080] anpei_b0.2/nrep10/seed02: ok(final_y=0.1668, 36.3s)
[601/1080] anpei_b0.2/nrep10/seed03: ok(final_y=0.4679, 36.5s)
[602/1080] anpei_b0.2/nrep10/seed07: ok(final_y=0.6704, 35.5s)
[603/1080] anpei_b0.2/nrep10/seed11: ok(final_y=3.793, 31.6s)
[604/1080] anpei_b0.2/nrep10/seed06: ok(final_y=1.923, 38.7s)
[605/1080] anpei_b0.2/nrep10/seed05: ok(final_y=0.0557, 40.0s)
[606/1080] anpei_b0.2/nrep05/seed26: ok(final_y=-0.153, 60.8s)
[607/1080] anpei_b0.2/nrep10/seed10: ok(final_y=1.971, 33.4s)
[608/1080] anpei_b0.2/nrep10/seed09: ok(final_y=1.371, 36.2s)
[609/1080] anpei_b0.2/nrep10/seed12: ok(final_y=0.2718, 33.8s)
[610/1080] anpei_b0.2/nrep10/seed08: ok(final_y=0.7326, 41.3s)
[611/1080] anpei_b0.2/nrep10/seed01: ok(final_y=0.8224, 52.7s)
[612/1080] anpei_b0.2/nrep10/seed15: ok(final_y=2.498, 32.0s)
[613/1080] anpei_b0.2/nrep10/seed04: ok(final_y=2.814, 53.2s)
[614/1080] anpei_b0.2/nrep10/seed14: ok(final_y=2.328, 40.2s)
[615/1080] anpei_b0.2/nrep10/seed16: ok(final_y=3.709, 38.7s)
[616/1080] anpei_b0.2/nrep10/seed18: ok(final_y=0.6726, 36.7s)
[617/1080] anpei_b0.2/nrep10/seed20: ok(final_y=0.8202, 34.6s)
[618/1080] anpei_b0.2/nrep10/seed17: ok(final_y=0.2779, 43.2s)
[619/1080] anpei_b0.2/nrep10/seed13: ok(final_y=0.6732, 51.7s)
[620/1080] anpei_b0.2/nrep10/seed21: ok(final_y=3.491, 38.0s)
[621/1080] anpei_b0.2/nrep10/seed22: ok(final_y=0.8489, 34.8s)
[622/1080] anpei_b0.2/nrep10/seed28: ok(final_y=1.605, 34.9s)
[623/1080] anpei_b0.2/nrep10/seed25: ok(final_y=3.424, 36.3s)
[624/1080] anpei_b0.2/nrep10/seed24: ok(final_y=1.73, 38.9s)
[625/1080] anpei_b0.2/nrep10/seed23: ok(final_y=1.004, 40.2s)
[626/1080] anpei_b0.2/nrep10/seed30: ok(final_y=2.203, 34.8s)
[627/1080] anpei_b0.2/nrep10/seed27: ok(final_y=3.051, 38.9s)
[628/1080] anpei_b0.2/nrep10/seed19: ok(final_y=0.9161, 59.0s)
[629/1080] anpei_b0.2/nrep10/seed29: ok(final_y=1.08, 44.7s)
[630/1080] anpei_b0.5/nrep03/seed02: ok(final_y=0.1727, 39.7s)
[631/1080] anpei_b0.2/nrep10/seed26: ok(final_y=2.181, 50.5s)
[632/1080] anpei_b0.5/nrep03/seed04: ok(final_y=0.9264, 39.5s)
[633/1080] anpei_b0.5/nrep03/seed05: ok(final_y=-1.874, 38.8s)
[634/1080] anpei_b0.5/nrep03/seed03: ok(final_y=0.2176, 46.7s)
[635/1080] anpei_b0.5/nrep03/seed06: ok(final_y=0.1916, 39.0s)
[636/1080] anpei_b0.5/nrep03/seed08: ok(final_y=-4.244, 41.6s)
[637/1080] anpei_b0.5/nrep03/seed10: ok(final_y=-0.6561, 37.2s)
[638/1080] anpei_b0.5/nrep03/seed07: ok(final_y=0.5135, 42.2s)
[639/1080] anpei_b0.5/nrep03/seed01: ok(final_y=-2.771, 60.9s)
[640/1080] anpei_b0.5/nrep03/seed11: ok(final_y=0.4605, 41.2s)
[641/1080] anpei_b0.5/nrep03/seed16: ok(final_y=-0.36, 36.4s)
[642/1080] anpei_b0.5/nrep03/seed13: ok(final_y=-0.2591, 39.6s)
[643/1080] anpei_b0.5/nrep03/seed15: ok(final_y=-5.873, 37.2s)
[644/1080] anpei_b0.5/nrep03/seed14: ok(final_y=-0.4124, 42.2s)
[645/1080] anpei_b0.5/nrep03/seed12: ok(final_y=0.804, 44.7s)
[646/1080] anpei_b0.5/nrep03/seed19: ok(final_y=-0.2744, 37.3s)
[647/1080] anpei_b0.5/nrep03/seed09: ok(final_y=-0.4622, 60.7s)
[648/1080] anpei_b0.5/nrep03/seed17: ok(final_y=-0.2208, 48.0s)
[649/1080] anpei_b0.5/nrep03/seed20: ok(final_y=-0.5181, 39.2s)
[650/1080] anpei_b0.5/nrep03/seed22: ok(final_y=-0.218, 35.4s)
[651/1080] anpei_b0.5/nrep03/seed23: ok(final_y=0.5666, 35.8s)
[652/1080] anpei_b0.5/nrep03/seed26: ok(final_y=-1.136, 33.6s)
[653/1080] anpei_b0.5/nrep03/seed25: ok(final_y=0.8492, 41.1s)
[654/1080] anpei_b0.5/nrep03/seed28: ok(final_y=0.01813, 38.3s)
[655/1080] anpei_b0.5/nrep03/seed27: ok(final_y=0.1499, 40.8s)
[656/1080] anpei_b0.5/nrep03/seed21: ok(final_y=0.7452, 56.9s)
[657/1080] anpei_b0.5/nrep03/seed18: ok(final_y=-4.736, 61.3s)
[658/1080] anpei_b0.5/nrep05/seed02: ok(final_y=-3.625, 33.9s)
[659/1080] anpei_b0.5/nrep03/seed24: ok(final_y=0.3344, 54.8s)
[660/1080] anpei_b0.5/nrep03/seed30: ok(final_y=-2.638, 38.1s)
[661/1080] anpei_b0.5/nrep05/seed01: ok(final_y=0.4675, 37.7s)
[662/1080] anpei_b0.5/nrep05/seed05: ok(final_y=-7.485, 34.2s)
[663/1080] anpei_b0.5/nrep05/seed03: ok(final_y=-0.239, 38.7s)
[664/1080] anpei_b0.5/nrep03/seed29: ok(final_y=-2.95, 56.2s)
[665/1080] anpei_b0.5/nrep05/seed04: ok(final_y=-0.3159, 44.3s)
[666/1080] anpei_b0.5/nrep05/seed10: ok(final_y=0.2429, 36.2s)
[667/1080] anpei_b0.5/nrep05/seed11: ok(final_y=0.5502, 36.2s)
[668/1080] anpei_b0.5/nrep05/seed09: ok(final_y=0.8678, 42.6s)
[669/1080] anpei_b0.5/nrep05/seed06: ok(final_y=-0.1943, 47.0s)
[670/1080] anpei_b0.5/nrep05/seed08: ok(final_y=0.434, 46.1s)
[671/1080] anpei_b0.5/nrep05/seed12: ok(final_y=-0.4833, 35.3s)
[672/1080] anpei_b0.5/nrep05/seed13: ok(final_y=0.08905, 34.8s)
[673/1080] anpei_b0.5/nrep05/seed07: ok(final_y=0.3674, 53.8s)
[674/1080] anpei_b0.5/nrep05/seed14: ok(final_y=-0.4471, 38.7s)
[675/1080] anpei_b0.5/nrep05/seed16: ok(final_y=-3.665, 36.4s)
[676/1080] anpei_b0.5/nrep05/seed15: ok(final_y=-2.734, 37.2s)
[677/1080] anpei_b0.5/nrep05/seed22: ok(final_y=-0.7789, 36.6s)
[678/1080] anpei_b0.5/nrep05/seed20: ok(final_y=0.2492, 38.5s)
[679/1080] anpei_b0.5/nrep05/seed18: ok(final_y=0.7559, 41.7s)
[680/1080] anpei_b0.5/nrep05/seed21: ok(final_y=1.309, 42.9s)
[681/1080] anpei_b0.5/nrep05/seed23: ok(final_y=0.002477, 42.3s)
[682/1080] anpei_b0.5/nrep05/seed19: ok(final_y=0.4387, 48.8s)
[683/1080] anpei_b0.5/nrep05/seed27: ok(final_y=0.1999, 36.3s)
[684/1080] anpei_b0.5/nrep05/seed26: ok(final_y=-0.1547, 38.8s)
[685/1080] anpei_b0.5/nrep05/seed17: ok(final_y=0.384, 57.9s)
[686/1080] anpei_b0.5/nrep05/seed28: ok(final_y=0.6347, 36.3s)
[687/1080] anpei_b0.5/nrep05/seed24: ok(final_y=0.6976, 44.7s)
[688/1080] anpei_b0.5/nrep10/seed01: ok(final_y=0.4406, 34.3s)
[689/1080] anpei_b0.5/nrep10/seed02: ok(final_y=0.686, 36.9s)
[690/1080] anpei_b0.5/nrep05/seed30: ok(final_y=0.2434, 44.3s)
[691/1080] anpei_b0.5/nrep10/seed05: ok(final_y=0.06222, 34.7s)
[692/1080] anpei_b0.5/nrep10/seed04: ok(final_y=0.02934, 36.7s)
[693/1080] anpei_b0.5/nrep05/seed25: ok(final_y=1.156, 59.8s)
[694/1080] anpei_b0.5/nrep10/seed06: ok(final_y=0.2289, 41.6s)
[695/1080] anpei_b0.5/nrep10/seed07: ok(final_y=-0.07312, 36.0s)
[696/1080] anpei_b0.5/nrep10/seed09: ok(final_y=0.352, 35.7s)
[697/1080] anpei_b0.5/nrep10/seed08: ok(final_y=0.6242, 38.4s)
[698/1080] anpei_b0.5/nrep05/seed29: ok(final_y=0.1506, 59.0s)
[699/1080] anpei_b0.5/nrep10/seed11: ok(final_y=0.2913, 34.1s)
[700/1080] anpei_b0.5/nrep10/seed03: ok(final_y=0.5044, 55.2s)
[701/1080] anpei_b0.5/nrep10/seed14: ok(final_y=0.1698, 36.0s)
[702/1080] anpei_b0.5/nrep10/seed13: ok(final_y=0.2075, 38.1s)
[703/1080] anpei_b0.5/nrep10/seed16: ok(final_y=0.0825, 36.3s)
[704/1080] anpei_b0.5/nrep10/seed17: ok(final_y=-0.4114, 36.3s)
[705/1080] anpei_b0.5/nrep10/seed18: ok(final_y=0.2734, 37.9s)
[706/1080] anpei_b0.5/nrep10/seed19: ok(final_y=0.1866, 36.2s)
[707/1080] anpei_b0.5/nrep10/seed12: ok(final_y=0.2771, 50.6s)
[708/1080] anpei_b0.5/nrep10/seed20: ok(final_y=0.8499, 37.5s)
[709/1080] anpei_b0.5/nrep10/seed10: ok(final_y=-0.2088, 59.1s)
[710/1080] anpei_b0.5/nrep10/seed22: ok(final_y=0.1984, 35.4s)
[711/1080] anpei_b0.5/nrep10/seed21: ok(final_y=0.4669, 39.0s)
[712/1080] anpei_b0.5/nrep10/seed15: ok(final_y=0.276, 56.2s)
[713/1080] anpei_b0.5/nrep10/seed26: ok(final_y=0.3404, 36.2s)
[714/1080] anpei_b0.5/nrep10/seed25: ok(final_y=0.6364, 37.0s)
[715/1080] anpei_b0.5/nrep10/seed24: ok(final_y=0.7402, 39.0s)
[716/1080] anpei_b0.5/nrep10/seed29: ok(final_y=0.5852, 35.5s)
[717/1080] anpei_b0.5/nrep10/seed23: ok(final_y=0.9441, 45.0s)
[718/1080] anpei_b0.5/nrep10/seed28: ok(final_y=0.5785, 45.2s)
[719/1080] anpei_b0.8/nrep03/seed01: ok(final_y=-2.203, 35.6s)
[720/1080] anpei_b0.5/nrep10/seed27: ok(final_y=-0.07229, 50.2s)
[721/1080] anpei_b0.8/nrep03/seed02: ok(final_y=0.1982, 40.3s)
[722/1080] anpei_b0.8/nrep03/seed03: ok(final_y=-0.804, 38.6s)
[723/1080] anpei_b0.5/nrep10/seed30: ok(final_y=0.2487, 51.0s)
[724/1080] anpei_b0.8/nrep03/seed06: ok(final_y=-0.3313, 38.3s)
[725/1080] anpei_b0.8/nrep03/seed05: ok(final_y=-1.805, 42.4s)
[726/1080] anpei_b0.8/nrep03/seed10: ok(final_y=0.09731, 36.7s)
[727/1080] anpei_b0.8/nrep03/seed09: ok(final_y=-0.1274, 38.8s)
[728/1080] anpei_b0.8/nrep03/seed07: ok(final_y=-1.21, 43.4s)
[729/1080] anpei_b0.8/nrep03/seed08: ok(final_y=-0.2402, 47.4s)
[730/1080] anpei_b0.8/nrep03/seed15: ok(final_y=-0.7061, 38.9s)
[731/1080] anpei_b0.8/nrep03/seed14: ok(final_y=-0.3087, 40.8s)
[732/1080] anpei_b0.8/nrep03/seed04: ok(final_y=-0.4728, 62.3s)
[733/1080] anpei_b0.8/nrep03/seed16: ok(final_y=-0.1329, 40.4s)
[734/1080] anpei_b0.8/nrep03/seed17: ok(final_y=-1.859, 39.1s)
[735/1080] anpei_b0.8/nrep03/seed13: ok(final_y=-2.755, 50.8s)
[736/1080] anpei_b0.8/nrep03/seed11: ok(final_y=-5.731, 56.8s)
[737/1080] anpei_b0.8/nrep03/seed19: ok(final_y=-0.07588, 39.1s)
[738/1080] anpei_b0.8/nrep03/seed18: ok(final_y=-6.394, 41.1s)
[739/1080] anpei_b0.8/nrep03/seed22: ok(final_y=0.3179, 35.4s)
[740/1080] anpei_b0.8/nrep03/seed23: ok(final_y=-6.673, 33.5s)
[741/1080] anpei_b0.8/nrep03/seed12: ok(final_y=-0.5395, 58.0s)
[742/1080] anpei_b0.8/nrep03/seed21: ok(final_y=-1.356, 41.3s)
[743/1080] anpei_b0.8/nrep03/seed26: ok(final_y=-0.9729, 35.8s)
[744/1080] anpei_b0.8/nrep03/seed24: ok(final_y=-0.2727, 41.7s)
[745/1080] anpei_b0.8/nrep03/seed20: ok(final_y=-0.7392, 53.4s)
[746/1080] anpei_b0.8/nrep03/seed27: ok(final_y=0.2459, 39.5s)
[747/1080] anpei_b0.8/nrep03/seed25: ok(final_y=-0.3869, 46.1s)
[748/1080] anpei_b0.8/nrep05/seed01: ok(final_y=0.219, 36.1s)
[749/1080] anpei_b0.8/nrep03/seed29: ok(final_y=-0.4609, 38.7s)
[750/1080] anpei_b0.8/nrep05/seed03: ok(final_y=-0.2984, 36.3s)
[751/1080] anpei_b0.8/nrep05/seed04: ok(final_y=-0.3159, 36.9s)
[752/1080] anpei_b0.8/nrep03/seed30: ok(final_y=0.4756, 42.6s)
[753/1080] anpei_b0.8/nrep05/seed07: ok(final_y=-0.01674, 35.8s)
[754/1080] anpei_b0.8/nrep05/seed02: ok(final_y=-2.538, 44.4s)
[755/1080] anpei_b0.8/nrep03/seed28: ok(final_y=-5.807, 56.5s)
[756/1080] anpei_b0.8/nrep05/seed08: ok(final_y=-0.557, 36.9s)
[757/1080] anpei_b0.8/nrep05/seed05: ok(final_y=-0.8767, 43.9s)
[758/1080] anpei_b0.8/nrep05/seed06: ok(final_y=-1.823, 44.4s)
[759/1080] anpei_b0.8/nrep05/seed09: ok(final_y=0.8534, 41.9s)
[760/1080] anpei_b0.8/nrep05/seed13: ok(final_y=-0.6906, 37.7s)
[761/1080] anpei_b0.8/nrep05/seed11: ok(final_y=-2.614, 47.6s)
[762/1080] anpei_b0.8/nrep05/seed15: ok(final_y=-0.4836, 35.8s)
[763/1080] anpei_b0.8/nrep05/seed14: ok(final_y=-0.5081, 41.3s)
[764/1080] anpei_b0.8/nrep05/seed12: ok(final_y=-0.5971, 49.7s)
[765/1080] anpei_b0.8/nrep05/seed10: ok(final_y=-1.13, 55.0s)
[766/1080] anpei_b0.8/nrep05/seed16: ok(final_y=0.1307, 42.1s)
[767/1080] anpei_b0.8/nrep05/seed20: ok(final_y=-2.338, 35.3s)
[768/1080] anpei_b0.8/nrep05/seed18: ok(final_y=-1.177, 39.0s)
[769/1080] anpei_b0.8/nrep05/seed21: ok(final_y=-0.0758, 37.2s)
[770/1080] anpei_b0.8/nrep05/seed22: ok(final_y=-0.0716, 37.6s)
[771/1080] anpei_b0.8/nrep05/seed19: ok(final_y=0.2392, 43.1s)
[772/1080] anpei_b0.8/nrep05/seed17: ok(final_y=-0.07048, 49.4s)
[773/1080] anpei_b0.8/nrep05/seed23: ok(final_y=-0.3079, 38.9s)
[774/1080] anpei_b0.8/nrep05/seed26: ok(final_y=-2.933, 36.2s)
[775/1080] anpei_b0.8/nrep05/seed29: ok(final_y=-1.875, 35.6s)
[776/1080] anpei_b0.8/nrep05/seed30: ok(final_y=0.2265, 37.3s)
[777/1080] anpei_b0.8/nrep10/seed02: ok(final_y=-0.522, 37.3s)
[778/1080] anpei_b0.8/nrep10/seed01: ok(final_y=0.2289, 39.3s)
[779/1080] anpei_b0.8/nrep10/seed03: ok(final_y=-0.1655, 36.0s)
[780/1080] anpei_b0.8/nrep05/seed27: ok(final_y=-4.38, 52.3s)
[781/1080] anpei_b0.8/nrep05/seed24: ok(final_y=0.1591, 61.4s)
[782/1080] anpei_b0.8/nrep10/seed07: ok(final_y=-0.2571, 36.7s)
[783/1080] anpei_b0.8/nrep10/seed08: ok(final_y=0.1865, 36.4s)
[784/1080] anpei_b0.8/nrep10/seed09: ok(final_y=-3.768, 34.7s)
[785/1080] anpei_b0.8/nrep05/seed28: ok(final_y=0.01818, 60.7s)
[786/1080] anpei_b0.8/nrep10/seed06: ok(final_y=0.1873, 43.9s)
[787/1080] anpei_b0.8/nrep05/seed25: ok(final_y=0.3466, 68.7s)
[788/1080] anpei_b0.8/nrep10/seed12: ok(final_y=-1.754, 37.0s)
[789/1080] anpei_b0.8/nrep10/seed11: ok(final_y=0.3763, 38.1s)
[790/1080] anpei_b0.8/nrep10/seed10: ok(final_y=-2.893, 39.5s)
[791/1080] anpei_b0.8/nrep10/seed13: ok(final_y=0.1595, 38.6s)
[792/1080] anpei_b0.8/nrep10/seed14: ok(final_y=-0.07639, 38.3s)
[793/1080] anpei_b0.8/nrep10/seed04: ok(final_y=-0.696, 57.2s)
[794/1080] anpei_b0.8/nrep10/seed15: ok(final_y=0.3926, 37.1s)
[795/1080] anpei_b0.8/nrep10/seed05: ok(final_y=0.3648, 61.4s)
[796/1080] anpei_b0.8/nrep10/seed16: ok(final_y=-0.4754, 34.5s)
[797/1080] anpei_b0.8/nrep10/seed17: ok(final_y=0.1116, 37.6s)
[798/1080] anpei_b0.8/nrep10/seed18: ok(final_y=0.02156, 37.5s)
[799/1080] anpei_b0.8/nrep10/seed19: ok(final_y=0.3903, 37.0s)
[800/1080] anpei_b0.8/nrep10/seed22: ok(final_y=-2.878, 35.0s)
[801/1080] anpei_b0.8/nrep10/seed23: ok(final_y=-2.222, 35.8s)
[802/1080] anpei_b0.8/nrep10/seed24: ok(final_y=-0.3146, 39.5s)
[803/1080] anpei_b0.8/nrep10/seed29: ok(final_y=0.6814, 36.7s)
[804/1080] anpei_b0.8/nrep10/seed30: ok(final_y=-0.3779, 35.7s)
[805/1080] anpei_b0.8/nrep10/seed28: ok(final_y=-0.02908, 37.8s)
[806/1080] anpei_b0.8/nrep10/seed27: ok(final_y=0.234, 42.3s)
[807/1080] anpei_b0.8/nrep10/seed20: ok(final_y=-0.8951, 53.6s)
[808/1080] anpei_b0.8/nrep10/seed25: ok(final_y=0.1651, 49.1s)
[809/1080] anpei_b0.8/nrep10/seed21: ok(final_y=-0.1106, 58.1s)
[810/1080] anpei_b0.8/nrep10/seed26: ok(final_y=0.4799, 54.4s)
[811/1080] rahbo_a0.5/nrep03/seed01: ok(final_y=0.1622, 47.3s)
[812/1080] rahbo_a0.5/nrep03/seed04: ok(final_y=-0.2341, 44.6s)
[813/1080] rahbo_a0.5/nrep03/seed02: ok(final_y=-9.803, 48.6s)
[814/1080] rahbo_a0.5/nrep03/seed06: ok(final_y=-0.4454, 42.4s)
[815/1080] rahbo_a0.5/nrep03/seed09: ok(final_y=-0.2153, 42.7s)
[816/1080] rahbo_a0.5/nrep03/seed05: ok(final_y=-2.256, 57.1s)
[817/1080] rahbo_a0.5/nrep03/seed11: ok(final_y=-0.6103, 42.9s)
[818/1080] rahbo_a0.5/nrep03/seed08: ok(final_y=-0.0974, 51.4s)
[819/1080] rahbo_a0.5/nrep03/seed10: ok(final_y=-0.6619, 45.7s)
[820/1080] rahbo_a0.5/nrep03/seed12: ok(final_y=-10.64, 39.9s)
[821/1080] rahbo_a0.5/nrep03/seed07: ok(final_y=-0.4166, 53.1s)
[822/1080] rahbo_a0.5/nrep03/seed03: ok(final_y=-3.664, 67.0s)
[823/1080] rahbo_a0.5/nrep03/seed13: ok(final_y=-0.05746, 42.2s)
[824/1080] rahbo_a0.5/nrep03/seed14: ok(final_y=-0.6821, 43.3s)
[825/1080] rahbo_a0.5/nrep03/seed16: ok(final_y=-0.9038, 46.5s)
[826/1080] rahbo_a0.5/nrep03/seed15: ok(final_y=-0.5775, 50.7s)
[827/1080] rahbo_a0.5/nrep03/seed21: ok(final_y=-1.281, 45.5s)
[828/1080] rahbo_a0.5/nrep03/seed23: ok(final_y=-0.7833, 44.3s)
[829/1080] rahbo_a0.5/nrep03/seed22: ok(final_y=-0.31, 45.6s)
[830/1080] rahbo_a0.5/nrep03/seed24: ok(final_y=-0.02227, 42.3s)
[831/1080] rahbo_a0.5/nrep03/seed17: ok(final_y=-0.177, 58.6s)
[832/1080] rahbo_a0.5/nrep03/seed18: ok(final_y=-3.642, 61.0s)
[833/1080] rahbo_a0.5/nrep03/seed25: ok(final_y=-0.5895, 43.4s)
[834/1080] rahbo_a0.5/nrep03/seed20: ok(final_y=-0.3831, 58.9s)
[835/1080] rahbo_a0.5/nrep03/seed19: ok(final_y=-1.221, 64.5s)
[836/1080] rahbo_a0.5/nrep03/seed29: ok(final_y=-2.958, 40.5s)
[837/1080] rahbo_a0.5/nrep05/seed01: ok(final_y=-0.4296, 41.0s)
[838/1080] rahbo_a0.5/nrep03/seed27: ok(final_y=-0.3276, 43.7s)
[839/1080] rahbo_a0.5/nrep03/seed30: ok(final_y=-0.1211, 46.2s)
[840/1080] rahbo_a0.5/nrep05/seed04: ok(final_y=-0.2196, 41.1s)
[841/1080] rahbo_a0.5/nrep03/seed26: ok(final_y=-3.678, 55.5s)
[842/1080] rahbo_a0.5/nrep03/seed28: ok(final_y=-0.0325, 53.8s)
[843/1080] rahbo_a0.5/nrep05/seed05: ok(final_y=0.003126, 46.4s)
[844/1080] rahbo_a0.5/nrep05/seed06: ok(final_y=-1.725, 49.3s)
[845/1080] rahbo_a0.5/nrep05/seed02: ok(final_y=-0.3562, 66.6s)
[846/1080] rahbo_a0.5/nrep05/seed08: ok(final_y=-0.1221, 43.0s)
[847/1080] rahbo_a0.5/nrep05/seed10: ok(final_y=-0.439, 43.5s)
[848/1080] rahbo_a0.5/nrep05/seed09: ok(final_y=-0.557, 44.3s)
[849/1080] rahbo_a0.5/nrep05/seed03: ok(final_y=-0.03725, 65.9s)
[850/1080] rahbo_a0.5/nrep05/seed13: ok(final_y=-0.3659, 44.3s)
[851/1080] rahbo_a0.5/nrep05/seed15: ok(final_y=-0.7029, 41.4s)
[852/1080] rahbo_a0.5/nrep05/seed14: ok(final_y=-0.965, 46.8s)
[853/1080] rahbo_a0.5/nrep05/seed16: ok(final_y=-0.3309, 43.1s)
[854/1080] rahbo_a0.5/nrep05/seed18: ok(final_y=-0.1522, 42.7s)
[855/1080] rahbo_a0.5/nrep05/seed17: ok(final_y=-0.8555, 46.2s)
[856/1080] rahbo_a0.5/nrep05/seed19: ok(final_y=-0.1197, 42.8s)
[857/1080] rahbo_a0.5/nrep05/seed20: ok(final_y=-0.3153, 44.0s)
[858/1080] rahbo_a0.5/nrep05/seed07: ok(final_y=0.157, 69.6s)
[859/1080] rahbo_a0.5/nrep05/seed11: ok(final_y=-0.2848, 71.2s)
[860/1080] rahbo_a0.5/nrep05/seed22: ok(final_y=-0.5532, 47.0s)
[861/1080] rahbo_a0.5/nrep05/seed12: ok(final_y=-0.4221, 68.3s)
[862/1080] rahbo_a0.5/nrep05/seed23: ok(final_y=-1.125, 45.4s)
[863/1080] rahbo_a0.5/nrep05/seed26: ok(final_y=-0.3682, 44.6s)
[864/1080] rahbo_a0.5/nrep05/seed27: ok(final_y=-0.5341, 43.3s)
[865/1080] rahbo_a0.5/nrep05/seed28: ok(final_y=-0.1566, 44.4s)
[866/1080] rahbo_a0.5/nrep05/seed24: ok(final_y=-0.3241, 52.1s)
[867/1080] rahbo_a0.5/nrep05/seed30: ok(final_y=-0.2145, 42.8s)
[868/1080] rahbo_a0.5/nrep10/seed01: ok(final_y=0.2158, 43.8s)
[869/1080] rahbo_a0.5/nrep05/seed21: ok(final_y=-0.6078, 72.1s)
[870/1080] rahbo_a0.5/nrep10/seed03: ok(final_y=-0.1053, 42.9s)
[871/1080] rahbo_a0.5/nrep10/seed04: ok(final_y=-0.06223, 41.9s)
[872/1080] rahbo_a0.5/nrep10/seed02: ok(final_y=0.3506, 45.3s)
[873/1080] rahbo_a0.5/nrep05/seed29: ok(final_y=-0.02918, 58.5s)
[874/1080] rahbo_a0.5/nrep10/seed06: ok(final_y=-0.006488, 42.9s)
[875/1080] rahbo_a0.5/nrep10/seed05: ok(final_y=-0.5121, 44.5s)
[876/1080] rahbo_a0.5/nrep05/seed25: ok(final_y=-0.5705, 68.1s)
[877/1080] rahbo_a0.5/nrep10/seed07: ok(final_y=-0.8362, 44.3s)
[878/1080] rahbo_a0.5/nrep10/seed08: ok(final_y=0.01849, 51.6s)
[879/1080] rahbo_a0.5/nrep10/seed12: ok(final_y=-0.009182, 46.1s)
[880/1080] rahbo_a0.5/nrep10/seed14: ok(final_y=-0.7358, 42.1s)
[881/1080] rahbo_a0.5/nrep10/seed15: ok(final_y=0.0285, 41.4s)
[882/1080] rahbo_a0.5/nrep10/seed16: ok(final_y=0.02256, 43.8s)
[883/1080] rahbo_a0.5/nrep10/seed13: ok(final_y=0.2569, 48.6s)
[884/1080] rahbo_a0.5/nrep10/seed17: ok(final_y=-0.05604, 43.1s)
[885/1080] rahbo_a0.5/nrep10/seed18: ok(final_y=-0.3623, 44.6s)
[886/1080] rahbo_a0.5/nrep10/seed09: ok(final_y=0.04693, 72.1s)
[887/1080] rahbo_a0.5/nrep10/seed21: ok(final_y=-0.08407, 42.8s)
[888/1080] rahbo_a0.5/nrep10/seed11: ok(final_y=-0.03919, 69.4s)
[889/1080] rahbo_a0.5/nrep10/seed20: ok(final_y=-0.1717, 44.7s)
[890/1080] rahbo_a0.5/nrep10/seed10: ok(final_y=0.05008, 71.8s)
[891/1080] rahbo_a0.5/nrep10/seed22: ok(final_y=0.05858, 43.9s)
[892/1080] rahbo_a0.5/nrep10/seed27: ok(final_y=-0.07452, 43.0s)
[893/1080] rahbo_a0.5/nrep10/seed24: ok(final_y=-0.3792, 47.5s)
[894/1080] rahbo_a0.5/nrep10/seed25: ok(final_y=-0.2027, 50.2s)
[895/1080] rahbo_a0.5/nrep10/seed28: ok(final_y=-0.384, 42.4s)
[896/1080] rahbo_a0.5/nrep10/seed19: ok(final_y=-0.008468, 66.6s)
[897/1080] rahbo_a0.5/nrep10/seed29: ok(final_y=-0.04045, 42.1s)
[898/1080] rahbo_a0.5/nrep10/seed23: ok(final_y=-1.023, 64.8s)
[899/1080] rahbo_a0.5/nrep10/seed30: ok(final_y=-0.06477, 45.3s)
[900/1080] rahbo_a1/nrep03/seed01: ok(final_y=0.03015, 45.3s)
[901/1080] rahbo_a0.5/nrep10/seed26: ok(final_y=-0.08529, 67.9s)
[902/1080] rahbo_a1/nrep03/seed02: ok(final_y=-0.5121, 45.3s)
[903/1080] rahbo_a1/nrep03/seed03: ok(final_y=-0.7615, 47.8s)
[904/1080] rahbo_a1/nrep03/seed04: ok(final_y=-0.4618, 44.7s)
[905/1080] rahbo_a1/nrep03/seed07: ok(final_y=-0.4233, 43.6s)
[906/1080] rahbo_a1/nrep03/seed05: ok(final_y=-2.267, 45.2s)
[907/1080] rahbo_a1/nrep03/seed09: ok(final_y=-0.2635, 45.2s)
[908/1080] rahbo_a1/nrep03/seed12: ok(final_y=-10.64, 40.6s)
[909/1080] rahbo_a1/nrep03/seed11: ok(final_y=-0.1285, 46.5s)
[910/1080] rahbo_a1/nrep03/seed13: ok(final_y=-0.1231, 44.0s)
[911/1080] rahbo_a1/nrep03/seed14: ok(final_y=-0.4536, 55.3s)
[912/1080] rahbo_a1/nrep03/seed17: ok(final_y=-0.2339, 45.5s)
[913/1080] rahbo_a1/nrep03/seed10: ok(final_y=-0.6349, 67.4s)
[914/1080] rahbo_a1/nrep03/seed06: ok(final_y=-0.7201, 71.1s)
[915/1080] rahbo_a1/nrep03/seed15: ok(final_y=-0.3677, 53.2s)
[916/1080] rahbo_a1/nrep03/seed08: ok(final_y=-0.9848, 72.5s)
[917/1080] rahbo_a1/nrep03/seed19: ok(final_y=-1.183, 44.7s)
[918/1080] rahbo_a1/nrep03/seed20: ok(final_y=-0.6208, 46.1s)
[919/1080] rahbo_a1/nrep03/seed22: ok(final_y=-0.2787, 44.4s)
[920/1080] rahbo_a1/nrep03/seed18: ok(final_y=-2.547, 56.7s)
[921/1080] rahbo_a1/nrep03/seed23: ok(final_y=-0.6403, 43.7s)
[922/1080] rahbo_a1/nrep03/seed24: ok(final_y=-0.2731, 43.2s)
[923/1080] rahbo_a1/nrep03/seed26: ok(final_y=-3.678, 43.0s)
[924/1080] rahbo_a1/nrep03/seed25: ok(final_y=0.1866, 43.7s)
[925/1080] rahbo_a1/nrep03/seed27: ok(final_y=-0.2385, 46.0s)
[926/1080] rahbo_a1/nrep03/seed29: ok(final_y=-0.4673, 44.5s)
[927/1080] rahbo_a1/nrep03/seed28: ok(final_y=-0.1002, 45.1s)
[928/1080] rahbo_a1/nrep03/seed16: ok(final_y=-0.9016, 74.0s)
[929/1080] rahbo_a1/nrep03/seed30: ok(final_y=-0.2934, 45.3s)
[930/1080] rahbo_a1/nrep03/seed21: ok(final_y=-1.206, 72.7s)
[931/1080] rahbo_a1/nrep05/seed02: ok(final_y=-0.4627, 44.4s)
[932/1080] rahbo_a1/nrep05/seed07: ok(final_y=0.05148, 43.7s)
[933/1080] rahbo_a1/nrep05/seed01: ok(final_y=-1.286, 54.3s)
[934/1080] rahbo_a1/nrep05/seed05: ok(final_y=0.1707, 50.9s)
[935/1080] rahbo_a1/nrep05/seed09: ok(final_y=-0.4975, 43.2s)
[936/1080] rahbo_a1/nrep05/seed08: ok(final_y=-0.1765, 46.4s)
[937/1080] rahbo_a1/nrep05/seed11: ok(final_y=-0.3408, 44.1s)
[938/1080] rahbo_a1/nrep05/seed12: ok(final_y=-0.4324, 44.6s)
[939/1080] rahbo_a1/nrep05/seed13: ok(final_y=-0.2517, 42.6s)
[940/1080] rahbo_a1/nrep05/seed03: ok(final_y=-0.38, 63.5s)
[941/1080] rahbo_a1/nrep05/seed14: ok(final_y=-0.9565, 47.3s)
[942/1080] rahbo_a1/nrep05/seed16: ok(final_y=-0.3547, 43.3s)
[943/1080] rahbo_a1/nrep05/seed04: ok(final_y=-0.005095, 66.5s)
[944/1080] rahbo_a1/nrep05/seed15: ok(final_y=-0.6301, 45.5s)
[945/1080] rahbo_a1/nrep05/seed17: ok(final_y=-0.948, 44.0s)
[946/1080] rahbo_a1/nrep05/seed19: ok(final_y=-0.1048, 43.4s)
[947/1080] rahbo_a1/nrep05/seed06: ok(final_y=-0.2482, 70.9s)
[948/1080] rahbo_a1/nrep05/seed10: ok(final_y=0.1084, 68.7s)
[949/1080] rahbo_a1/nrep05/seed21: ok(final_y=-0.2544, 45.4s)
[950/1080] rahbo_a1/nrep05/seed18: ok(final_y=-0.1629, 65.5s)
[951/1080] rahbo_a1/nrep05/seed22: ok(final_y=-0.3225, 49.2s)
[952/1080] rahbo_a1/nrep05/seed26: ok(final_y=-2.345, 44.6s)
[953/1080] rahbo_a1/nrep05/seed23: ok(final_y=-1.125, 46.4s)
[954/1080] rahbo_a1/nrep05/seed27: ok(final_y=-0.1963, 45.9s)
[955/1080] rahbo_a1/nrep05/seed28: ok(final_y=-0.1241, 45.4s)
[956/1080] rahbo_a1/nrep05/seed20: ok(final_y=-0.2149, 68.5s)
[957/1080] rahbo_a1/nrep05/seed29: ok(final_y=-0.2324, 45.3s)
[958/1080] rahbo_a1/nrep05/seed25: ok(final_y=-0.5961, 54.4s)
[959/1080] rahbo_a1/nrep10/seed01: ok(final_y=-0.2224, 42.5s)
[960/1080] rahbo_a1/nrep05/seed24: ok(final_y=-0.3327, 57.1s)
[961/1080] rahbo_a1/nrep10/seed02: ok(final_y=0.08874, 44.0s)
[962/1080] rahbo_a1/nrep10/seed04: ok(final_y=-0.1707, 44.7s)
[963/1080] rahbo_a1/nrep10/seed05: ok(final_y=-0.2634, 46.0s)
[964/1080] rahbo_a1/nrep05/seed30: ok(final_y=-0.09519, 53.0s)
[965/1080] rahbo_a1/nrep10/seed06: ok(final_y=0.1602, 44.3s)
[966/1080] rahbo_a1/nrep10/seed08: ok(final_y=0.05945, 51.2s)
[967/1080] rahbo_a1/nrep10/seed09: ok(final_y=0.1069, 46.7s)
[968/1080] rahbo_a1/nrep10/seed03: ok(final_y=-0.1071, 68.3s)
[969/1080] rahbo_a1/nrep10/seed07: ok(final_y=-0.153, 63.1s)
[970/1080] rahbo_a1/nrep10/seed12: ok(final_y=-0.002684, 42.8s)
[971/1080] rahbo_a1/nrep10/seed10: ok(final_y=-0.07641, 50.8s)
[972/1080] rahbo_a1/nrep10/seed15: ok(final_y=0.0505, 42.5s)
[973/1080] rahbo_a1/nrep10/seed11: ok(final_y=-0.03149, 48.6s)
[974/1080] rahbo_a1/nrep10/seed13: ok(final_y=0.2081, 49.1s)
[975/1080] rahbo_a1/nrep10/seed17: ok(final_y=-0.00133, 44.8s)
[976/1080] rahbo_a1/nrep10/seed21: ok(final_y=-0.1688, 40.7s)
[977/1080] rahbo_a1/nrep10/seed19: ok(final_y=-0.09534, 45.1s)
[978/1080] rahbo_a1/nrep10/seed22: ok(final_y=0.1421, 43.0s)
[979/1080] rahbo_a1/nrep10/seed23: ok(final_y=-0.2494, 44.4s)
[980/1080] rahbo_a1/nrep10/seed20: ok(final_y=-0.0756, 51.6s)
[981/1080] rahbo_a1/nrep10/seed25: ok(final_y=-0.08029, 45.2s)
[982/1080] rahbo_a1/nrep10/seed24: ok(final_y=-0.3593, 46.1s)
[983/1080] rahbo_a1/nrep10/seed14: ok(final_y=-0.1845, 65.7s)
[984/1080] rahbo_a1/nrep10/seed18: ok(final_y=0.105, 65.0s)
[985/1080] rahbo_a1/nrep10/seed26: ok(final_y=0.2361, 44.5s)
[986/1080] rahbo_a1/nrep10/seed16: ok(final_y=-0.05082, 71.9s)
[987/1080] rahbo_a1/nrep10/seed27: ok(final_y=-0.07981, 43.7s)
[988/1080] rahbo_a1/nrep10/seed30: ok(final_y=-0.2965, 43.7s)
[989/1080] rahbo_a5/nrep03/seed02: ok(final_y=-0.4774, 44.3s)
[990/1080] rahbo_a5/nrep03/seed05: ok(final_y=-1.795, 41.6s)
[991/1080] rahbo_a5/nrep03/seed03: ok(final_y=-0.141, 45.9s)
[992/1080] rahbo_a5/nrep03/seed07: ok(final_y=0.4021, 42.6s)
[993/1080] rahbo_a5/nrep03/seed06: ok(final_y=-1.014, 43.8s)
[994/1080] rahbo_a5/nrep03/seed04: ok(final_y=0.1385, 48.5s)
[995/1080] rahbo_a1/nrep10/seed29: ok(final_y=0.05079, 63.6s)
[996/1080] rahbo_a5/nrep03/seed09: ok(final_y=-0.1341, 43.9s)
[997/1080] rahbo_a5/nrep03/seed08: ok(final_y=-1.094, 47.5s)
[998/1080] rahbo_a1/nrep10/seed28: ok(final_y=-0.4625, 68.0s)
[999/1080] rahbo_a5/nrep03/seed10: ok(final_y=-0.6182, 43.0s)
[1000/1080] rahbo_a5/nrep03/seed12: ok(final_y=-0.5075, 42.1s)
[1001/1080] rahbo_a5/nrep03/seed01: ok(final_y=-0.2436, 67.1s)
[1002/1080] rahbo_a5/nrep03/seed11: ok(final_y=-0.5412, 46.9s)
[1003/1080] rahbo_a5/nrep03/seed17: ok(final_y=-0.6139, 42.9s)
[1004/1080] rahbo_a5/nrep03/seed15: ok(final_y=-0.5188, 50.1s)
[1005/1080] rahbo_a5/nrep03/seed18: ok(final_y=-0.5548, 41.2s)
[1006/1080] rahbo_a5/nrep03/seed19: ok(final_y=-1.187, 43.0s)
[1007/1080] rahbo_a5/nrep03/seed13: ok(final_y=0.1291, 64.3s)
[1008/1080] rahbo_a5/nrep03/seed20: ok(final_y=-0.7177, 44.8s)
[1009/1080] rahbo_a5/nrep03/seed21: ok(final_y=-1.332, 44.4s)
[1010/1080] rahbo_a5/nrep03/seed23: ok(final_y=-0.7302, 41.5s)
[1011/1080] rahbo_a5/nrep03/seed14: ok(final_y=-0.1433, 68.2s)
[1012/1080] rahbo_a5/nrep03/seed24: ok(final_y=0.1255, 44.5s)
[1013/1080] rahbo_a5/nrep03/seed22: ok(final_y=-0.2482, 46.0s)
[1014/1080] rahbo_a5/nrep03/seed26: ok(final_y=-0.2276, 40.8s)
[1015/1080] rahbo_a5/nrep03/seed16: ok(final_y=-1.06, 68.7s)
[1016/1080] rahbo_a5/nrep03/seed27: ok(final_y=-0.07092, 42.4s)
[1017/1080] rahbo_a5/nrep03/seed29: ok(final_y=-0.4087, 44.1s)
[1018/1080] rahbo_a5/nrep03/seed30: ok(final_y=-0.7452, 47.7s)
[1019/1080] rahbo_a5/nrep05/seed02: ok(final_y=-0.3234, 45.3s)
[1020/1080] rahbo_a5/nrep05/seed03: ok(final_y=0.02484, 44.4s)
[1021/1080] rahbo_a5/nrep03/seed25: ok(final_y=0.1651, 67.7s)
[1022/1080] rahbo_a5/nrep05/seed05: ok(final_y=-0.07471, 42.7s)
[1023/1080] rahbo_a5/nrep03/seed28: ok(final_y=0.309, 67.4s)
[1024/1080] rahbo_a5/nrep05/seed04: ok(final_y=-3.11, 45.6s)
[1025/1080] rahbo_a5/nrep05/seed06: ok(final_y=-0.251, 43.0s)
[1026/1080] rahbo_a5/nrep05/seed01: ok(final_y=-0.4149, 67.2s)
[1027/1080] rahbo_a5/nrep05/seed10: ok(final_y=0.05958, 42.9s)
[1028/1080] rahbo_a5/nrep05/seed08: ok(final_y=-0.3138, 44.8s)
[1029/1080] rahbo_a5/nrep05/seed13: ok(final_y=-0.1698, 42.4s)
[1030/1080] rahbo_a5/nrep05/seed12: ok(final_y=1.012, 44.7s)
[1031/1080] rahbo_a5/nrep05/seed16: ok(final_y=0.2253, 41.7s)
[1032/1080] rahbo_a5/nrep05/seed09: ok(final_y=-0.3364, 50.6s)
[1033/1080] rahbo_a5/nrep05/seed07: ok(final_y=1.243, 55.9s)
[1034/1080] rahbo_a5/nrep05/seed14: ok(final_y=-0.5254, 47.6s)
[1035/1080] rahbo_a5/nrep05/seed17: ok(final_y=-0.6862, 44.1s)
[1036/1080] rahbo_a5/nrep05/seed18: ok(final_y=-0.0299, 44.3s)
[1037/1080] rahbo_a5/nrep05/seed11: ok(final_y=0.3713, 62.9s)
[1038/1080] rahbo_a5/nrep05/seed19: ok(final_y=0.1755, 49.9s)
[1039/1080] rahbo_a5/nrep05/seed20: ok(final_y=-0.3468, 40.7s)
[1040/1080] rahbo_a5/nrep05/seed15: ok(final_y=-0.3402, 67.3s)
[1041/1080] rahbo_a5/nrep05/seed22: ok(final_y=-0.5475, 46.0s)
[1042/1080] rahbo_a5/nrep05/seed24: ok(final_y=-0.2855, 45.8s)
[1043/1080] rahbo_a5/nrep05/seed25: ok(final_y=-0.3327, 44.7s)
[1044/1080] rahbo_a5/nrep05/seed29: ok(final_y=0.01504, 41.3s)
[1045/1080] rahbo_a5/nrep10/seed01: ok(final_y=-0.04554, 39.4s)
[1046/1080] rahbo_a5/nrep05/seed28: ok(final_y=2.18, 46.2s)
[1047/1080] rahbo_a5/nrep05/seed26: ok(final_y=-0.4592, 51.8s)
[1048/1080] rahbo_a5/nrep05/seed30: ok(final_y=-0.009581, 46.5s)
[1049/1080] rahbo_a5/nrep05/seed21: ok(final_y=-0.3077, 63.7s)
[1050/1080] rahbo_a5/nrep10/seed04: ok(final_y=0.09209, 43.6s)
[1051/1080] rahbo_a5/nrep10/seed05: ok(final_y=0.2179, 42.9s)
[1052/1080] rahbo_a5/nrep05/seed23: ok(final_y=0.04406, 65.1s)
[1053/1080] rahbo_a5/nrep10/seed03: ok(final_y=-0.1191, 48.2s)
[1054/1080] rahbo_a5/nrep05/seed27: ok(final_y=-0.2554, 58.4s)
[1055/1080] rahbo_a5/nrep10/seed02: ok(final_y=0.1026, 52.5s)
[1056/1080] rahbo_a5/nrep10/seed08: ok(final_y=0.4369, 41.4s)
[1057/1080] rahbo_a5/nrep10/seed09: ok(final_y=0.0001494, 50.0s)
[1058/1080] rahbo_a5/nrep10/seed11: ok(final_y=0.3711, 41.6s)
[1059/1080] rahbo_a5/nrep10/seed06: ok(final_y=0.05261, 63.1s)
[1060/1080] rahbo_a5/nrep10/seed12: ok(final_y=0.143, 43.1s)
[1061/1080] rahbo_a5/nrep10/seed13: ok(final_y=0.2925, 42.6s)
[1062/1080] rahbo_a5/nrep10/seed07: ok(final_y=1.703, 63.4s)
[1063/1080] rahbo_a5/nrep10/seed14: ok(final_y=0.4558, 43.7s)
[1064/1080] rahbo_a5/nrep10/seed15: ok(final_y=0.1078, 42.2s)
[1065/1080] rahbo_a5/nrep10/seed17: ok(final_y=0.2844, 42.9s)
[1066/1080] rahbo_a5/nrep10/seed18: ok(final_y=0.1189, 40.9s)
[1067/1080] rahbo_a5/nrep10/seed10: ok(final_y=0.3219, 61.5s)
[1068/1080] rahbo_a5/nrep10/seed16: ok(final_y=-0.08838, 50.1s)
[1069/1080] rahbo_a5/nrep10/seed21: ok(final_y=-0.1078, 42.8s)
[1070/1080] rahbo_a5/nrep10/seed23: ok(final_y=-0.1054, 42.1s)
[1071/1080] rahbo_a5/nrep10/seed20: ok(final_y=-0.03321, 45.9s)
[1072/1080] rahbo_a5/nrep10/seed25: ok(final_y=-0.1976, 43.7s)
[1073/1080] rahbo_a5/nrep10/seed26: ok(final_y=0.09212, 39.0s)
[1074/1080] rahbo_a5/nrep10/seed19: ok(final_y=0.08725, 53.2s)
[1075/1080] rahbo_a5/nrep10/seed22: ok(final_y=-0.01963, 52.3s)
[1076/1080] rahbo_a5/nrep10/seed24: ok(final_y=-0.2608, 51.5s)
[1077/1080] rahbo_a5/nrep10/seed28: ok(final_y=-0.2038, 38.7s)
[1078/1080] rahbo_a5/nrep10/seed27: ok(final_y=0.4969, 40.6s)
[1079/1080] rahbo_a5/nrep10/seed30: ok(final_y=1.916, 38.7s)
[1080/1080] rahbo_a5/nrep10/seed29: ok(final_y=0.4566, 40.4s)

Collected 32400 rows -> /data/zhq7531/IDEAL/hetero_lvgp/study_v2_cat/sweep_results.csv
